<?xml version="1.0" encoding="UTF-8"?>
<coverage generated="1781601198712" clover="3.2.0">
  <project timestamp="1781601198712" name="All files">
    <metrics statements="1082" coveredstatements="306" conditionals="841" coveredconditionals="204" methods="319" coveredmethods="77" elements="2242" coveredelements="587" complexity="0" loc="1082" ncloc="1082" packages="1" files="1" classes="1"/>
    <file name="store.ts" path="C:\Users\tariq\Desktop\work\github\EPROM-egy\services\store.ts">
      <metrics statements="1082" coveredstatements="306" conditionals="841" coveredconditionals="204" methods="319" coveredmethods="77"/>
      <line num="36" count="1" type="stmt"/>
      <line num="45" count="1" type="cond" truecount="2" falsecount="2"/>
      <line num="46" count="0" type="stmt"/>
      <line num="58" count="1" type="cond" truecount="1" falsecount="1"/>
      <line num="62" count="1" type="stmt"/>
      <line num="63" count="0" type="cond" truecount="0" falsecount="2"/>
      <line num="81" count="1" type="stmt"/>
      <line num="95" count="0" type="cond" truecount="0" falsecount="5"/>
      <line num="97" count="0" type="cond" truecount="0" falsecount="2"/>
      <line num="98" count="0" type="stmt"/>
      <line num="99" count="0" type="stmt"/>
      <line num="101" count="0" type="stmt"/>
      <line num="107" count="0" type="stmt"/>
      <line num="115" count="1" type="stmt"/>
      <line num="116" count="1" type="stmt"/>
      <line num="117" count="1" type="stmt"/>
      <line num="118" count="1" type="stmt"/>
      <line num="119" count="1" type="stmt"/>
      <line num="120" count="1" type="stmt"/>
      <line num="121" count="1" type="stmt"/>
      <line num="144" count="57" type="stmt"/>
      <line num="145" count="57" type="stmt"/>
      <line num="146" count="57" type="stmt"/>
      <line num="147" count="57" type="stmt"/>
      <line num="148" count="57" type="stmt"/>
      <line num="149" count="57" type="stmt"/>
      <line num="150" count="57" type="stmt"/>
      <line num="151" count="57" type="stmt"/>
      <line num="152" count="57" type="stmt"/>
      <line num="153" count="57" type="stmt"/>
      <line num="154" count="57" type="stmt"/>
      <line num="155" count="57" type="stmt"/>
      <line num="156" count="57" type="stmt"/>
      <line num="157" count="57" type="stmt"/>
      <line num="158" count="57" type="stmt"/>
      <line num="164" count="57" type="stmt"/>
      <line num="167" count="57" type="stmt"/>
      <line num="168" count="57" type="stmt"/>
      <line num="169" count="57" type="stmt"/>
      <line num="177" count="57" type="stmt"/>
      <line num="178" count="0" type="stmt"/>
      <line num="179" count="0" type="stmt"/>
      <line num="180" count="57" type="stmt"/>
      <line num="181" count="57" type="stmt"/>
      <line num="187" count="57" type="stmt"/>
      <line num="188" count="57" type="stmt"/>
      <line num="194" count="57" type="stmt"/>
      <line num="195" count="57" type="stmt"/>
      <line num="196" count="57" type="stmt"/>
      <line num="202" count="57" type="stmt"/>
      <line num="204" count="57" type="stmt"/>
      <line num="205" count="57" type="stmt"/>
      <line num="206" count="57" type="cond" truecount="1" falsecount="1"/>
      <line num="207" count="0" type="stmt"/>
      <line num="209" count="0" type="cond" truecount="0" falsecount="2"/>
      <line num="210" count="0" type="stmt"/>
      <line num="211" count="0" type="stmt"/>
      <line num="222" count="57" type="stmt"/>
      <line num="223" count="57" type="stmt"/>
      <line num="224" count="57" type="stmt"/>
      <line num="228" count="0" type="stmt"/>
      <line num="229" count="0" type="stmt"/>
      <line num="230" count="0" type="stmt"/>
      <line num="231" count="0" type="stmt"/>
      <line num="238" count="0" type="stmt"/>
      <line num="243" count="57" type="stmt"/>
      <line num="244" count="57" type="cond" truecount="1" falsecount="1"/>
      <line num="245" count="57" type="stmt"/>
      <line num="246" count="57" type="stmt"/>
      <line num="247" count="57" type="stmt"/>
      <line num="248" count="57" type="stmt"/>
      <line num="249" count="57" type="stmt"/>
      <line num="250" count="0" type="stmt"/>
      <line num="251" count="0" type="stmt"/>
      <line num="253" count="0" type="stmt"/>
      <line num="261" count="57" type="stmt"/>
      <line num="262" count="57" type="cond" truecount="1" falsecount="1"/>
      <line num="266" count="0" type="cond" truecount="0" falsecount="2"/>
      <line num="268" count="0" type="stmt"/>
      <line num="271" count="57" type="stmt"/>
      <line num="272" count="57" type="stmt"/>
      <line num="274" count="57" type="stmt"/>
      <line num="280" count="0" type="stmt"/>
      <line num="284" count="57" type="stmt"/>
      <line num="285" count="0" type="stmt"/>
      <line num="286" count="0" type="stmt"/>
      <line num="287" count="0" type="cond" truecount="0" falsecount="2"/>
      <line num="288" count="0" type="stmt"/>
      <line num="289" count="0" type="stmt"/>
      <line num="296" count="2" type="stmt"/>
      <line num="297" count="2" type="stmt"/>
      <line num="298" count="2" type="stmt"/>
      <line num="299" count="2" type="stmt"/>
      <line num="301" count="0" type="stmt"/>
      <line num="302" count="0" type="cond" truecount="0" falsecount="2"/>
      <line num="303" count="0" type="stmt"/>
      <line num="309" count="0" type="stmt"/>
      <line num="317" count="0" type="cond" truecount="0" falsecount="2"/>
      <line num="330" count="0" type="cond" truecount="0" falsecount="4"/>
      <line num="331" count="0" type="stmt"/>
      <line num="333" count="0" type="stmt"/>
      <line num="335" count="0" type="cond" truecount="0" falsecount="2"/>
      <line num="337" count="0" type="cond" truecount="0" falsecount="2"/>
      <line num="338" count="0" type="stmt"/>
      <line num="339" count="0" type="stmt"/>
      <line num="342" count="0" type="stmt"/>
      <line num="346" count="0" type="stmt"/>
      <line num="347" count="0" type="stmt"/>
      <line num="352" count="57" type="stmt"/>
      <line num="353" count="57" type="stmt"/>
      <line num="354" count="57" type="stmt"/>
      <line num="355" count="57" type="stmt"/>
      <line num="356" count="57" type="stmt"/>
      <line num="357" count="57" type="stmt"/>
      <line num="358" count="57" type="stmt"/>
      <line num="359" count="57" type="stmt"/>
      <line num="360" count="57" type="stmt"/>
      <line num="361" count="57" type="stmt"/>
      <line num="362" count="57" type="stmt"/>
      <line num="363" count="57" type="stmt"/>
      <line num="364" count="57" type="stmt"/>
      <line num="365" count="57" type="stmt"/>
      <line num="366" count="57" type="stmt"/>
      <line num="367" count="57" type="stmt"/>
      <line num="368" count="57" type="stmt"/>
      <line num="369" count="57" type="stmt"/>
      <line num="370" count="57" type="stmt"/>
      <line num="371" count="57" type="stmt"/>
      <line num="372" count="57" type="stmt"/>
      <line num="373" count="57" type="stmt"/>
      <line num="374" count="57" type="stmt"/>
      <line num="375" count="57" type="stmt"/>
      <line num="380" count="57" type="stmt"/>
      <line num="381" count="57" type="stmt"/>
      <line num="382" count="0" type="stmt"/>
      <line num="383" count="0" type="stmt"/>
      <line num="385" count="0" type="stmt"/>
      <line num="387" count="57" type="stmt"/>
      <line num="388" count="57" type="stmt"/>
      <line num="397" count="0" type="cond" truecount="0" falsecount="2"/>
      <line num="398" count="0" type="stmt"/>
      <line num="399" count="0" type="stmt"/>
      <line num="400" count="0" type="stmt"/>
      <line num="401" count="0" type="cond" truecount="0" falsecount="2"/>
      <line num="402" count="0" type="stmt"/>
      <line num="403" count="0" type="stmt"/>
      <line num="404" count="0" type="stmt"/>
      <line num="406" count="0" type="stmt"/>
      <line num="407" count="0" type="stmt"/>
      <line num="412" count="0" type="stmt"/>
      <line num="413" count="0" type="cond" truecount="0" falsecount="2"/>
      <line num="414" count="0" type="stmt"/>
      <line num="415" count="0" type="stmt"/>
      <line num="416" count="0" type="stmt"/>
      <line num="420" count="0" type="stmt"/>
      <line num="425" count="0" type="cond" truecount="0" falsecount="2"/>
      <line num="426" count="0" type="stmt"/>
      <line num="427" count="0" type="stmt"/>
      <line num="439" count="0" type="stmt"/>
      <line num="440" count="0" type="stmt"/>
      <line num="452" count="0" type="stmt"/>
      <line num="453" count="0" type="cond" truecount="0" falsecount="2"/>
      <line num="454" count="0" type="stmt"/>
      <line num="455" count="0" type="stmt"/>
      <line num="458" count="0" type="cond" truecount="0" falsecount="2"/>
      <line num="459" count="0" type="stmt"/>
      <line num="460" count="0" type="stmt"/>
      <line num="463" count="0" type="stmt"/>
      <line num="465" count="0" type="stmt"/>
      <line num="473" count="0" type="stmt"/>
      <line num="474" count="0" type="stmt"/>
      <line num="475" count="0" type="stmt"/>
      <line num="476" count="0" type="stmt"/>
      <line num="477" count="0" type="stmt"/>
      <line num="478" count="0" type="stmt"/>
      <line num="481" count="0" type="cond" truecount="0" falsecount="2"/>
      <line num="482" count="0" type="stmt"/>
      <line num="483" count="0" type="stmt"/>
      <line num="484" count="0" type="stmt"/>
      <line num="487" count="0" type="stmt"/>
      <line num="494" count="0" type="stmt"/>
      <line num="498" count="0" type="stmt"/>
      <line num="499" count="0" type="cond" truecount="0" falsecount="2"/>
      <line num="500" count="0" type="stmt"/>
      <line num="501" count="0" type="cond" truecount="0" falsecount="2"/>
      <line num="503" count="0" type="stmt"/>
      <line num="504" count="0" type="cond" truecount="0" falsecount="2"/>
      <line num="505" count="0" type="stmt"/>
      <line num="506" count="0" type="cond" truecount="0" falsecount="2"/>
      <line num="507" count="0" type="stmt"/>
      <line num="508" count="0" type="cond" truecount="0" falsecount="2"/>
      <line num="512" count="0" type="stmt"/>
      <line num="514" count="0" type="stmt"/>
      <line num="520" count="0" type="cond" truecount="0" falsecount="2"/>
      <line num="521" count="0" type="stmt"/>
      <line num="524" count="0" type="stmt"/>
      <line num="526" count="0" type="stmt"/>
      <line num="527" count="0" type="cond" truecount="0" falsecount="2"/>
      <line num="531" count="0" type="stmt"/>
      <line num="534" count="0" type="cond" truecount="0" falsecount="2"/>
      <line num="537" count="0" type="cond" truecount="0" falsecount="3"/>
      <line num="547" count="0" type="cond" truecount="0" falsecount="2"/>
      <line num="548" count="0" type="cond" truecount="0" falsecount="4"/>
      <line num="554" count="0" type="stmt"/>
      <line num="560" count="0" type="stmt"/>
      <line num="562" count="0" type="cond" truecount="0" falsecount="4"/>
      <line num="563" count="0" type="stmt"/>
      <line num="564" count="0" type="cond" truecount="0" falsecount="2"/>
      <line num="565" count="0" type="stmt"/>
      <line num="566" count="0" type="stmt"/>
      <line num="569" count="0" type="stmt"/>
      <line num="572" count="0" type="cond" truecount="0" falsecount="2"/>
      <line num="573" count="0" type="stmt"/>
      <line num="574" count="0" type="cond" truecount="0" falsecount="4"/>
      <line num="575" count="0" type="cond" truecount="0" falsecount="2"/>
      <line num="579" count="0" type="stmt"/>
      <line num="596" count="0" type="cond" truecount="0" falsecount="2"/>
      <line num="597" count="0" type="cond" truecount="0" falsecount="2"/>
      <line num="598" count="0" type="stmt"/>
      <line num="614" count="0" type="stmt"/>
      <line num="615" count="0" type="stmt"/>
      <line num="616" count="0" type="stmt"/>
      <line num="617" count="0" type="cond" truecount="0" falsecount="2"/>
      <line num="624" count="0" type="stmt"/>
      <line num="626" count="0" type="stmt"/>
      <line num="627" count="0" type="stmt"/>
      <line num="628" count="0" type="stmt"/>
      <line num="643" count="0" type="cond" truecount="0" falsecount="4"/>
      <line num="644" count="0" type="stmt"/>
      <line num="645" count="0" type="stmt"/>
      <line num="653" count="0" type="stmt"/>
      <line num="654" count="0" type="stmt"/>
      <line num="666" count="0" type="cond" truecount="0" falsecount="2"/>
      <line num="667" count="0" type="cond" truecount="0" falsecount="2"/>
      <line num="668" count="0" type="stmt"/>
      <line num="676" count="0" type="stmt"/>
      <line num="677" count="0" type="stmt"/>
      <line num="686" count="0" type="stmt"/>
      <line num="688" count="0" type="stmt"/>
      <line num="689" count="0" type="stmt"/>
      <line num="690" count="0" type="stmt"/>
      <line num="694" count="0" type="stmt"/>
      <line num="700" count="0" type="cond" truecount="0" falsecount="2"/>
      <line num="701" count="0" type="stmt"/>
      <line num="703" count="0" type="stmt"/>
      <line num="705" count="0" type="stmt"/>
      <line num="710" count="0" type="stmt"/>
      <line num="712" count="0" type="stmt"/>
      <line num="713" count="0" type="stmt"/>
      <line num="714" count="0" type="stmt"/>
      <line num="723" count="0" type="cond" truecount="0" falsecount="2"/>
      <line num="724" count="0" type="stmt"/>
      <line num="726" count="0" type="stmt"/>
      <line num="728" count="0" type="stmt"/>
      <line num="733" count="0" type="stmt"/>
      <line num="735" count="0" type="stmt"/>
      <line num="736" count="0" type="stmt"/>
      <line num="738" count="0" type="cond" truecount="0" falsecount="2"/>
      <line num="740" count="0" type="stmt"/>
      <line num="741" count="0" type="cond" truecount="0" falsecount="2"/>
      <line num="742" count="0" type="stmt"/>
      <line num="743" count="0" type="stmt"/>
      <line num="746" count="0" type="stmt"/>
      <line num="747" count="0" type="stmt"/>
      <line num="752" count="0" type="stmt"/>
      <line num="754" count="0" type="stmt"/>
      <line num="755" count="0" type="stmt"/>
      <line num="767" count="0" type="stmt"/>
      <line num="772" count="0" type="cond" truecount="0" falsecount="4"/>
      <line num="773" count="0" type="stmt"/>
      <line num="781" count="0" type="stmt"/>
      <line num="782" count="0" type="stmt"/>
      <line num="783" count="0" type="stmt"/>
      <line num="786" count="0" type="cond" truecount="0" falsecount="5"/>
      <line num="789" count="0" type="stmt"/>
      <line num="790" count="0" type="stmt"/>
      <line num="798" count="0" type="stmt"/>
      <line num="799" count="0" type="stmt"/>
      <line num="800" count="0" type="stmt"/>
      <line num="804" count="0" type="stmt"/>
      <line num="806" count="0" type="stmt"/>
      <line num="807" count="0" type="stmt"/>
      <line num="808" count="0" type="stmt"/>
      <line num="814" count="0" type="stmt"/>
      <line num="816" count="0" type="stmt"/>
      <line num="817" count="0" type="stmt"/>
      <line num="826" count="0" type="cond" truecount="0" falsecount="4"/>
      <line num="827" count="0" type="stmt"/>
      <line num="828" count="0" type="cond" truecount="0" falsecount="5"/>
      <line num="829" count="0" type="stmt"/>
      <line num="830" count="0" type="stmt"/>
      <line num="832" count="0" type="stmt"/>
      <line num="834" count="0" type="stmt"/>
      <line num="836" count="0" type="stmt"/>
      <line num="837" count="0" type="stmt"/>
      <line num="838" count="0" type="stmt"/>
      <line num="844" count="0" type="stmt"/>
      <line num="846" count="0" type="stmt"/>
      <line num="847" count="0" type="stmt"/>
      <line num="852" count="0" type="stmt"/>
      <line num="854" count="0" type="stmt"/>
      <line num="855" count="0" type="stmt"/>
      <line num="860" count="0" type="stmt"/>
      <line num="862" count="0" type="stmt"/>
      <line num="863" count="0" type="stmt"/>
      <line num="868" count="0" type="stmt"/>
      <line num="870" count="0" type="stmt"/>
      <line num="871" count="0" type="stmt"/>
      <line num="872" count="0" type="stmt"/>
      <line num="880" count="0" type="stmt"/>
      <line num="889" count="0" type="stmt"/>
      <line num="895" count="0" type="stmt"/>
      <line num="896" count="0" type="stmt"/>
      <line num="901" count="0" type="stmt"/>
      <line num="903" count="0" type="stmt"/>
      <line num="904" count="0" type="stmt"/>
      <line num="911" count="0" type="cond" truecount="0" falsecount="4"/>
      <line num="912" count="0" type="stmt"/>
      <line num="924" count="0" type="stmt"/>
      <line num="925" count="0" type="stmt"/>
      <line num="929" count="0" type="stmt"/>
      <line num="931" count="0" type="stmt"/>
      <line num="932" count="0" type="stmt"/>
      <line num="940" count="0" type="stmt"/>
      <line num="941" count="0" type="cond" truecount="0" falsecount="2"/>
      <line num="942" count="0" type="cond" truecount="0" falsecount="2"/>
      <line num="943" count="0" type="cond" truecount="0" falsecount="2"/>
      <line num="944" count="0" type="stmt"/>
      <line num="948" count="3" type="stmt"/>
      <line num="949" count="3" type="stmt"/>
      <line num="957" count="3" type="stmt"/>
      <line num="958" count="3" type="stmt"/>
      <line num="960" count="3" type="stmt"/>
      <line num="961" count="3" type="cond" truecount="4" falsecount="0"/>
      <line num="962" count="2" type="stmt"/>
      <line num="963" count="2" type="stmt"/>
      <line num="972" count="2" type="stmt"/>
      <line num="975" count="3" type="stmt"/>
      <line num="976" count="3" type="stmt"/>
      <line num="978" count="0" type="stmt"/>
      <line num="979" count="0" type="stmt"/>
      <line num="981" count="3" type="stmt"/>
      <line num="985" count="0" type="stmt"/>
      <line num="986" count="0" type="cond" truecount="0" falsecount="2"/>
      <line num="987" count="0" type="cond" truecount="0" falsecount="2"/>
      <line num="988" count="0" type="stmt"/>
      <line num="998" count="0" type="stmt"/>
      <line num="999" count="0" type="stmt"/>
      <line num="1000" count="0" type="cond" truecount="0" falsecount="4"/>
      <line num="1001" count="0" type="stmt"/>
      <line num="1012" count="0" type="stmt"/>
      <line num="1013" count="0" type="cond" truecount="0" falsecount="2"/>
      <line num="1014" count="0" type="cond" truecount="0" falsecount="2"/>
      <line num="1015" count="0" type="stmt"/>
      <line num="1016" count="0" type="stmt"/>
      <line num="1017" count="0" type="cond" truecount="0" falsecount="5"/>
      <line num="1018" count="0" type="stmt"/>
      <line num="1029" count="3" type="stmt"/>
      <line num="1030" count="3" type="cond" truecount="1" falsecount="1"/>
      <line num="1031" count="3" type="stmt"/>
      <line num="1039" count="3" type="stmt"/>
      <line num="1042" count="3" type="stmt"/>
      <line num="1054" count="0" type="stmt"/>
      <line num="1055" count="0" type="cond" truecount="0" falsecount="2"/>
      <line num="1056" count="0" type="cond" truecount="0" falsecount="2"/>
      <line num="1057" count="0" type="cond" truecount="0" falsecount="2"/>
      <line num="1058" count="0" type="stmt"/>
      <line num="1062" count="0" type="stmt"/>
      <line num="1063" count="0" type="stmt"/>
      <line num="1069" count="0" type="stmt"/>
      <line num="1072" count="0" type="stmt"/>
      <line num="1080" count="0" type="stmt"/>
      <line num="1084" count="0" type="stmt"/>
      <line num="1085" count="0" type="cond" truecount="0" falsecount="2"/>
      <line num="1086" count="0" type="stmt"/>
      <line num="1093" count="0" type="stmt"/>
      <line num="1094" count="0" type="stmt"/>
      <line num="1097" count="0" type="stmt"/>
      <line num="1103" count="0" type="stmt"/>
      <line num="1104" count="0" type="stmt"/>
      <line num="1108" count="0" type="stmt"/>
      <line num="1109" count="0" type="stmt"/>
      <line num="1110" count="0" type="stmt"/>
      <line num="1111" count="0" type="stmt"/>
      <line num="1114" count="0" type="stmt"/>
      <line num="1116" count="0" type="cond" truecount="0" falsecount="2"/>
      <line num="1131" count="0" type="stmt"/>
      <line num="1132" count="0" type="stmt"/>
      <line num="1134" count="0" type="cond" truecount="0" falsecount="4"/>
      <line num="1135" count="0" type="stmt"/>
      <line num="1141" count="0" type="stmt"/>
      <line num="1144" count="0" type="cond" truecount="0" falsecount="2"/>
      <line num="1145" count="0" type="stmt"/>
      <line num="1148" count="0" type="stmt"/>
      <line num="1150" count="0" type="stmt"/>
      <line num="1152" count="0" type="stmt"/>
      <line num="1157" count="0" type="stmt"/>
      <line num="1158" count="0" type="stmt"/>
      <line num="1159" count="0" type="stmt"/>
      <line num="1160" count="0" type="stmt"/>
      <line num="1165" count="0" type="stmt"/>
      <line num="1167" count="0" type="stmt"/>
      <line num="1170" count="0" type="cond" truecount="0" falsecount="2"/>
      <line num="1171" count="0" type="stmt"/>
      <line num="1172" count="0" type="stmt"/>
      <line num="1173" count="0" type="stmt"/>
      <line num="1179" count="0" type="cond" truecount="0" falsecount="2"/>
      <line num="1182" count="0" type="stmt"/>
      <line num="1183" count="0" type="stmt"/>
      <line num="1185" count="0" type="stmt"/>
      <line num="1186" count="0" type="stmt"/>
      <line num="1189" count="0" type="cond" truecount="0" falsecount="2"/>
      <line num="1191" count="0" type="stmt"/>
      <line num="1192" count="0" type="cond" truecount="0" falsecount="2"/>
      <line num="1194" count="0" type="stmt"/>
      <line num="1195" count="0" type="stmt"/>
      <line num="1196" count="0" type="stmt"/>
      <line num="1197" count="0" type="stmt"/>
      <line num="1198" count="0" type="stmt"/>
      <line num="1204" count="0" type="stmt"/>
      <line num="1205" count="0" type="cond" truecount="0" falsecount="2"/>
      <line num="1207" count="0" type="stmt"/>
      <line num="1216" count="0" type="stmt"/>
      <line num="1217" count="0" type="stmt"/>
      <line num="1221" count="0" type="stmt"/>
      <line num="1223" count="0" type="stmt"/>
      <line num="1226" count="0" type="stmt"/>
      <line num="1227" count="0" type="stmt"/>
      <line num="1234" count="0" type="stmt"/>
      <line num="1235" count="0" type="cond" truecount="0" falsecount="4"/>
      <line num="1240" count="0" type="stmt"/>
      <line num="1241" count="0" type="stmt"/>
      <line num="1243" count="0" type="cond" truecount="0" falsecount="4"/>
      <line num="1244" count="0" type="stmt"/>
      <line num="1245" count="0" type="stmt"/>
      <line num="1247" count="0" type="stmt"/>
      <line num="1250" count="0" type="cond" truecount="0" falsecount="2"/>
      <line num="1251" count="0" type="stmt"/>
      <line num="1252" count="0" type="stmt"/>
      <line num="1254" count="0" type="cond" truecount="0" falsecount="2"/>
      <line num="1255" count="0" type="stmt"/>
      <line num="1256" count="0" type="stmt"/>
      <line num="1259" count="0" type="stmt"/>
      <line num="1261" count="0" type="stmt"/>
      <line num="1266" count="0" type="stmt"/>
      <line num="1267" count="0" type="stmt"/>
      <line num="1268" count="0" type="stmt"/>
      <line num="1270" count="0" type="stmt"/>
      <line num="1275" count="0" type="stmt"/>
      <line num="1279" count="0" type="cond" truecount="0" falsecount="2"/>
      <line num="1281" count="0" type="stmt"/>
      <line num="1282" count="0" type="stmt"/>
      <line num="1284" count="0" type="stmt"/>
      <line num="1286" count="0" type="cond" truecount="0" falsecount="2"/>
      <line num="1287" count="0" type="stmt"/>
      <line num="1288" count="0" type="stmt"/>
      <line num="1289" count="0" type="cond" truecount="0" falsecount="2"/>
      <line num="1290" count="0" type="stmt"/>
      <line num="1291" count="0" type="stmt"/>
      <line num="1297" count="0" type="cond" truecount="0" falsecount="2"/>
      <line num="1299" count="0" type="stmt"/>
      <line num="1300" count="0" type="stmt"/>
      <line num="1301" count="0" type="cond" truecount="0" falsecount="2"/>
      <line num="1302" count="0" type="stmt"/>
      <line num="1303" count="0" type="stmt"/>
      <line num="1312" count="0" type="stmt"/>
      <line num="1317" count="0" type="cond" truecount="0" falsecount="4"/>
      <line num="1318" count="0" type="stmt"/>
      <line num="1321" count="0" type="cond" truecount="0" falsecount="2"/>
      <line num="1323" count="0" type="cond" truecount="0" falsecount="5"/>
      <line num="1324" count="0" type="stmt"/>
      <line num="1325" count="0" type="stmt"/>
      <line num="1327" count="0" type="stmt"/>
      <line num="1330" count="0" type="stmt"/>
      <line num="1336" count="8" type="stmt"/>
      <line num="1339" count="8" type="cond" truecount="1" falsecount="1"/>
      <line num="1340" count="0" type="cond" truecount="0" falsecount="2"/>
      <line num="1341" count="0" type="cond" truecount="0" falsecount="2"/>
      <line num="1343" count="8" type="cond" truecount="2" falsecount="2"/>
      <line num="1344" count="0" type="stmt"/>
      <line num="1346" count="8" type="cond" truecount="1" falsecount="1"/>
      <line num="1347" count="0" type="cond" truecount="0" falsecount="2"/>
      <line num="1348" count="0" type="cond" truecount="0" falsecount="2"/>
      <line num="1349" count="0" type="cond" truecount="0" falsecount="2"/>
      <line num="1350" count="0" type="cond" truecount="0" falsecount="2"/>
      <line num="1352" count="8" type="cond" truecount="1" falsecount="1"/>
      <line num="1353" count="0" type="cond" truecount="0" falsecount="2"/>
      <line num="1354" count="0" type="cond" truecount="0" falsecount="2"/>
      <line num="1355" count="0" type="cond" truecount="0" falsecount="2"/>
      <line num="1359" count="8" type="stmt"/>
      <line num="1360" count="70" type="cond" truecount="2" falsecount="0"/>
      <line num="1361" count="3" type="stmt"/>
      <line num="1365" count="8" type="stmt"/>
      <line num="1369" count="2" type="stmt"/>
      <line num="1370" count="2" type="stmt"/>
      <line num="1371" count="2" type="stmt"/>
      <line num="1372" count="2" type="stmt"/>
      <line num="1374" count="2" type="cond" truecount="1" falsecount="1"/>
      <line num="1375" count="0" type="cond" truecount="0" falsecount="4"/>
      <line num="1376" count="0" type="stmt"/>
      <line num="1378" count="0" type="cond" truecount="0" falsecount="4"/>
      <line num="1379" count="0" type="stmt"/>
      <line num="1382" count="2" type="cond" truecount="1" falsecount="1"/>
      <line num="1383" count="0" type="cond" truecount="0" falsecount="4"/>
      <line num="1384" count="0" type="stmt"/>
      <line num="1386" count="0" type="cond" truecount="0" falsecount="4"/>
      <line num="1387" count="0" type="stmt"/>
      <line num="1393" count="2" type="stmt"/>
      <line num="1394" count="2" type="stmt"/>
      <line num="1395" count="2" type="stmt"/>
      <line num="1396" count="2" type="stmt"/>
      <line num="1398" count="0" type="stmt"/>
      <line num="1399" count="0" type="stmt"/>
      <line num="1404" count="0" type="stmt"/>
      <line num="1405" count="0" type="cond" truecount="0" falsecount="2"/>
      <line num="1406" count="0" type="stmt"/>
      <line num="1408" count="0" type="stmt"/>
      <line num="1409" count="0" type="stmt"/>
      <line num="1414" count="3" type="stmt"/>
      <line num="1415" count="3" type="stmt"/>
      <line num="1416" count="3" type="stmt"/>
      <line num="1417" count="3" type="cond" truecount="1" falsecount="1"/>
      <line num="1418" count="3" type="stmt"/>
      <line num="1420" count="0" type="stmt"/>
      <line num="1421" count="0" type="stmt"/>
      <line num="1426" count="0" type="stmt"/>
      <line num="1427" count="0" type="stmt"/>
      <line num="1428" count="0" type="stmt"/>
      <line num="1429" count="0" type="stmt"/>
      <line num="1430" count="0" type="stmt"/>
      <line num="1431" count="0" type="stmt"/>
      <line num="1432" count="0" type="stmt"/>
      <line num="1433" count="0" type="stmt"/>
      <line num="1434" count="0" type="stmt"/>
      <line num="1437" count="0" type="stmt"/>
      <line num="1438" count="0" type="stmt"/>
      <line num="1439" count="0" type="stmt"/>
      <line num="1441" count="0" type="stmt"/>
      <line num="1442" count="0" type="stmt"/>
      <line num="1443" count="0" type="stmt"/>
      <line num="1445" count="0" type="cond" truecount="0" falsecount="2"/>
      <line num="1446" count="0" type="stmt"/>
      <line num="1448" count="0" type="stmt"/>
      <line num="1450" count="0" type="stmt"/>
      <line num="1451" count="0" type="cond" truecount="0" falsecount="2"/>
      <line num="1452" count="0" type="stmt"/>
      <line num="1453" count="0" type="stmt"/>
      <line num="1454" count="0" type="stmt"/>
      <line num="1455" count="0" type="stmt"/>
      <line num="1457" count="0" type="stmt"/>
      <line num="1460" count="0" type="stmt"/>
      <line num="1463" count="0" type="stmt"/>
      <line num="1466" count="0" type="stmt"/>
      <line num="1467" count="0" type="stmt"/>
      <line num="1469" count="0" type="stmt"/>
      <line num="1470" count="0" type="stmt"/>
      <line num="1476" count="7" type="cond" truecount="4" falsecount="0"/>
      <line num="1479" count="8" type="stmt"/>
      <line num="1480" count="5" type="cond" truecount="2" falsecount="0"/>
      <line num="1483" count="4" type="stmt"/>
      <line num="1484" count="4" type="cond" truecount="1" falsecount="1"/>
      <line num="1488" count="0" type="cond" truecount="0" falsecount="4"/>
      <line num="1489" count="0" type="stmt"/>
      <line num="1495" count="0" type="stmt"/>
      <line num="1496" count="0" type="stmt"/>
      <line num="1497" count="0" type="stmt"/>
      <line num="1504" count="0" type="cond" truecount="0" falsecount="2"/>
      <line num="1505" count="0" type="stmt"/>
      <line num="1511" count="0" type="stmt"/>
      <line num="1513" count="0" type="stmt"/>
      <line num="1514" count="0" type="stmt"/>
      <line num="1515" count="0" type="cond" truecount="0" falsecount="2"/>
      <line num="1516" count="0" type="stmt"/>
      <line num="1517" count="0" type="cond" truecount="0" falsecount="2"/>
      <line num="1520" count="0" type="stmt"/>
      <line num="1529" count="0" type="stmt"/>
      <line num="1530" count="0" type="cond" truecount="0" falsecount="2"/>
      <line num="1534" count="0" type="stmt"/>
      <line num="1535" count="0" type="stmt"/>
      <line num="1536" count="0" type="cond" truecount="0" falsecount="3"/>
      <line num="1538" count="0" type="cond" truecount="0" falsecount="5"/>
      <line num="1540" count="0" type="stmt"/>
      <line num="1541" count="0" type="stmt"/>
      <line num="1542" count="0" type="stmt"/>
      <line num="1544" count="0" type="stmt"/>
      <line num="1545" count="0" type="stmt"/>
      <line num="1546" count="0" type="cond" truecount="0" falsecount="2"/>
      <line num="1548" count="0" type="stmt"/>
      <line num="1549" count="0" type="stmt"/>
      <line num="1551" count="0" type="stmt"/>
      <line num="1552" count="0" type="cond" truecount="0" falsecount="2"/>
      <line num="1553" count="0" type="cond" truecount="0" falsecount="2"/>
      <line num="1555" count="0" type="cond" truecount="0" falsecount="2"/>
      <line num="1556" count="0" type="stmt"/>
      <line num="1557" count="0" type="stmt"/>
      <line num="1559" count="0" type="cond" truecount="0" falsecount="4"/>
      <line num="1560" count="0" type="cond" truecount="0" falsecount="2"/>
      <line num="1564" count="0" type="stmt"/>
      <line num="1572" count="0" type="cond" truecount="0" falsecount="2"/>
      <line num="1573" count="0" type="stmt"/>
      <line num="1585" count="0" type="cond" truecount="0" falsecount="2"/>
      <line num="1589" count="0" type="stmt"/>
      <line num="1594" count="3" type="stmt"/>
      <line num="1595" count="2" type="stmt"/>
      <line num="1597" count="2" type="stmt"/>
      <line num="1598" count="3" type="stmt"/>
      <line num="1599" count="3" type="cond" truecount="1" falsecount="1"/>
      <line num="1600" count="3" type="stmt"/>
      <line num="1601" count="2" type="cond" truecount="2" falsecount="0"/>
      <line num="1602" count="1" type="stmt"/>
      <line num="1604" count="2" type="stmt"/>
      <line num="1605" count="2" type="stmt"/>
      <line num="1610" count="2" type="stmt"/>
      <line num="1611" count="1" type="stmt"/>
      <line num="1616" count="0" type="stmt"/>
      <line num="1620" count="8" type="stmt"/>
      <line num="1621" count="8" type="cond" truecount="5" falsecount="0"/>
      <line num="1623" count="7" type="stmt"/>
      <line num="1624" count="7" type="cond" truecount="1" falsecount="1"/>
      <line num="1626" count="7" type="stmt"/>
      <line num="1627" count="7" type="stmt"/>
      <line num="1629" count="7" type="stmt"/>
      <line num="1630" count="8" type="stmt"/>
      <line num="1631" count="8" type="stmt"/>
      <line num="1633" count="8" type="cond" truecount="2" falsecount="0"/>
      <line num="1634" count="6" type="stmt"/>
      <line num="1635" count="6" type="cond" truecount="1" falsecount="1"/>
      <line num="1637" count="6" type="stmt"/>
      <line num="1639" count="6" type="cond" truecount="2" falsecount="0"/>
      <line num="1645" count="6" type="stmt"/>
      <line num="1646" count="6" type="cond" truecount="1" falsecount="1"/>
      <line num="1648" count="6" type="stmt"/>
      <line num="1662" count="7" type="stmt"/>
      <line num="1665" count="1" type="stmt"/>
      <line num="1672" count="0" type="stmt"/>
      <line num="1673" count="0" type="cond" truecount="0" falsecount="5"/>
      <line num="1675" count="0" type="stmt"/>
      <line num="1676" count="0" type="cond" truecount="0" falsecount="2"/>
      <line num="1678" count="0" type="stmt"/>
      <line num="1679" count="0" type="stmt"/>
      <line num="1681" count="0" type="stmt"/>
      <line num="1682" count="0" type="stmt"/>
      <line num="1683" count="0" type="stmt"/>
      <line num="1684" count="0" type="stmt"/>
      <line num="1686" count="0" type="stmt"/>
      <line num="1687" count="0" type="stmt"/>
      <line num="1688" count="0" type="stmt"/>
      <line num="1689" count="0" type="cond" truecount="0" falsecount="2"/>
      <line num="1691" count="0" type="stmt"/>
      <line num="1693" count="0" type="cond" truecount="0" falsecount="2"/>
      <line num="1694" count="0" type="stmt"/>
      <line num="1696" count="0" type="stmt"/>
      <line num="1697" count="0" type="cond" truecount="0" falsecount="4"/>
      <line num="1698" count="0" type="stmt"/>
      <line num="1702" count="0" type="cond" truecount="0" falsecount="2"/>
      <line num="1703" count="0" type="stmt"/>
      <line num="1706" count="0" type="cond" truecount="0" falsecount="2"/>
      <line num="1707" count="0" type="cond" truecount="0" falsecount="3"/>
      <line num="1710" count="0" type="stmt"/>
      <line num="1722" count="0" type="cond" truecount="0" falsecount="2"/>
      <line num="1723" count="0" type="stmt"/>
      <line num="1725" count="0" type="cond" truecount="0" falsecount="5"/>
      <line num="1727" count="0" type="stmt"/>
      <line num="1728" count="0" type="stmt"/>
      <line num="1731" count="0" type="stmt"/>
      <line num="1732" count="0" type="stmt"/>
      <line num="1734" count="0" type="stmt"/>
      <line num="1735" count="0" type="stmt"/>
      <line num="1737" count="0" type="stmt"/>
      <line num="1738" count="0" type="stmt"/>
      <line num="1744" count="0" type="stmt"/>
      <line num="1749" count="25" type="stmt"/>
      <line num="1750" count="25" type="cond" truecount="2" falsecount="0"/>
      <line num="1751" count="24" type="cond" truecount="5" falsecount="1"/>
      <line num="1753" count="14" type="stmt"/>
      <line num="1755" count="2" type="stmt"/>
      <line num="1757" count="2" type="stmt"/>
      <line num="1759" count="3" type="cond" truecount="3" falsecount="1"/>
      <line num="1761" count="3" type="cond" truecount="1" falsecount="1"/>
      <line num="1763" count="0" type="stmt"/>
      <line num="1769" count="11" type="stmt"/>
      <line num="1770" count="11" type="cond" truecount="3" falsecount="0"/>
      <line num="1778" count="0" type="stmt"/>
      <line num="1784" count="0" type="stmt"/>
      <line num="1785" count="0" type="stmt"/>
      <line num="1790" count="11" type="cond" truecount="2" falsecount="0"/>
      <line num="1792" count="10" type="stmt"/>
      <line num="1794" count="10" type="cond" truecount="2" falsecount="0"/>
      <line num="1795" count="2" type="stmt"/>
      <line num="1796" count="1" type="cond" truecount="4" falsecount="0"/>
      <line num="1797" count="2" type="cond" truecount="2" falsecount="0"/>
      <line num="1798" count="1" type="stmt"/>
      <line num="1799" count="0" type="stmt"/>
      <line num="1800" count="1" type="stmt"/>
      <line num="1803" count="8" type="stmt"/>
      <line num="1804" count="6" type="cond" truecount="3" falsecount="0"/>
      <line num="1805" count="0" type="stmt"/>
      <line num="1806" count="8" type="cond" truecount="2" falsecount="0"/>
      <line num="1808" count="11" type="cond" truecount="1" falsecount="1"/>
      <line num="1809" count="0" type="cond" truecount="0" falsecount="2"/>
      <line num="1810" count="0" type="cond" truecount="0" falsecount="2"/>
      <line num="1812" count="0" type="stmt"/>
      <line num="1813" count="0" type="cond" truecount="0" falsecount="2"/>
      <line num="1815" count="0" type="cond" truecount="0" falsecount="4"/>
      <line num="1817" count="0" type="stmt"/>
      <line num="1818" count="0" type="cond" truecount="0" falsecount="2"/>
      <line num="1819" count="0" type="stmt"/>
      <line num="1822" count="8" type="cond" truecount="2" falsecount="0"/>
      <line num="1823" count="2" type="cond" truecount="4" falsecount="0"/>
      <line num="1824" count="1" type="stmt"/>
      <line num="1828" count="6" type="cond" truecount="2" falsecount="0"/>
      <line num="1829" count="5" type="stmt"/>
      <line num="1830" count="5" type="cond" truecount="2" falsecount="0"/>
      <line num="1831" count="3" type="cond" truecount="2" falsecount="0"/>
      <line num="1832" count="2" type="cond" truecount="1" falsecount="1"/>
      <line num="1833" count="5" type="stmt"/>
      <line num="1840" count="11" type="stmt"/>
      <line num="1841" count="11" type="cond" truecount="2" falsecount="0"/>
      <line num="1843" count="10" type="stmt"/>
      <line num="1844" count="10" type="stmt"/>
      <line num="1845" count="11" type="stmt"/>
      <line num="1846" count="11" type="cond" truecount="2" falsecount="0"/>
      <line num="1847" count="10" type="cond" truecount="4" falsecount="0"/>
      <line num="1849" count="10" type="stmt"/>
      <line num="1853" count="7" type="stmt"/>
      <line num="1854" count="7" type="cond" truecount="5" falsecount="0"/>
      <line num="1856" count="5" type="stmt"/>
      <line num="1857" count="5" type="cond" truecount="1" falsecount="1"/>
      <line num="1865" count="5" type="cond" truecount="2" falsecount="0"/>
      <line num="1866" count="7" type="stmt"/>
      <line num="1867" count="5" type="cond" truecount="1" falsecount="1"/>
      <line num="1870" count="7" type="stmt"/>
      <line num="1871" count="7" type="cond" truecount="1" falsecount="1"/>
      <line num="1873" count="5" type="stmt"/>
      <line num="1876" count="5" type="stmt"/>
      <line num="1877" count="28" type="stmt"/>
      <line num="1882" count="28" type="cond" truecount="4" falsecount="0"/>
      <line num="1883" count="24" type="stmt"/>
      <line num="1884" count="28" type="stmt"/>
      <line num="1886" count="28" type="stmt"/>
      <line num="1887" count="28" type="stmt"/>
      <line num="1889" count="28" type="stmt"/>
      <line num="1890" count="5" type="stmt"/>
      <line num="1891" count="5" type="stmt"/>
      <line num="1892" count="5" type="stmt"/>
      <line num="1894" count="5" type="stmt"/>
      <line num="1902" count="5" type="stmt"/>
      <line num="1905" count="28" type="stmt"/>
      <line num="1906" count="28" type="cond" truecount="4" falsecount="0"/>
      <line num="1907" count="27" type="cond" truecount="2" falsecount="0"/>
      <line num="1908" count="2" type="cond" truecount="2" falsecount="0"/>
      <line num="1910" count="28" type="stmt"/>
      <line num="1918" count="28" type="stmt"/>
      <line num="1928" count="0" type="stmt"/>
      <line num="1931" count="55" type="cond" truecount="2" falsecount="0"/>
      <line num="1932" count="12" type="cond" truecount="2" falsecount="0"/>
      <line num="1935" count="0" type="cond" truecount="0" falsecount="2"/>
      <line num="1940" count="0" type="cond" truecount="0" falsecount="4"/>
      <line num="1941" count="0" type="stmt"/>
      <line num="1942" count="0" type="cond" truecount="0" falsecount="2"/>
      <line num="1950" count="42" type="cond" truecount="2" falsecount="0"/>
      <line num="1951" count="20" type="cond" truecount="1" falsecount="1"/>
      <line num="1954" count="0" type="cond" truecount="0" falsecount="3"/>
      <line num="1955" count="5" type="cond" truecount="2" falsecount="1"/>
      <line num="1956" count="0" type="cond" truecount="0" falsecount="3"/>
      <line num="1958" count="0" type="cond" truecount="0" falsecount="3"/>
      <line num="1960" count="0" type="stmt"/>
      <line num="1961" count="92" type="cond" truecount="2" falsecount="0"/>
      <line num="1962" count="0" type="stmt"/>
      <line num="1968" count="0" type="stmt"/>
      <line num="1969" count="0" type="stmt"/>
      <line num="1972" count="0" type="stmt"/>
      <line num="1974" count="0" type="stmt"/>
      <line num="1975" count="0" type="stmt"/>
      <line num="1978" count="0" type="stmt"/>
      <line num="1979" count="0" type="stmt"/>
      <line num="1983" count="5" type="cond" truecount="1" falsecount="1"/>
      <line num="1985" count="5" type="cond" truecount="1" falsecount="1"/>
      <line num="1986" count="5" type="stmt"/>
      <line num="1987" count="5" type="stmt"/>
      <line num="1988" count="5" type="cond" truecount="1" falsecount="1"/>
      <line num="1989" count="5" type="cond" truecount="2" falsecount="2"/>
      <line num="1990" count="0" type="stmt"/>
      <line num="1999" count="0" type="stmt"/>
      <line num="2001" count="0" type="cond" truecount="0" falsecount="3"/>
      <line num="2002" count="0" type="stmt"/>
      <line num="2005" count="0" type="stmt"/>
      <line num="2006" count="0" type="cond" truecount="0" falsecount="3"/>
      <line num="2014" count="0" type="stmt"/>
      <line num="2015" count="0" type="cond" truecount="0" falsecount="2"/>
      <line num="2017" count="0" type="cond" truecount="0" falsecount="2"/>
      <line num="2018" count="0" type="cond" truecount="0" falsecount="2"/>
      <line num="2021" count="0" type="stmt"/>
      <line num="2022" count="0" type="cond" truecount="0" falsecount="3"/>
      <line num="2031" count="24" type="cond" truecount="1" falsecount="1"/>
      <line num="2032" count="24" type="stmt"/>
      <line num="2033" count="24" type="stmt"/>
      <line num="2034" count="24" type="cond" truecount="2" falsecount="0"/>
      <line num="2037" count="23" type="stmt"/>
      <line num="2038" count="23" type="cond" truecount="2" falsecount="0"/>
      <line num="2043" count="22" type="cond" truecount="2" falsecount="0"/>
      <line num="2044" count="5" type="cond" truecount="2" falsecount="0"/>
      <line num="2045" count="4" type="cond" truecount="1" falsecount="1"/>
      <line num="2046" count="5" type="stmt"/>
      <line num="2048" count="4" type="cond" truecount="2" falsecount="0"/>
      <line num="2050" count="5" type="stmt"/>
      <line num="2051" count="5" type="stmt"/>
      <line num="2052" count="5" type="stmt"/>
      <line num="2054" count="3" type="cond" truecount="2" falsecount="0"/>
      <line num="2055" count="3" type="cond" truecount="2" falsecount="0"/>
      <line num="2056" count="3" type="cond" truecount="1" falsecount="1"/>
      <line num="2058" count="3" type="stmt"/>
      <line num="2059" count="3" type="stmt"/>
      <line num="2061" count="3" type="cond" truecount="2" falsecount="0"/>
      <line num="2062" count="3" type="cond" truecount="2" falsecount="0"/>
      <line num="2063" count="3" type="cond" truecount="1" falsecount="1"/>
      <line num="2065" count="3" type="cond" truecount="1" falsecount="1"/>
      <line num="2069" count="18" type="cond" truecount="3" falsecount="2"/>
      <line num="2070" count="18" type="cond" truecount="1" falsecount="1"/>
      <line num="2071" count="18" type="stmt"/>
      <line num="2074" count="18" type="cond" truecount="2" falsecount="0"/>
      <line num="2075" count="6" type="stmt"/>
      <line num="2077" count="12" type="cond" truecount="4" falsecount="0"/>
      <line num="2078" count="12" type="cond" truecount="2" falsecount="0"/>
      <line num="2080" count="3" type="cond" truecount="1" falsecount="1"/>
      <line num="2081" count="2" type="stmt"/>
      <line num="2086" count="22" type="cond" truecount="1" falsecount="1"/>
      <line num="2087" count="22" type="stmt"/>
      <line num="2089" count="22" type="stmt"/>
      <line num="2093" count="0" type="stmt"/>
      <line num="2094" count="0" type="cond" truecount="0" falsecount="2"/>
      <line num="2095" count="0" type="cond" truecount="0" falsecount="2"/>
      <line num="2096" count="0" type="cond" truecount="0" falsecount="2"/>
      <line num="2097" count="0" type="cond" truecount="0" falsecount="2"/>
      <line num="2098" count="0" type="cond" truecount="0" falsecount="4"/>
      <line num="2099" count="0" type="stmt"/>
      <line num="2104" count="0" type="stmt"/>
      <line num="2108" count="0" type="stmt"/>
      <line num="2118" count="0" type="stmt"/>
      <line num="2119" count="0" type="cond" truecount="0" falsecount="3"/>
      <line num="2124" count="0" type="stmt"/>
      <line num="2128" count="0" type="stmt"/>
      <line num="2129" count="0" type="stmt"/>
      <line num="2130" count="0" type="stmt"/>
      <line num="2131" count="0" type="stmt"/>
      <line num="2132" count="0" type="stmt"/>
      <line num="2133" count="0" type="stmt"/>
      <line num="2137" count="0" type="stmt"/>
      <line num="2138" count="0" type="stmt"/>
      <line num="2139" count="0" type="stmt"/>
      <line num="2143" count="0" type="stmt"/>
      <line num="2144" count="0" type="stmt"/>
      <line num="2145" count="0" type="cond" truecount="0" falsecount="2"/>
      <line num="2153" count="0" type="stmt"/>
      <line num="2154" count="0" type="cond" truecount="0" falsecount="3"/>
      <line num="2159" count="0" type="stmt"/>
      <line num="2163" count="0" type="stmt"/>
      <line num="2164" count="0" type="stmt"/>
      <line num="2165" count="0" type="stmt"/>
      <line num="2166" count="0" type="stmt"/>
      <line num="2167" count="0" type="stmt"/>
      <line num="2168" count="0" type="stmt"/>
      <line num="2172" count="0" type="stmt"/>
      <line num="2173" count="0" type="stmt"/>
      <line num="2174" count="0" type="stmt"/>
      <line num="2178" count="0" type="stmt"/>
      <line num="2180" count="0" type="cond" truecount="0" falsecount="2"/>
      <line num="2181" count="0" type="stmt"/>
      <line num="2182" count="0" type="stmt"/>
      <line num="2183" count="0" type="stmt"/>
      <line num="2185" count="0" type="cond" truecount="0" falsecount="2"/>
      <line num="2188" count="0" type="cond" truecount="0" falsecount="2"/>
      <line num="2197" count="22" type="stmt"/>
      <line num="2198" count="22" type="cond" truecount="1" falsecount="1"/>
      <line num="2199" count="22" type="cond" truecount="2" falsecount="0"/>
      <line num="2200" count="22" type="stmt"/>
      <line num="2201" count="0" type="stmt"/>
      <line num="2202" count="0" type="cond" truecount="0" falsecount="2"/>
      <line num="2203" count="22" type="cond" truecount="1" falsecount="1"/>
      <line num="2205" count="22" type="cond" truecount="2" falsecount="3"/>
      <line num="2206" count="22" type="stmt"/>
      <line num="2220" count="0" type="stmt"/>
      <line num="2224" count="0" type="stmt"/>
      <line num="2228" count="0" type="stmt"/>
      <line num="2234" count="22" type="cond" truecount="1" falsecount="1"/>
      <line num="2238" count="0" type="cond" truecount="0" falsecount="2"/>
      <line num="2239" count="0" type="cond" truecount="0" falsecount="2"/>
      <line num="2243" count="0" type="stmt"/>
      <line num="2250" count="57" type="stmt"/>
      <line num="2252" count="0" type="cond" truecount="0" falsecount="2"/>
      <line num="2253" count="0" type="stmt"/>
      <line num="2255" count="0" type="stmt"/>
      <line num="2258" count="0" type="stmt"/>
      <line num="2268" count="0" type="stmt"/>
      <line num="2269" count="0" type="stmt"/>
      <line num="2271" count="0" type="cond" truecount="0" falsecount="7"/>
      <line num="2277" count="0" type="cond" truecount="0" falsecount="2"/>
      <line num="2279" count="0" type="stmt"/>
      <line num="2280" count="0" type="stmt"/>
      <line num="2281" count="0" type="stmt"/>
      <line num="2289" count="0" type="stmt"/>
      <line num="2290" count="0" type="stmt"/>
      <line num="2291" count="0" type="cond" truecount="0" falsecount="2"/>
      <line num="2292" count="0" type="stmt"/>
      <line num="2293" count="0" type="stmt"/>
      <line num="2304" count="0" type="stmt"/>
      <line num="2306" count="0" type="stmt"/>
      <line num="2308" count="0" type="stmt"/>
      <line num="2311" count="0" type="stmt"/>
      <line num="2312" count="0" type="stmt"/>
      <line num="2319" count="0" type="stmt"/>
      <line num="2320" count="0" type="cond" truecount="0" falsecount="2"/>
      <line num="2322" count="0" type="stmt"/>
      <line num="2324" count="0" type="cond" truecount="0" falsecount="2"/>
      <line num="2325" count="0" type="stmt"/>
      <line num="2326" count="0" type="cond" truecount="0" falsecount="2"/>
      <line num="2327" count="0" type="stmt"/>
      <line num="2340" count="0" type="cond" truecount="0" falsecount="4"/>
      <line num="2341" count="0" type="stmt"/>
      <line num="2342" count="0" type="stmt"/>
      <line num="2344" count="0" type="stmt"/>
      <line num="2345" count="0" type="cond" truecount="0" falsecount="3"/>
      <line num="2350" count="0" type="cond" truecount="0" falsecount="2"/>
      <line num="2351" count="0" type="stmt"/>
      <line num="2364" count="0" type="stmt"/>
      <line num="2365" count="0" type="stmt"/>
      <line num="2369" count="0" type="stmt"/>
      <line num="2370" count="0" type="cond" truecount="0" falsecount="2"/>
      <line num="2371" count="0" type="stmt"/>
      <line num="2376" count="0" type="cond" truecount="0" falsecount="2"/>
      <line num="2377" count="0" type="stmt"/>
      <line num="2378" count="0" type="stmt"/>
      <line num="2385" count="2" type="stmt"/>
      <line num="2386" count="2" type="stmt"/>
      <line num="2392" count="2" type="stmt"/>
      <line num="2401" count="0" type="stmt"/>
      <line num="2402" count="0" type="stmt"/>
      <line num="2404" count="0" type="cond" truecount="0" falsecount="5"/>
      <line num="2407" count="0" type="cond" truecount="0" falsecount="2"/>
      <line num="2408" count="0" type="cond" truecount="0" falsecount="2"/>
      <line num="2409" count="0" type="stmt"/>
      <line num="2417" count="0" type="stmt"/>
      <line num="2419" count="0" type="stmt"/>
      <line num="2426" count="0" type="cond" truecount="0" falsecount="2"/>
      <line num="2427" count="0" type="cond" truecount="0" falsecount="2"/>
      <line num="2428" count="0" type="cond" truecount="0" falsecount="2"/>
      <line num="2429" count="0" type="cond" truecount="0" falsecount="2"/>
      <line num="2430" count="0" type="stmt"/>
      <line num="2434" count="0" type="stmt"/>
      <line num="2435" count="0" type="stmt"/>
      <line num="2440" count="0" type="stmt"/>
      <line num="2443" count="0" type="stmt"/>
      <line num="2451" count="0" type="cond" truecount="0" falsecount="2"/>
      <line num="2452" count="0" type="cond" truecount="0" falsecount="2"/>
      <line num="2454" count="0" type="cond" truecount="0" falsecount="2"/>
      <line num="2455" count="0" type="stmt"/>
      <line num="2461" count="0" type="cond" truecount="0" falsecount="2"/>
      <line num="2462" count="0" type="stmt"/>
      <line num="2473" count="0" type="stmt"/>
      <line num="2474" count="0" type="stmt"/>
      <line num="2475" count="0" type="cond" truecount="0" falsecount="2"/>
      <line num="2476" count="0" type="stmt"/>
      <line num="2485" count="0" type="cond" truecount="0" falsecount="2"/>
      <line num="2486" count="0" type="stmt"/>
      <line num="2488" count="0" type="stmt"/>
      <line num="2489" count="0" type="stmt"/>
      <line num="2493" count="2" type="cond" truecount="1" falsecount="1"/>
      <line num="2494" count="2" type="cond" truecount="2" falsecount="2"/>
      <line num="2497" count="2" type="stmt"/>
      <line num="2498" count="2" type="stmt"/>
      <line num="2500" count="2" type="stmt"/>
      <line num="2504" count="0" type="cond" truecount="0" falsecount="2"/>
      <line num="2505" count="0" type="stmt"/>
      <line num="2507" count="0" type="stmt"/>
      <line num="2508" count="0" type="stmt"/>
      <line num="2512" count="2" type="stmt"/>
      <line num="2513" count="2" type="cond" truecount="2" falsecount="0"/>
      <line num="2516" count="2" type="stmt"/>
      <line num="2518" count="5" type="stmt"/>
      <line num="2523" count="2" type="stmt"/>
      <line num="2527" count="0" type="stmt"/>
      <line num="2528" count="0" type="stmt"/>
      <line num="2529" count="0" type="stmt"/>
      <line num="2533" count="0" type="cond" truecount="0" falsecount="2"/>
      <line num="2534" count="0" type="stmt"/>
      <line num="2535" count="0" type="stmt"/>
      <line num="2537" count="0" type="stmt"/>
      <line num="2538" count="0" type="stmt"/>
      <line num="2546" count="0" type="stmt"/>
      <line num="2547" count="0" type="stmt"/>
      <line num="2548" count="0" type="stmt"/>
      <line num="2551" count="0" type="cond" truecount="0" falsecount="2"/>
      <line num="2552" count="0" type="cond" truecount="0" falsecount="4"/>
      <line num="2554" count="0" type="stmt"/>
      <line num="2555" count="0" type="stmt"/>
      <line num="2556" count="0" type="cond" truecount="0" falsecount="2"/>
      <line num="2558" count="0" type="stmt"/>
      <line num="2561" count="0" type="cond" truecount="0" falsecount="2"/>
      <line num="2564" count="0" type="cond" truecount="0" falsecount="2"/>
      <line num="2565" count="0" type="cond" truecount="0" falsecount="2"/>
      <line num="2566" count="0" type="cond" truecount="0" falsecount="2"/>
      <line num="2567" count="0" type="stmt"/>
      <line num="2571" count="0" type="stmt"/>
      <line num="2572" count="0" type="stmt"/>
      <line num="2573" count="0" type="stmt"/>
      <line num="2574" count="0" type="stmt"/>
      <line num="2578" count="0" type="stmt"/>
      <line num="2579" count="0" type="stmt"/>
      <line num="2580" count="0" type="stmt"/>
      <line num="2581" count="0" type="stmt"/>
      <line num="2582" count="0" type="stmt"/>
      <line num="2586" count="0" type="stmt"/>
      <line num="2587" count="0" type="stmt"/>
      <line num="2592" count="0" type="stmt"/>
      <line num="2593" count="0" type="stmt"/>
      <line num="2597" count="0" type="stmt"/>
      <line num="2598" count="0" type="stmt"/>
      <line num="2599" count="0" type="stmt"/>
      <line num="2603" count="0" type="stmt"/>
      <line num="2604" count="0" type="stmt"/>
      <line num="2608" count="0" type="stmt"/>
      <line num="2609" count="0" type="stmt"/>
      <line num="2613" count="0" type="stmt"/>
      <line num="2614" count="0" type="cond" truecount="0" falsecount="2"/>
      <line num="2615" count="0" type="stmt"/>
      <line num="2616" count="0" type="stmt"/>
      <line num="2623" count="0" type="stmt"/>
      <line num="2624" count="0" type="cond" truecount="0" falsecount="2"/>
      <line num="2628" count="0" type="stmt"/>
      <line num="2629" count="0" type="stmt"/>
      <line num="2630" count="0" type="stmt"/>
      <line num="2632" count="0" type="cond" truecount="0" falsecount="2"/>
      <line num="2633" count="0" type="stmt"/>
      <line num="2634" count="0" type="stmt"/>
      <line num="2635" count="0" type="cond" truecount="0" falsecount="2"/>
      <line num="2638" count="0" type="stmt"/>
      <line num="2639" count="0" type="stmt"/>
      <line num="2641" count="0" type="stmt"/>
      <line num="2642" count="0" type="stmt"/>
      <line num="2644" count="0" type="stmt"/>
      <line num="2648" count="0" type="stmt"/>
      <line num="2649" count="0" type="cond" truecount="0" falsecount="2"/>
      <line num="2651" count="0" type="stmt"/>
      <line num="2652" count="0" type="stmt"/>
      <line num="2657" count="0" type="stmt"/>
      <line num="2658" count="0" type="cond" truecount="0" falsecount="2"/>
      <line num="2660" count="0" type="stmt"/>
      <line num="2663" count="0" type="stmt"/>
      <line num="2664" count="0" type="stmt"/>
      <line num="2665" count="0" type="stmt"/>
      <line num="2666" count="0" type="cond" truecount="0" falsecount="2"/>
      <line num="2667" count="0" type="stmt"/>
      <line num="2669" count="0" type="stmt"/>
      <line num="2673" count="0" type="stmt"/>
      <line num="2677" count="0" type="stmt"/>
      <line num="2678" count="0" type="cond" truecount="0" falsecount="2"/>
      <line num="2679" count="0" type="stmt"/>
      <line num="2680" count="0" type="stmt"/>
      <line num="2685" count="0" type="stmt"/>
      <line num="2686" count="0" type="cond" truecount="0" falsecount="2"/>
      <line num="2687" count="0" type="stmt"/>
      <line num="2688" count="0" type="stmt"/>
      <line num="2694" count="0" type="cond" truecount="0" falsecount="4"/>
      <line num="2699" count="0" type="stmt"/>
      <line num="2700" count="0" type="stmt"/>
      <line num="2701" count="0" type="cond" truecount="0" falsecount="2"/>
      <line num="2703" count="0" type="stmt"/>
      <line num="2704" count="0" type="stmt"/>
      <line num="2705" count="0" type="stmt"/>
      <line num="2717" count="0" type="stmt"/>
      <line num="2718" count="0" type="cond" truecount="0" falsecount="3"/>
      <line num="2719" count="0" type="stmt"/>
      <line num="2731" count="0" type="stmt"/>
      <line num="2732" count="0" type="stmt"/>
      <line num="2752" count="0" type="cond" truecount="0" falsecount="2"/>
      <line num="2756" count="0" type="stmt"/>
      <line num="2757" count="0" type="stmt"/>
      <line num="2758" count="0" type="cond" truecount="0" falsecount="2"/>
      <line num="2759" count="0" type="stmt"/>
      <line num="2760" count="0" type="cond" truecount="0" falsecount="2"/>
      <line num="2761" count="0" type="stmt"/>
      <line num="2765" count="1" type="stmt"/>
    </file>
  </project>
</coverage>
