{"C:\\Users\\tariq\\Desktop\\work\\github\\EPROM-egy\\services\\store.ts": {"path":"C:\\Users\\tariq\\Desktop\\work\\github\\EPROM-egy\\services\\store.ts","statementMap":{"0":{"start":{"line":36,"column":22},"end":{"line":38,"column":null}},"1":{"start":{"line":45,"column":0},"end":{"line":50,"column":null}},"2":{"start":{"line":46,"column":2},"end":{"line":49,"column":null}},"3":{"start":{"line":58,"column":13},"end":{"line":60,"column":null}},"4":{"start":{"line":62,"column":13},"end":{"line":64,"column":null}},"5":{"start":{"line":63,"column":2},"end":{"line":64,"column":null}},"6":{"start":{"line":81,"column":26},"end":{"line":81,"column":null}},"7":{"start":{"line":95,"column":2},"end":{"line":95,"column":null}},"8":{"start":{"line":95,"column":55},"end":{"line":95,"column":null}},"9":{"start":{"line":97,"column":2},"end":{"line":97,"column":null}},"10":{"start":{"line":97,"column":31},"end":{"line":97,"column":null}},"11":{"start":{"line":98,"column":2},"end":{"line":108,"column":null}},"12":{"start":{"line":99,"column":4},"end":{"line":99,"column":null}},"13":{"start":{"line":101,"column":4},"end":{"line":106,"column":null}},"14":{"start":{"line":107,"column":4},"end":{"line":107,"column":null}},"15":{"start":{"line":115,"column":7},"end":{"line":122,"column":null}},"16":{"start":{"line":116,"column":2},"end":{"line":116,"column":null}},"17":{"start":{"line":117,"column":2},"end":{"line":117,"column":null}},"18":{"start":{"line":118,"column":2},"end":{"line":118,"column":null}},"19":{"start":{"line":119,"column":2},"end":{"line":119,"column":null}},"20":{"start":{"line":120,"column":2},"end":{"line":120,"column":null}},"21":{"start":{"line":121,"column":2},"end":{"line":121,"column":null}},"22":{"start":{"line":144,"column":26},"end":{"line":144,"column":null}},"23":{"start":{"line":145,"column":31},"end":{"line":145,"column":null}},"24":{"start":{"line":146,"column":28},"end":{"line":146,"column":null}},"25":{"start":{"line":147,"column":38},"end":{"line":147,"column":null}},"26":{"start":{"line":148,"column":38},"end":{"line":148,"column":null}},"27":{"start":{"line":149,"column":32},"end":{"line":149,"column":null}},"28":{"start":{"line":150,"column":42},"end":{"line":150,"column":null}},"29":{"start":{"line":151,"column":38},"end":{"line":151,"column":null}},"30":{"start":{"line":152,"column":38},"end":{"line":152,"column":null}},"31":{"start":{"line":153,"column":34},"end":{"line":153,"column":null}},"32":{"start":{"line":154,"column":46},"end":{"line":154,"column":null}},"33":{"start":{"line":155,"column":56},"end":{"line":155,"column":null}},"34":{"start":{"line":156,"column":46},"end":{"line":156,"column":null}},"35":{"start":{"line":157,"column":60},"end":{"line":157,"column":null}},"36":{"start":{"line":158,"column":32},"end":{"line":158,"column":null}},"37":{"start":{"line":164,"column":28},"end":{"line":164,"column":null}},"38":{"start":{"line":167,"column":25},"end":{"line":167,"column":null}},"39":{"start":{"line":168,"column":41},"end":{"line":168,"column":null}},"40":{"start":{"line":169,"column":33},"end":{"line":169,"column":null}},"41":{"start":{"line":177,"column":29},"end":{"line":177,"column":null}},"42":{"start":{"line":178,"column":9},"end":{"line":178,"column":null}},"43":{"start":{"line":179,"column":10},"end":{"line":179,"column":null}},"44":{"start":{"line":180,"column":21},"end":{"line":182,"column":null}},"45":{"start":{"line":187,"column":24},"end":{"line":187,"column":null}},"46":{"start":{"line":188,"column":52},"end":{"line":188,"column":null}},"47":{"start":{"line":194,"column":36},"end":{"line":194,"column":null}},"48":{"start":{"line":195,"column":42},"end":{"line":195,"column":null}},"49":{"start":{"line":196,"column":37},"end":{"line":196,"column":null}},"50":{"start":{"line":202,"column":28},"end":{"line":213,"column":null}},"51":{"start":{"line":222,"column":24},"end":{"line":222,"column":null}},"52":{"start":{"line":223,"column":28},"end":{"line":223,"column":null}},"53":{"start":{"line":224,"column":28},"end":{"line":224,"column":null}},"54":{"start":{"line":228,"column":2},"end":{"line":233,"column":null}},"55":{"start":{"line":238,"column":2},"end":{"line":238,"column":null}},"56":{"start":{"line":243,"column":10},"end":{"line":257,"column":null}},"57":{"start":{"line":280,"column":2},"end":{"line":280,"column":null}},"58":{"start":{"line":284,"column":44},"end":{"line":284,"column":null}},"59":{"start":{"line":285,"column":2},"end":{"line":285,"column":null}},"60":{"start":{"line":286,"column":2},"end":{"line":291,"column":null}},"61":{"start":{"line":2225,"column":36},"end":{"line":2225,"column":null}},"62":{"start":{"line":178,"column":36},"end":{"line":178,"column":null}},"63":{"start":{"line":181,"column":4},"end":{"line":181,"column":null}},"64":{"start":{"line":204,"column":6},"end":{"line":211,"column":null}},"65":{"start":{"line":205,"column":20},"end":{"line":205,"column":null}},"66":{"start":{"line":206,"column":8},"end":{"line":206,"column":null}},"67":{"start":{"line":206,"column":18},"end":{"line":206,"column":null}},"68":{"start":{"line":207,"column":32},"end":{"line":207,"column":null}},"69":{"start":{"line":209,"column":8},"end":{"line":209,"column":null}},"70":{"start":{"line":209,"column":46},"end":{"line":209,"column":null}},"71":{"start":{"line":210,"column":8},"end":{"line":210,"column":null}},"72":{"start":{"line":211,"column":16},"end":{"line":211,"column":27}},"73":{"start":{"line":229,"column":4},"end":{"line":229,"column":null}},"74":{"start":{"line":230,"column":4},"end":{"line":232,"column":null}},"75":{"start":{"line":231,"column":6},"end":{"line":231,"column":null}},"76":{"start":{"line":238,"column":37},"end":{"line":238,"column":null}},"77":{"start":{"line":244,"column":4},"end":{"line":244,"column":null}},"78":{"start":{"line":244,"column":30},"end":{"line":244,"column":null}},"79":{"start":{"line":245,"column":4},"end":{"line":245,"column":null}},"80":{"start":{"line":246,"column":4},"end":{"line":256,"column":null}},"81":{"start":{"line":247,"column":6},"end":{"line":247,"column":null}},"82":{"start":{"line":248,"column":6},"end":{"line":248,"column":null}},"83":{"start":{"line":249,"column":6},"end":{"line":255,"column":null}},"84":{"start":{"line":250,"column":8},"end":{"line":254,"column":null}},"85":{"start":{"line":251,"column":10},"end":{"line":251,"column":null}},"86":{"start":{"line":253,"column":10},"end":{"line":253,"column":null}},"87":{"start":{"line":261,"column":4},"end":{"line":275,"column":null}},"88":{"start":{"line":262,"column":6},"end":{"line":273,"column":null}},"89":{"start":{"line":266,"column":8},"end":{"line":266,"column":null}},"90":{"start":{"line":266,"column":35},"end":{"line":266,"column":null}},"91":{"start":{"line":268,"column":8},"end":{"line":268,"column":null}},"92":{"start":{"line":271,"column":8},"end":{"line":271,"column":null}},"93":{"start":{"line":272,"column":8},"end":{"line":272,"column":null}},"94":{"start":{"line":274,"column":6},"end":{"line":274,"column":null}},"95":{"start":{"line":280,"column":32},"end":{"line":280,"column":null}},"96":{"start":{"line":285,"column":44},"end":{"line":285,"column":null}},"97":{"start":{"line":287,"column":4},"end":{"line":290,"column":null}},"98":{"start":{"line":288,"column":6},"end":{"line":288,"column":null}},"99":{"start":{"line":289,"column":6},"end":{"line":289,"column":null}},"100":{"start":{"line":296,"column":18},"end":{"line":296,"column":null}},"101":{"start":{"line":297,"column":4},"end":{"line":305,"column":null}},"102":{"start":{"line":298,"column":6},"end":{"line":304,"column":null}},"103":{"start":{"line":299,"column":8},"end":{"line":299,"column":null}},"104":{"start":{"line":301,"column":8},"end":{"line":301,"column":null}},"105":{"start":{"line":302,"column":8},"end":{"line":302,"column":null}},"106":{"start":{"line":302,"column":36},"end":{"line":302,"column":null}},"107":{"start":{"line":303,"column":8},"end":{"line":303,"column":null}},"108":{"start":{"line":303,"column":31},"end":{"line":303,"column":76}},"109":{"start":{"line":309,"column":40},"end":{"line":326,"column":null}},"110":{"start":{"line":317,"column":70},"end":{"line":322,"column":10}},"111":{"start":{"line":330,"column":4},"end":{"line":341,"column":null}},"112":{"start":{"line":331,"column":6},"end":{"line":331,"column":null}},"113":{"start":{"line":333,"column":6},"end":{"line":333,"column":null}},"114":{"start":{"line":335,"column":27},"end":{"line":336,"column":null}},"115":{"start":{"line":337,"column":6},"end":{"line":340,"column":null}},"116":{"start":{"line":338,"column":8},"end":{"line":338,"column":null}},"117":{"start":{"line":339,"column":8},"end":{"line":339,"column":null}},"118":{"start":{"line":342,"column":4},"end":{"line":342,"column":null}},"119":{"start":{"line":346,"column":4},"end":{"line":348,"column":null}},"120":{"start":{"line":347,"column":6},"end":{"line":347,"column":null}},"121":{"start":{"line":352,"column":4},"end":{"line":352,"column":null}},"122":{"start":{"line":353,"column":4},"end":{"line":353,"column":null}},"123":{"start":{"line":354,"column":4},"end":{"line":354,"column":null}},"124":{"start":{"line":355,"column":4},"end":{"line":355,"column":null}},"125":{"start":{"line":356,"column":4},"end":{"line":356,"column":null}},"126":{"start":{"line":357,"column":4},"end":{"line":357,"column":null}},"127":{"start":{"line":357,"column":10},"end":{"line":357,"column":56}},"128":{"start":{"line":358,"column":4},"end":{"line":358,"column":null}},"129":{"start":{"line":359,"column":4},"end":{"line":359,"column":null}},"130":{"start":{"line":360,"column":4},"end":{"line":360,"column":null}},"131":{"start":{"line":361,"column":4},"end":{"line":361,"column":null}},"132":{"start":{"line":362,"column":4},"end":{"line":362,"column":null}},"133":{"start":{"line":363,"column":4},"end":{"line":363,"column":null}},"134":{"start":{"line":364,"column":4},"end":{"line":364,"column":null}},"135":{"start":{"line":365,"column":4},"end":{"line":365,"column":null}},"136":{"start":{"line":366,"column":4},"end":{"line":366,"column":null}},"137":{"start":{"line":367,"column":4},"end":{"line":367,"column":null}},"138":{"start":{"line":368,"column":4},"end":{"line":368,"column":null}},"139":{"start":{"line":369,"column":4},"end":{"line":369,"column":null}},"140":{"start":{"line":370,"column":4},"end":{"line":370,"column":null}},"141":{"start":{"line":371,"column":4},"end":{"line":371,"column":null}},"142":{"start":{"line":372,"column":4},"end":{"line":372,"column":null}},"143":{"start":{"line":373,"column":4},"end":{"line":373,"column":null}},"144":{"start":{"line":374,"column":4},"end":{"line":374,"column":null}},"145":{"start":{"line":375,"column":4},"end":{"line":375,"column":null}},"146":{"start":{"line":380,"column":29},"end":{"line":380,"column":null}},"147":{"start":{"line":381,"column":4},"end":{"line":386,"column":null}},"148":{"start":{"line":382,"column":16},"end":{"line":384,"column":null}},"149":{"start":{"line":383,"column":8},"end":{"line":383,"column":null}},"150":{"start":{"line":385,"column":6},"end":{"line":385,"column":null}},"151":{"start":{"line":385,"column":12},"end":{"line":385,"column":21}},"152":{"start":{"line":385,"column":56},"end":{"line":385,"column":73}},"153":{"start":{"line":387,"column":4},"end":{"line":387,"column":null}},"154":{"start":{"line":388,"column":4},"end":{"line":388,"column":null}},"155":{"start":{"line":397,"column":4},"end":{"line":397,"column":null}},"156":{"start":{"line":397,"column":26},"end":{"line":397,"column":null}},"157":{"start":{"line":398,"column":4},"end":{"line":408,"column":null}},"158":{"start":{"line":399,"column":20},"end":{"line":399,"column":null}},"159":{"start":{"line":400,"column":12},"end":{"line":405,"column":null}},"160":{"start":{"line":401,"column":8},"end":{"line":401,"column":null}},"161":{"start":{"line":401,"column":21},"end":{"line":401,"column":null}},"162":{"start":{"line":402,"column":8},"end":{"line":402,"column":null}},"163":{"start":{"line":403,"column":8},"end":{"line":403,"column":null}},"164":{"start":{"line":404,"column":8},"end":{"line":404,"column":null}},"165":{"start":{"line":406,"column":20},"end":{"line":406,"column":null}},"166":{"start":{"line":407,"column":6},"end":{"line":407,"column":null}},"167":{"start":{"line":412,"column":4},"end":{"line":412,"column":null}},"168":{"start":{"line":413,"column":4},"end":{"line":413,"column":null}},"169":{"start":{"line":413,"column":48},"end":{"line":413,"column":null}},"170":{"start":{"line":414,"column":20},"end":{"line":414,"column":null}},"171":{"start":{"line":415,"column":4},"end":{"line":415,"column":null}},"172":{"start":{"line":416,"column":4},"end":{"line":416,"column":null}},"173":{"start":{"line":416,"column":25},"end":{"line":416,"column":28}},"174":{"start":{"line":420,"column":17},"end":{"line":420,"column":null}},"175":{"start":{"line":425,"column":32},"end":{"line":425,"column":null}},"176":{"start":{"line":426,"column":4},"end":{"line":426,"column":null}},"177":{"start":{"line":427,"column":4},"end":{"line":432,"column":null}},"178":{"start":{"line":439,"column":4},"end":{"line":444,"column":null}},"179":{"start":{"line":440,"column":6},"end":{"line":443,"column":null}},"180":{"start":{"line":452,"column":19},"end":{"line":452,"column":null}},"181":{"start":{"line":453,"column":4},"end":{"line":453,"column":null}},"182":{"start":{"line":453,"column":16},"end":{"line":453,"column":null}},"183":{"start":{"line":454,"column":4},"end":{"line":464,"column":null}},"184":{"start":{"line":455,"column":19},"end":{"line":457,"column":null}},"185":{"start":{"line":458,"column":6},"end":{"line":461,"column":null}},"186":{"start":{"line":459,"column":8},"end":{"line":459,"column":null}},"187":{"start":{"line":460,"column":8},"end":{"line":460,"column":null}},"188":{"start":{"line":463,"column":6},"end":{"line":463,"column":null}},"189":{"start":{"line":465,"column":4},"end":{"line":465,"column":null}},"190":{"start":{"line":473,"column":17},"end":{"line":473,"column":null}},"191":{"start":{"line":474,"column":4},"end":{"line":474,"column":null}},"192":{"start":{"line":474,"column":43},"end":{"line":474,"column":null}},"193":{"start":{"line":475,"column":4},"end":{"line":475,"column":null}},"194":{"start":{"line":475,"column":48},"end":{"line":475,"column":null}},"195":{"start":{"line":476,"column":4},"end":{"line":476,"column":null}},"196":{"start":{"line":476,"column":42},"end":{"line":476,"column":null}},"197":{"start":{"line":477,"column":4},"end":{"line":477,"column":null}},"198":{"start":{"line":478,"column":4},"end":{"line":478,"column":null}},"199":{"start":{"line":481,"column":4},"end":{"line":486,"column":null}},"200":{"start":{"line":482,"column":6},"end":{"line":482,"column":null}},"201":{"start":{"line":483,"column":6},"end":{"line":485,"column":null}},"202":{"start":{"line":484,"column":8},"end":{"line":484,"column":null}},"203":{"start":{"line":487,"column":4},"end":{"line":487,"column":null}},"204":{"start":{"line":494,"column":4},"end":{"line":513,"column":null}},"205":{"start":{"line":498,"column":22},"end":{"line":498,"column":null}},"206":{"start":{"line":499,"column":6},"end":{"line":502,"column":null}},"207":{"start":{"line":500,"column":21},"end":{"line":500,"column":null}},"208":{"start":{"line":501,"column":8},"end":{"line":501,"column":null}},"209":{"start":{"line":503,"column":20},"end":{"line":503,"column":null}},"210":{"start":{"line":504,"column":6},"end":{"line":510,"column":null}},"211":{"start":{"line":505,"column":26},"end":{"line":505,"column":null}},"212":{"start":{"line":506,"column":8},"end":{"line":509,"column":null}},"213":{"start":{"line":507,"column":23},"end":{"line":507,"column":null}},"214":{"start":{"line":508,"column":10},"end":{"line":508,"column":null}},"215":{"start":{"line":512,"column":6},"end":{"line":512,"column":null}},"216":{"start":{"line":514,"column":4},"end":{"line":514,"column":null}},"217":{"start":{"line":520,"column":4},"end":{"line":520,"column":null}},"218":{"start":{"line":520,"column":31},"end":{"line":520,"column":null}},"219":{"start":{"line":521,"column":4},"end":{"line":521,"column":null}},"220":{"start":{"line":524,"column":4},"end":{"line":524,"column":null}},"221":{"start":{"line":526,"column":19},"end":{"line":526,"column":null}},"222":{"start":{"line":527,"column":4},"end":{"line":527,"column":null}},"223":{"start":{"line":527,"column":17},"end":{"line":527,"column":null}},"224":{"start":{"line":531,"column":20},"end":{"line":531,"column":null}},"225":{"start":{"line":534,"column":4},"end":{"line":534,"column":null}},"226":{"start":{"line":534,"column":42},"end":{"line":534,"column":null}},"227":{"start":{"line":537,"column":6},"end":{"line":539,"column":null}},"228":{"start":{"line":547,"column":10},"end":{"line":547,"column":null}},"229":{"start":{"line":548,"column":31},"end":{"line":548,"column":null}},"230":{"start":{"line":554,"column":22},"end":{"line":554,"column":null}},"231":{"start":{"line":560,"column":36},"end":{"line":560,"column":null}},"232":{"start":{"line":562,"column":4},"end":{"line":599,"column":null}},"233":{"start":{"line":563,"column":43},"end":{"line":563,"column":null}},"234":{"start":{"line":564,"column":32},"end":{"line":564,"column":null}},"235":{"start":{"line":565,"column":28},"end":{"line":565,"column":null}},"236":{"start":{"line":566,"column":6},"end":{"line":580,"column":null}},"237":{"start":{"line":569,"column":24},"end":{"line":571,"column":null}},"238":{"start":{"line":572,"column":8},"end":{"line":572,"column":null}},"239":{"start":{"line":572,"column":46},"end":{"line":572,"column":null}},"240":{"start":{"line":573,"column":8},"end":{"line":573,"column":null}},"241":{"start":{"line":574,"column":8},"end":{"line":576,"column":null}},"242":{"start":{"line":575,"column":10},"end":{"line":575,"column":null}},"243":{"start":{"line":575,"column":50},"end":{"line":575,"column":69}},"244":{"start":{"line":579,"column":8},"end":{"line":579,"column":null}},"245":{"start":{"line":596,"column":6},"end":{"line":596,"column":null}},"246":{"start":{"line":597,"column":11},"end":{"line":599,"column":null}},"247":{"start":{"line":598,"column":6},"end":{"line":598,"column":null}},"248":{"start":{"line":614,"column":4},"end":{"line":614,"column":null}},"249":{"start":{"line":615,"column":4},"end":{"line":615,"column":null}},"250":{"start":{"line":616,"column":4},"end":{"line":616,"column":null}},"251":{"start":{"line":617,"column":23},"end":{"line":623,"column":null}},"252":{"start":{"line":624,"column":4},"end":{"line":630,"column":null}},"253":{"start":{"line":626,"column":8},"end":{"line":626,"column":null}},"254":{"start":{"line":626,"column":54},"end":{"line":626,"column":72}},"255":{"start":{"line":627,"column":8},"end":{"line":627,"column":null}},"256":{"start":{"line":628,"column":8},"end":{"line":628,"column":null}},"257":{"start":{"line":643,"column":4},"end":{"line":683,"column":null}},"258":{"start":{"line":644,"column":23},"end":{"line":644,"column":null}},"259":{"start":{"line":645,"column":6},"end":{"line":658,"column":null}},"260":{"start":{"line":653,"column":12},"end":{"line":653,"column":null}},"261":{"start":{"line":653,"column":64},"end":{"line":653,"column":82}},"262":{"start":{"line":654,"column":12},"end":{"line":654,"column":null}},"263":{"start":{"line":666,"column":12},"end":{"line":666,"column":null}},"264":{"start":{"line":667,"column":6},"end":{"line":682,"column":null}},"265":{"start":{"line":668,"column":8},"end":{"line":681,"column":null}},"266":{"start":{"line":676,"column":14},"end":{"line":676,"column":null}},"267":{"start":{"line":676,"column":61},"end":{"line":676,"column":79}},"268":{"start":{"line":677,"column":14},"end":{"line":677,"column":null}},"269":{"start":{"line":686,"column":4},"end":{"line":718,"column":null}},"270":{"start":{"line":688,"column":8},"end":{"line":715,"column":null}},"271":{"start":{"line":689,"column":23},"end":{"line":689,"column":null}},"272":{"start":{"line":690,"column":29},"end":{"line":690,"column":null}},"273":{"start":{"line":692,"column":10},"end":{"line":703,"column":null}},"274":{"start":{"line":693,"column":12},"end":{"line":702,"column":null}},"275":{"start":{"line":694,"column":30},"end":{"line":694,"column":null}},"276":{"start":{"line":696,"column":14},"end":{"line":699,"column":null}},"277":{"start":{"line":697,"column":16},"end":{"line":697,"column":null}},"278":{"start":{"line":698,"column":16},"end":{"line":698,"column":null}},"279":{"start":{"line":701,"column":14},"end":{"line":701,"column":null}},"280":{"start":{"line":705,"column":22},"end":{"line":709,"column":null}},"281":{"start":{"line":711,"column":10},"end":{"line":713,"column":null}},"282":{"start":{"line":712,"column":12},"end":{"line":712,"column":null}},"283":{"start":{"line":714,"column":10},"end":{"line":714,"column":null}},"284":{"start":{"line":716,"column":8},"end":{"line":716,"column":null}},"285":{"start":{"line":721,"column":4},"end":{"line":741,"column":null}},"286":{"start":{"line":723,"column":8},"end":{"line":738,"column":null}},"287":{"start":{"line":724,"column":23},"end":{"line":724,"column":null}},"288":{"start":{"line":725,"column":24},"end":{"line":732,"column":null}},"289":{"start":{"line":734,"column":10},"end":{"line":736,"column":null}},"290":{"start":{"line":735,"column":12},"end":{"line":735,"column":null}},"291":{"start":{"line":737,"column":10},"end":{"line":737,"column":null}},"292":{"start":{"line":739,"column":8},"end":{"line":739,"column":null}},"293":{"start":{"line":744,"column":4},"end":{"line":749,"column":null}},"294":{"start":{"line":746,"column":8},"end":{"line":746,"column":null}},"295":{"start":{"line":746,"column":53},"end":{"line":746,"column":97}},"296":{"start":{"line":747,"column":8},"end":{"line":747,"column":null}},"297":{"start":{"line":752,"column":4},"end":{"line":757,"column":null}},"298":{"start":{"line":754,"column":8},"end":{"line":754,"column":null}},"299":{"start":{"line":754,"column":50},"end":{"line":754,"column":91}},"300":{"start":{"line":755,"column":8},"end":{"line":755,"column":null}},"301":{"start":{"line":767,"column":19},"end":{"line":767,"column":null}},"302":{"start":{"line":772,"column":4},"end":{"line":811,"column":null}},"303":{"start":{"line":773,"column":6},"end":{"line":785,"column":null}},"304":{"start":{"line":781,"column":12},"end":{"line":781,"column":null}},"305":{"start":{"line":781,"column":57},"end":{"line":781,"column":101}},"306":{"start":{"line":782,"column":12},"end":{"line":782,"column":null}},"307":{"start":{"line":783,"column":12},"end":{"line":783,"column":null}},"308":{"start":{"line":786,"column":11},"end":{"line":811,"column":null}},"309":{"start":{"line":789,"column":25},"end":{"line":789,"column":null}},"310":{"start":{"line":790,"column":6},"end":{"line":802,"column":null}},"311":{"start":{"line":798,"column":12},"end":{"line":798,"column":null}},"312":{"start":{"line":798,"column":57},"end":{"line":798,"column":101}},"313":{"start":{"line":799,"column":12},"end":{"line":799,"column":null}},"314":{"start":{"line":800,"column":12},"end":{"line":800,"column":null}},"315":{"start":{"line":804,"column":6},"end":{"line":810,"column":null}},"316":{"start":{"line":806,"column":10},"end":{"line":806,"column":null}},"317":{"start":{"line":806,"column":55},"end":{"line":806,"column":99}},"318":{"start":{"line":807,"column":10},"end":{"line":807,"column":null}},"319":{"start":{"line":808,"column":10},"end":{"line":808,"column":null}},"320":{"start":{"line":814,"column":4},"end":{"line":819,"column":null}},"321":{"start":{"line":816,"column":8},"end":{"line":816,"column":null}},"322":{"start":{"line":816,"column":46},"end":{"line":816,"column":91}},"323":{"start":{"line":817,"column":8},"end":{"line":817,"column":null}},"324":{"start":{"line":826,"column":6},"end":{"line":833,"column":null}},"325":{"start":{"line":827,"column":8},"end":{"line":827,"column":null}},"326":{"start":{"line":828,"column":13},"end":{"line":833,"column":null}},"327":{"start":{"line":829,"column":27},"end":{"line":829,"column":null}},"328":{"start":{"line":830,"column":8},"end":{"line":830,"column":null}},"329":{"start":{"line":832,"column":8},"end":{"line":832,"column":null}},"330":{"start":{"line":834,"column":6},"end":{"line":840,"column":null}},"331":{"start":{"line":836,"column":10},"end":{"line":836,"column":null}},"332":{"start":{"line":836,"column":53},"end":{"line":836,"column":95}},"333":{"start":{"line":837,"column":10},"end":{"line":837,"column":null}},"334":{"start":{"line":838,"column":10},"end":{"line":838,"column":null}},"335":{"start":{"line":844,"column":4},"end":{"line":849,"column":null}},"336":{"start":{"line":846,"column":8},"end":{"line":846,"column":null}},"337":{"start":{"line":846,"column":57},"end":{"line":846,"column":105}},"338":{"start":{"line":847,"column":8},"end":{"line":847,"column":null}},"339":{"start":{"line":852,"column":4},"end":{"line":857,"column":null}},"340":{"start":{"line":854,"column":8},"end":{"line":854,"column":null}},"341":{"start":{"line":854,"column":62},"end":{"line":854,"column":115}},"342":{"start":{"line":855,"column":8},"end":{"line":855,"column":null}},"343":{"start":{"line":860,"column":4},"end":{"line":865,"column":null}},"344":{"start":{"line":862,"column":8},"end":{"line":862,"column":null}},"345":{"start":{"line":862,"column":57},"end":{"line":862,"column":105}},"346":{"start":{"line":863,"column":8},"end":{"line":863,"column":null}},"347":{"start":{"line":868,"column":4},"end":{"line":882,"column":null}},"348":{"start":{"line":870,"column":8},"end":{"line":879,"column":null}},"349":{"start":{"line":871,"column":23},"end":{"line":871,"column":null}},"350":{"start":{"line":872,"column":10},"end":{"line":878,"column":null}},"351":{"start":{"line":880,"column":8},"end":{"line":880,"column":null}},"352":{"start":{"line":889,"column":4},"end":{"line":898,"column":null}},"353":{"start":{"line":895,"column":10},"end":{"line":895,"column":null}},"354":{"start":{"line":895,"column":57},"end":{"line":895,"column":103}},"355":{"start":{"line":896,"column":10},"end":{"line":896,"column":null}},"356":{"start":{"line":901,"column":4},"end":{"line":906,"column":null}},"357":{"start":{"line":903,"column":8},"end":{"line":903,"column":null}},"358":{"start":{"line":903,"column":48},"end":{"line":903,"column":97}},"359":{"start":{"line":904,"column":8},"end":{"line":904,"column":null}},"360":{"start":{"line":911,"column":4},"end":{"line":935,"column":null}},"361":{"start":{"line":912,"column":6},"end":{"line":927,"column":null}},"362":{"start":{"line":924,"column":12},"end":{"line":924,"column":null}},"363":{"start":{"line":924,"column":57},"end":{"line":924,"column":101}},"364":{"start":{"line":925,"column":12},"end":{"line":925,"column":null}},"365":{"start":{"line":929,"column":6},"end":{"line":934,"column":null}},"366":{"start":{"line":931,"column":10},"end":{"line":931,"column":null}},"367":{"start":{"line":931,"column":55},"end":{"line":931,"column":99}},"368":{"start":{"line":932,"column":10},"end":{"line":932,"column":null}},"369":{"start":{"line":940,"column":17},"end":{"line":940,"column":null}},"370":{"start":{"line":941,"column":4},"end":{"line":941,"column":null}},"371":{"start":{"line":941,"column":25},"end":{"line":941,"column":null}},"372":{"start":{"line":941,"column":53},"end":{"line":941,"column":80}},"373":{"start":{"line":942,"column":4},"end":{"line":942,"column":null}},"374":{"start":{"line":942,"column":26},"end":{"line":942,"column":null}},"375":{"start":{"line":942,"column":54},"end":{"line":942,"column":83}},"376":{"start":{"line":943,"column":4},"end":{"line":943,"column":null}},"377":{"start":{"line":943,"column":25},"end":{"line":943,"column":null}},"378":{"start":{"line":943,"column":53},"end":{"line":943,"column":80}},"379":{"start":{"line":944,"column":4},"end":{"line":944,"column":null}},"380":{"start":{"line":948,"column":10},"end":{"line":948,"column":null}},"381":{"start":{"line":949,"column":34},"end":{"line":954,"column":null}},"382":{"start":{"line":957,"column":10},"end":{"line":957,"column":null}},"383":{"start":{"line":958,"column":4},"end":{"line":958,"column":null}},"384":{"start":{"line":960,"column":17},"end":{"line":960,"column":null}},"385":{"start":{"line":960,"column":38},"end":{"line":960,"column":62}},"386":{"start":{"line":961,"column":4},"end":{"line":973,"column":null}},"387":{"start":{"line":962,"column":12},"end":{"line":962,"column":null}},"388":{"start":{"line":963,"column":20},"end":{"line":971,"column":null}},"389":{"start":{"line":972,"column":6},"end":{"line":972,"column":null}},"390":{"start":{"line":975,"column":4},"end":{"line":980,"column":null}},"391":{"start":{"line":976,"column":6},"end":{"line":976,"column":null}},"392":{"start":{"line":978,"column":6},"end":{"line":978,"column":null}},"393":{"start":{"line":979,"column":6},"end":{"line":979,"column":null}},"394":{"start":{"line":981,"column":4},"end":{"line":981,"column":null}},"395":{"start":{"line":985,"column":21},"end":{"line":985,"column":null}},"396":{"start":{"line":985,"column":46},"end":{"line":985,"column":57}},"397":{"start":{"line":986,"column":4},"end":{"line":986,"column":null}},"398":{"start":{"line":986,"column":19},"end":{"line":986,"column":null}},"399":{"start":{"line":987,"column":23},"end":{"line":987,"column":null}},"400":{"start":{"line":988,"column":38},"end":{"line":997,"column":null}},"401":{"start":{"line":998,"column":4},"end":{"line":998,"column":null}},"402":{"start":{"line":999,"column":17},"end":{"line":999,"column":null}},"403":{"start":{"line":999,"column":38},"end":{"line":999,"column":62}},"404":{"start":{"line":1000,"column":4},"end":{"line":1008,"column":null}},"405":{"start":{"line":1001,"column":6},"end":{"line":1007,"column":null}},"406":{"start":{"line":1012,"column":21},"end":{"line":1012,"column":null}},"407":{"start":{"line":1012,"column":46},"end":{"line":1012,"column":57}},"408":{"start":{"line":1013,"column":4},"end":{"line":1013,"column":null}},"409":{"start":{"line":1013,"column":19},"end":{"line":1013,"column":null}},"410":{"start":{"line":1014,"column":23},"end":{"line":1014,"column":null}},"411":{"start":{"line":1015,"column":4},"end":{"line":1015,"column":null}},"412":{"start":{"line":1016,"column":17},"end":{"line":1016,"column":null}},"413":{"start":{"line":1016,"column":38},"end":{"line":1016,"column":62}},"414":{"start":{"line":1017,"column":4},"end":{"line":1025,"column":null}},"415":{"start":{"line":1018,"column":6},"end":{"line":1024,"column":null}},"416":{"start":{"line":1029,"column":21},"end":{"line":1029,"column":null}},"417":{"start":{"line":1029,"column":46},"end":{"line":1029,"column":57}},"418":{"start":{"line":1030,"column":4},"end":{"line":1049,"column":null}},"419":{"start":{"line":1031,"column":30},"end":{"line":1038,"column":null}},"420":{"start":{"line":1039,"column":6},"end":{"line":1039,"column":null}},"421":{"start":{"line":1042,"column":6},"end":{"line":1048,"column":null}},"422":{"start":{"line":1054,"column":17},"end":{"line":1054,"column":null}},"423":{"start":{"line":1055,"column":4},"end":{"line":1055,"column":null}},"424":{"start":{"line":1055,"column":28},"end":{"line":1055,"column":null}},"425":{"start":{"line":1055,"column":56},"end":{"line":1055,"column":89}},"426":{"start":{"line":1056,"column":4},"end":{"line":1056,"column":null}},"427":{"start":{"line":1056,"column":26},"end":{"line":1056,"column":null}},"428":{"start":{"line":1056,"column":54},"end":{"line":1056,"column":83}},"429":{"start":{"line":1057,"column":4},"end":{"line":1057,"column":null}},"430":{"start":{"line":1057,"column":30},"end":{"line":1057,"column":null}},"431":{"start":{"line":1057,"column":58},"end":{"line":1057,"column":95}},"432":{"start":{"line":1058,"column":4},"end":{"line":1058,"column":null}},"433":{"start":{"line":1062,"column":10},"end":{"line":1062,"column":null}},"434":{"start":{"line":1063,"column":38},"end":{"line":1068,"column":null}},"435":{"start":{"line":1069,"column":4},"end":{"line":1069,"column":null}},"436":{"start":{"line":1072,"column":4},"end":{"line":1078,"column":null}},"437":{"start":{"line":1080,"column":4},"end":{"line":1080,"column":null}},"438":{"start":{"line":1084,"column":23},"end":{"line":1084,"column":null}},"439":{"start":{"line":1084,"column":50},"end":{"line":1084,"column":61}},"440":{"start":{"line":1085,"column":4},"end":{"line":1087,"column":null}},"441":{"start":{"line":1086,"column":6},"end":{"line":1086,"column":null}},"442":{"start":{"line":1093,"column":4},"end":{"line":1093,"column":null}},"443":{"start":{"line":1094,"column":4},"end":{"line":1094,"column":null}},"444":{"start":{"line":1097,"column":4},"end":{"line":1097,"column":null}},"445":{"start":{"line":1103,"column":25},"end":{"line":1103,"column":null}},"446":{"start":{"line":1104,"column":29},"end":{"line":1104,"column":null}},"447":{"start":{"line":1108,"column":4},"end":{"line":1108,"column":null}},"448":{"start":{"line":1109,"column":4},"end":{"line":1153,"column":null}},"449":{"start":{"line":1110,"column":29},"end":{"line":1110,"column":null}},"450":{"start":{"line":1111,"column":19},"end":{"line":1111,"column":null}},"451":{"start":{"line":1114,"column":30},"end":{"line":1114,"column":null}},"452":{"start":{"line":1114,"column":51},"end":{"line":1114,"column":103}},"453":{"start":{"line":1116,"column":35},"end":{"line":1129,"column":null}},"454":{"start":{"line":1131,"column":6},"end":{"line":1139,"column":null}},"455":{"start":{"line":1132,"column":8},"end":{"line":1132,"column":null}},"456":{"start":{"line":1134,"column":8},"end":{"line":1136,"column":null}},"457":{"start":{"line":1135,"column":10},"end":{"line":1135,"column":null}},"458":{"start":{"line":1141,"column":6},"end":{"line":1141,"column":null}},"459":{"start":{"line":1144,"column":6},"end":{"line":1146,"column":null}},"460":{"start":{"line":1145,"column":8},"end":{"line":1145,"column":null}},"461":{"start":{"line":1148,"column":6},"end":{"line":1148,"column":null}},"462":{"start":{"line":1150,"column":6},"end":{"line":1150,"column":null}},"463":{"start":{"line":1152,"column":6},"end":{"line":1152,"column":null}},"464":{"start":{"line":1157,"column":4},"end":{"line":1262,"column":null}},"465":{"start":{"line":1158,"column":27},"end":{"line":1158,"column":null}},"466":{"start":{"line":1159,"column":29},"end":{"line":1159,"column":null}},"467":{"start":{"line":1160,"column":19},"end":{"line":1160,"column":null}},"468":{"start":{"line":1165,"column":6},"end":{"line":1165,"column":null}},"469":{"start":{"line":1167,"column":26},"end":{"line":1167,"column":null}},"470":{"start":{"line":1167,"column":47},"end":{"line":1167,"column":64}},"471":{"start":{"line":1170,"column":25},"end":{"line":1170,"column":null}},"472":{"start":{"line":1170,"column":48},"end":{"line":1170,"column":121}},"473":{"start":{"line":1171,"column":6},"end":{"line":1177,"column":null}},"474":{"start":{"line":1172,"column":8},"end":{"line":1176,"column":null}},"475":{"start":{"line":1173,"column":10},"end":{"line":1173,"column":null}},"476":{"start":{"line":1179,"column":6},"end":{"line":1248,"column":null}},"477":{"start":{"line":1182,"column":8},"end":{"line":1187,"column":null}},"478":{"start":{"line":1183,"column":10},"end":{"line":1183,"column":null}},"479":{"start":{"line":1185,"column":10},"end":{"line":1185,"column":null}},"480":{"start":{"line":1186,"column":10},"end":{"line":1186,"column":null}},"481":{"start":{"line":1189,"column":8},"end":{"line":1224,"column":null}},"482":{"start":{"line":1191,"column":31},"end":{"line":1191,"column":null}},"483":{"start":{"line":1191,"column":52},"end":{"line":1191,"column":104}},"484":{"start":{"line":1192,"column":11},"end":{"line":1202,"column":null}},"485":{"start":{"line":1194,"column":38},"end":{"line":1194,"column":null}},"486":{"start":{"line":1195,"column":14},"end":{"line":1201,"column":null}},"487":{"start":{"line":1196,"column":16},"end":{"line":1196,"column":null}},"488":{"start":{"line":1197,"column":16},"end":{"line":1197,"column":null}},"489":{"start":{"line":1198,"column":16},"end":{"line":1198,"column":null}},"490":{"start":{"line":1204,"column":36},"end":{"line":1204,"column":null}},"491":{"start":{"line":1205,"column":11},"end":{"line":1222,"column":null}},"492":{"start":{"line":1207,"column":41},"end":{"line":1215,"column":null}},"493":{"start":{"line":1216,"column":14},"end":{"line":1220,"column":null}},"494":{"start":{"line":1217,"column":16},"end":{"line":1217,"column":null}},"495":{"start":{"line":1221,"column":14},"end":{"line":1221,"column":null}},"496":{"start":{"line":1223,"column":11},"end":{"line":1223,"column":null}},"497":{"start":{"line":1226,"column":21},"end":{"line":1226,"column":null}},"498":{"start":{"line":1227,"column":24},"end":{"line":1232,"column":null}},"499":{"start":{"line":1234,"column":33},"end":{"line":1234,"column":null}},"500":{"start":{"line":1235,"column":8},"end":{"line":1242,"column":null}},"501":{"start":{"line":1240,"column":11},"end":{"line":1240,"column":null}},"502":{"start":{"line":1241,"column":11},"end":{"line":1241,"column":null}},"503":{"start":{"line":1243,"column":8},"end":{"line":1246,"column":null}},"504":{"start":{"line":1244,"column":11},"end":{"line":1244,"column":null}},"505":{"start":{"line":1245,"column":11},"end":{"line":1245,"column":null}},"506":{"start":{"line":1247,"column":8},"end":{"line":1247,"column":null}},"507":{"start":{"line":1250,"column":6},"end":{"line":1253,"column":null}},"508":{"start":{"line":1251,"column":10},"end":{"line":1251,"column":null}},"509":{"start":{"line":1252,"column":10},"end":{"line":1252,"column":null}},"510":{"start":{"line":1254,"column":6},"end":{"line":1257,"column":null}},"511":{"start":{"line":1255,"column":10},"end":{"line":1255,"column":null}},"512":{"start":{"line":1256,"column":10},"end":{"line":1256,"column":null}},"513":{"start":{"line":1259,"column":6},"end":{"line":1259,"column":null}},"514":{"start":{"line":1261,"column":6},"end":{"line":1261,"column":null}},"515":{"start":{"line":1266,"column":4},"end":{"line":1271,"column":null}},"516":{"start":{"line":1267,"column":6},"end":{"line":1267,"column":null}},"517":{"start":{"line":1268,"column":6},"end":{"line":1268,"column":null}},"518":{"start":{"line":1270,"column":6},"end":{"line":1270,"column":null}},"519":{"start":{"line":1275,"column":4},"end":{"line":1275,"column":null}},"520":{"start":{"line":1279,"column":4},"end":{"line":1279,"column":null}},"521":{"start":{"line":1279,"column":27},"end":{"line":1279,"column":null}},"522":{"start":{"line":1281,"column":17},"end":{"line":1281,"column":null}},"523":{"start":{"line":1282,"column":29},"end":{"line":1282,"column":null}},"524":{"start":{"line":1284,"column":18},"end":{"line":1284,"column":null}},"525":{"start":{"line":1284,"column":39},"end":{"line":1284,"column":56}},"526":{"start":{"line":1286,"column":4},"end":{"line":1314,"column":null}},"527":{"start":{"line":1287,"column":6},"end":{"line":1313,"column":null}},"528":{"start":{"line":1288,"column":24},"end":{"line":1288,"column":null}},"529":{"start":{"line":1289,"column":8},"end":{"line":1310,"column":null}},"530":{"start":{"line":1290,"column":24},"end":{"line":1290,"column":null}},"531":{"start":{"line":1291,"column":11},"end":{"line":1296,"column":null}},"532":{"start":{"line":1297,"column":15},"end":{"line":1310,"column":null}},"533":{"start":{"line":1299,"column":16},"end":{"line":1299,"column":null}},"534":{"start":{"line":1300,"column":28},"end":{"line":1300,"column":null}},"535":{"start":{"line":1301,"column":10},"end":{"line":1309,"column":null}},"536":{"start":{"line":1302,"column":25},"end":{"line":1302,"column":null}},"537":{"start":{"line":1303,"column":12},"end":{"line":1308,"column":null}},"538":{"start":{"line":1312,"column":8},"end":{"line":1312,"column":null}},"539":{"start":{"line":1317,"column":4},"end":{"line":1319,"column":null}},"540":{"start":{"line":1318,"column":6},"end":{"line":1318,"column":null}},"541":{"start":{"line":1318,"column":37},"end":{"line":1318,"column":89}},"542":{"start":{"line":1321,"column":4},"end":{"line":1328,"column":null}},"543":{"start":{"line":1323,"column":6},"end":{"line":1326,"column":null}},"544":{"start":{"line":1324,"column":8},"end":{"line":1324,"column":null}},"545":{"start":{"line":1325,"column":8},"end":{"line":1325,"column":null}},"546":{"start":{"line":1327,"column":6},"end":{"line":1327,"column":null}},"547":{"start":{"line":1330,"column":4},"end":{"line":1330,"column":null}},"548":{"start":{"line":1336,"column":20},"end":{"line":1336,"column":null}},"549":{"start":{"line":1339,"column":4},"end":{"line":1342,"column":null}},"550":{"start":{"line":1340,"column":6},"end":{"line":1340,"column":null}},"551":{"start":{"line":1340,"column":29},"end":{"line":1340,"column":null}},"552":{"start":{"line":1341,"column":6},"end":{"line":1341,"column":null}},"553":{"start":{"line":1341,"column":30},"end":{"line":1341,"column":null}},"554":{"start":{"line":1343,"column":4},"end":{"line":1345,"column":null}},"555":{"start":{"line":1344,"column":6},"end":{"line":1344,"column":null}},"556":{"start":{"line":1346,"column":4},"end":{"line":1351,"column":null}},"557":{"start":{"line":1347,"column":6},"end":{"line":1347,"column":null}},"558":{"start":{"line":1347,"column":23},"end":{"line":1347,"column":null}},"559":{"start":{"line":1348,"column":6},"end":{"line":1348,"column":null}},"560":{"start":{"line":1348,"column":36},"end":{"line":1348,"column":null}},"561":{"start":{"line":1349,"column":6},"end":{"line":1349,"column":null}},"562":{"start":{"line":1349,"column":35},"end":{"line":1349,"column":null}},"563":{"start":{"line":1350,"column":6},"end":{"line":1350,"column":null}},"564":{"start":{"line":1350,"column":36},"end":{"line":1350,"column":null}},"565":{"start":{"line":1352,"column":4},"end":{"line":1356,"column":null}},"566":{"start":{"line":1353,"column":6},"end":{"line":1353,"column":null}},"567":{"start":{"line":1353,"column":36},"end":{"line":1353,"column":null}},"568":{"start":{"line":1354,"column":6},"end":{"line":1354,"column":null}},"569":{"start":{"line":1354,"column":35},"end":{"line":1354,"column":null}},"570":{"start":{"line":1355,"column":6},"end":{"line":1355,"column":null}},"571":{"start":{"line":1355,"column":36},"end":{"line":1355,"column":null}},"572":{"start":{"line":1359,"column":4},"end":{"line":1363,"column":null}},"573":{"start":{"line":1360,"column":6},"end":{"line":1362,"column":null}},"574":{"start":{"line":1361,"column":8},"end":{"line":1361,"column":null}},"575":{"start":{"line":1365,"column":4},"end":{"line":1365,"column":null}},"576":{"start":{"line":1369,"column":32},"end":{"line":1369,"column":null}},"577":{"start":{"line":1370,"column":41},"end":{"line":1370,"column":null}},"578":{"start":{"line":1371,"column":57},"end":{"line":1371,"column":null}},"579":{"start":{"line":1372,"column":35},"end":{"line":1372,"column":null}},"580":{"start":{"line":1374,"column":4},"end":{"line":1381,"column":null}},"581":{"start":{"line":1375,"column":6},"end":{"line":1377,"column":null}},"582":{"start":{"line":1376,"column":8},"end":{"line":1376,"column":null}},"583":{"start":{"line":1378,"column":6},"end":{"line":1380,"column":null}},"584":{"start":{"line":1379,"column":8},"end":{"line":1379,"column":null}},"585":{"start":{"line":1382,"column":4},"end":{"line":1389,"column":null}},"586":{"start":{"line":1383,"column":6},"end":{"line":1385,"column":null}},"587":{"start":{"line":1384,"column":8},"end":{"line":1384,"column":null}},"588":{"start":{"line":1386,"column":6},"end":{"line":1388,"column":null}},"589":{"start":{"line":1387,"column":8},"end":{"line":1387,"column":null}},"590":{"start":{"line":1393,"column":4},"end":{"line":1400,"column":null}},"591":{"start":{"line":1394,"column":6},"end":{"line":1394,"column":null}},"592":{"start":{"line":1395,"column":22},"end":{"line":1395,"column":null}},"593":{"start":{"line":1396,"column":6},"end":{"line":1396,"column":null}},"594":{"start":{"line":1398,"column":6},"end":{"line":1398,"column":null}},"595":{"start":{"line":1399,"column":6},"end":{"line":1399,"column":null}},"596":{"start":{"line":1404,"column":4},"end":{"line":1410,"column":null}},"597":{"start":{"line":1405,"column":20},"end":{"line":1405,"column":null}},"598":{"start":{"line":1406,"column":6},"end":{"line":1406,"column":null}},"599":{"start":{"line":1408,"column":6},"end":{"line":1408,"column":null}},"600":{"start":{"line":1409,"column":6},"end":{"line":1409,"column":null}},"601":{"start":{"line":1414,"column":4},"end":{"line":1422,"column":null}},"602":{"start":{"line":1415,"column":22},"end":{"line":1415,"column":null}},"603":{"start":{"line":1416,"column":30},"end":{"line":1416,"column":null}},"604":{"start":{"line":1417,"column":20},"end":{"line":1417,"column":null}},"605":{"start":{"line":1418,"column":6},"end":{"line":1418,"column":null}},"606":{"start":{"line":1420,"column":6},"end":{"line":1420,"column":null}},"607":{"start":{"line":1421,"column":6},"end":{"line":1421,"column":null}},"608":{"start":{"line":1426,"column":4},"end":{"line":1471,"column":null}},"609":{"start":{"line":1427,"column":21},"end":{"line":1427,"column":null}},"610":{"start":{"line":1428,"column":6},"end":{"line":1468,"column":null}},"611":{"start":{"line":1429,"column":20},"end":{"line":1429,"column":null}},"612":{"start":{"line":1430,"column":8},"end":{"line":1465,"column":null}},"613":{"start":{"line":1431,"column":25},"end":{"line":1431,"column":null}},"614":{"start":{"line":1432,"column":27},"end":{"line":1432,"column":null}},"615":{"start":{"line":1433,"column":24},"end":{"line":1433,"column":null}},"616":{"start":{"line":1434,"column":25},"end":{"line":1434,"column":null}},"617":{"start":{"line":1437,"column":23},"end":{"line":1437,"column":null}},"618":{"start":{"line":1438,"column":16},"end":{"line":1438,"column":null}},"619":{"start":{"line":1439,"column":16},"end":{"line":1439,"column":null}},"620":{"start":{"line":1441,"column":10},"end":{"line":1441,"column":null}},"621":{"start":{"line":1442,"column":10},"end":{"line":1442,"column":null}},"622":{"start":{"line":1443,"column":22},"end":{"line":1443,"column":null}},"623":{"start":{"line":1445,"column":10},"end":{"line":1464,"column":null}},"624":{"start":{"line":1446,"column":12},"end":{"line":1446,"column":null}},"625":{"start":{"line":1448,"column":28},"end":{"line":1448,"column":null}},"626":{"start":{"line":1450,"column":25},"end":{"line":1450,"column":null}},"627":{"start":{"line":1451,"column":12},"end":{"line":1461,"column":null}},"628":{"start":{"line":1452,"column":14},"end":{"line":1452,"column":null}},"629":{"start":{"line":1453,"column":14},"end":{"line":1458,"column":null}},"630":{"start":{"line":1454,"column":16},"end":{"line":1454,"column":null}},"631":{"start":{"line":1455,"column":16},"end":{"line":1455,"column":null}},"632":{"start":{"line":1457,"column":16},"end":{"line":1457,"column":null}},"633":{"start":{"line":1460,"column":14},"end":{"line":1460,"column":null}},"634":{"start":{"line":1463,"column":12},"end":{"line":1463,"column":null}},"635":{"start":{"line":1466,"column":8},"end":{"line":1466,"column":null}},"636":{"start":{"line":1467,"column":8},"end":{"line":1467,"column":null}},"637":{"start":{"line":1469,"column":6},"end":{"line":1469,"column":null}},"638":{"start":{"line":1470,"column":6},"end":{"line":1470,"column":null}},"639":{"start":{"line":1476,"column":4},"end":{"line":1476,"column":null}},"640":{"start":{"line":1476,"column":60},"end":{"line":1476,"column":null}},"641":{"start":{"line":1479,"column":28},"end":{"line":1479,"column":null}},"642":{"start":{"line":1479,"column":49},"end":{"line":1479,"column":72}},"643":{"start":{"line":1480,"column":4},"end":{"line":1480,"column":null}},"644":{"start":{"line":1480,"column":25},"end":{"line":1480,"column":null}},"645":{"start":{"line":1483,"column":41},"end":{"line":1483,"column":null}},"646":{"start":{"line":1484,"column":4},"end":{"line":1484,"column":null}},"647":{"start":{"line":1488,"column":4},"end":{"line":1490,"column":null}},"648":{"start":{"line":1489,"column":6},"end":{"line":1489,"column":null}},"649":{"start":{"line":1495,"column":25},"end":{"line":1496,"column":null}},"650":{"start":{"line":1496,"column":19},"end":{"line":1496,"column":42}},"651":{"start":{"line":1497,"column":4},"end":{"line":1497,"column":null}},"652":{"start":{"line":1504,"column":4},"end":{"line":1504,"column":null}},"653":{"start":{"line":1504,"column":32},"end":{"line":1504,"column":null}},"654":{"start":{"line":1505,"column":4},"end":{"line":1505,"column":null}},"655":{"start":{"line":1511,"column":19},"end":{"line":1511,"column":null}},"656":{"start":{"line":1513,"column":17},"end":{"line":1513,"column":null}},"657":{"start":{"line":1514,"column":4},"end":{"line":1519,"column":null}},"658":{"start":{"line":1515,"column":6},"end":{"line":1515,"column":null}},"659":{"start":{"line":1515,"column":27},"end":{"line":1515,"column":null}},"660":{"start":{"line":1516,"column":6},"end":{"line":1518,"column":null}},"661":{"start":{"line":1517,"column":8},"end":{"line":1517,"column":null}},"662":{"start":{"line":1517,"column":31},"end":{"line":1517,"column":null}},"663":{"start":{"line":1520,"column":4},"end":{"line":1520,"column":null}},"664":{"start":{"line":1529,"column":21},"end":{"line":1529,"column":null}},"665":{"start":{"line":1530,"column":4},"end":{"line":1530,"column":null}},"666":{"start":{"line":1530,"column":19},"end":{"line":1530,"column":null}},"667":{"start":{"line":1534,"column":18},"end":{"line":1534,"column":null}},"668":{"start":{"line":1535,"column":17},"end":{"line":1537,"column":null}},"669":{"start":{"line":1536,"column":11},"end":{"line":1536,"column":null}},"670":{"start":{"line":1538,"column":4},"end":{"line":1538,"column":null}},"671":{"start":{"line":1538,"column":71},"end":{"line":1538,"column":null}},"672":{"start":{"line":1540,"column":18},"end":{"line":1540,"column":null}},"673":{"start":{"line":1541,"column":22},"end":{"line":1541,"column":null}},"674":{"start":{"line":1542,"column":25},"end":{"line":1542,"column":null}},"675":{"start":{"line":1544,"column":4},"end":{"line":1583,"column":null}},"676":{"start":{"line":1544,"column":17},"end":{"line":1544,"column":20}},"677":{"start":{"line":1545,"column":19},"end":{"line":1545,"column":null}},"678":{"start":{"line":1546,"column":6},"end":{"line":1546,"column":null}},"679":{"start":{"line":1546,"column":28},"end":{"line":1546,"column":null}},"680":{"start":{"line":1548,"column":21},"end":{"line":1548,"column":null}},"681":{"start":{"line":1549,"column":23},"end":{"line":1549,"column":null}},"682":{"start":{"line":1551,"column":61},"end":{"line":1551,"column":null}},"683":{"start":{"line":1552,"column":6},"end":{"line":1553,"column":null}},"684":{"start":{"line":1552,"column":25},"end":{"line":1552,"column":null}},"685":{"start":{"line":1553,"column":11},"end":{"line":1553,"column":null}},"686":{"start":{"line":1553,"column":31},"end":{"line":1553,"column":null}},"687":{"start":{"line":1555,"column":6},"end":{"line":1582,"column":null}},"688":{"start":{"line":1556,"column":8},"end":{"line":1556,"column":null}},"689":{"start":{"line":1557,"column":8},"end":{"line":1557,"column":null}},"690":{"start":{"line":1559,"column":8},"end":{"line":1581,"column":null}},"691":{"start":{"line":1560,"column":26},"end":{"line":1562,"column":null}},"692":{"start":{"line":1564,"column":10},"end":{"line":1570,"column":null}},"693":{"start":{"line":1572,"column":10},"end":{"line":1580,"column":null}},"694":{"start":{"line":1573,"column":12},"end":{"line":1579,"column":null}},"695":{"start":{"line":1585,"column":4},"end":{"line":1590,"column":null}},"696":{"start":{"line":1589,"column":6},"end":{"line":1589,"column":null}},"697":{"start":{"line":1594,"column":22},"end":{"line":1594,"column":null}},"698":{"start":{"line":1594,"column":45},"end":{"line":1594,"column":76}},"699":{"start":{"line":1595,"column":114},"end":{"line":1595,"column":null}},"700":{"start":{"line":1597,"column":4},"end":{"line":1608,"column":null}},"701":{"start":{"line":1598,"column":18},"end":{"line":1598,"column":null}},"702":{"start":{"line":1599,"column":6},"end":{"line":1607,"column":null}},"703":{"start":{"line":1600,"column":8},"end":{"line":1606,"column":null}},"704":{"start":{"line":1601,"column":10},"end":{"line":1603,"column":null}},"705":{"start":{"line":1602,"column":12},"end":{"line":1602,"column":null}},"706":{"start":{"line":1604,"column":10},"end":{"line":1604,"column":null}},"707":{"start":{"line":1605,"column":10},"end":{"line":1605,"column":null}},"708":{"start":{"line":1610,"column":4},"end":{"line":1616,"column":null}},"709":{"start":{"line":1611,"column":19},"end":{"line":1615,"column":8}},"710":{"start":{"line":1616,"column":22},"end":{"line":1616,"column":45}},"711":{"start":{"line":1620,"column":17},"end":{"line":1620,"column":null}},"712":{"start":{"line":1621,"column":4},"end":{"line":1621,"column":null}},"713":{"start":{"line":1621,"column":55},"end":{"line":1621,"column":null}},"714":{"start":{"line":1623,"column":16},"end":{"line":1623,"column":null}},"715":{"start":{"line":1624,"column":4},"end":{"line":1624,"column":null}},"716":{"start":{"line":1624,"column":14},"end":{"line":1624,"column":null}},"717":{"start":{"line":1626,"column":25},"end":{"line":1626,"column":null}},"718":{"start":{"line":1627,"column":54},"end":{"line":1627,"column":null}},"719":{"start":{"line":1629,"column":4},"end":{"line":1660,"column":null}},"720":{"start":{"line":1630,"column":27},"end":{"line":1630,"column":null}},"721":{"start":{"line":1631,"column":18},"end":{"line":1631,"column":null}},"722":{"start":{"line":1633,"column":6},"end":{"line":1659,"column":null}},"723":{"start":{"line":1634,"column":22},"end":{"line":1634,"column":null}},"724":{"start":{"line":1635,"column":26},"end":{"line":1635,"column":null}},"725":{"start":{"line":1637,"column":31},"end":{"line":1637,"column":null}},"726":{"start":{"line":1637,"column":62},"end":{"line":1637,"column":100}},"727":{"start":{"line":1639,"column":35},"end":{"line":1643,"column":null}},"728":{"start":{"line":1645,"column":27},"end":{"line":1645,"column":null}},"729":{"start":{"line":1646,"column":8},"end":{"line":1646,"column":null}},"730":{"start":{"line":1648,"column":8},"end":{"line":1658,"column":null}},"731":{"start":{"line":1662,"column":4},"end":{"line":1668,"column":null}},"732":{"start":{"line":1665,"column":54},"end":{"line":1665,"column":67}},"733":{"start":{"line":1672,"column":17},"end":{"line":1672,"column":null}},"734":{"start":{"line":1673,"column":4},"end":{"line":1673,"column":null}},"735":{"start":{"line":1673,"column":55},"end":{"line":1673,"column":null}},"736":{"start":{"line":1675,"column":16},"end":{"line":1675,"column":null}},"737":{"start":{"line":1676,"column":4},"end":{"line":1676,"column":null}},"738":{"start":{"line":1676,"column":14},"end":{"line":1676,"column":null}},"739":{"start":{"line":1678,"column":25},"end":{"line":1678,"column":null}},"740":{"start":{"line":1679,"column":22},"end":{"line":1679,"column":null}},"741":{"start":{"line":1679,"column":60},"end":{"line":1679,"column":79}},"742":{"start":{"line":1681,"column":32},"end":{"line":1681,"column":null}},"743":{"start":{"line":1682,"column":40},"end":{"line":1682,"column":null}},"744":{"start":{"line":1683,"column":34},"end":{"line":1683,"column":null}},"745":{"start":{"line":1684,"column":31},"end":{"line":1684,"column":null}},"746":{"start":{"line":1686,"column":4},"end":{"line":1742,"column":null}},"747":{"start":{"line":1687,"column":27},"end":{"line":1687,"column":null}},"748":{"start":{"line":1688,"column":20},"end":{"line":1688,"column":null}},"749":{"start":{"line":1689,"column":6},"end":{"line":1689,"column":null}},"750":{"start":{"line":1689,"column":18},"end":{"line":1689,"column":null}},"751":{"start":{"line":1691,"column":28},"end":{"line":1691,"column":null}},"752":{"start":{"line":1693,"column":6},"end":{"line":1700,"column":null}},"753":{"start":{"line":1694,"column":8},"end":{"line":1694,"column":null}},"754":{"start":{"line":1696,"column":25},"end":{"line":1696,"column":null}},"755":{"start":{"line":1697,"column":8},"end":{"line":1699,"column":null}},"756":{"start":{"line":1698,"column":10},"end":{"line":1698,"column":null}},"757":{"start":{"line":1702,"column":6},"end":{"line":1741,"column":null}},"758":{"start":{"line":1703,"column":27},"end":{"line":1703,"column":null}},"759":{"start":{"line":1703,"column":47},"end":{"line":1703,"column":72}},"760":{"start":{"line":1706,"column":23},"end":{"line":1708,"column":null}},"761":{"start":{"line":1707,"column":41},"end":{"line":1707,"column":109}},"762":{"start":{"line":1710,"column":21},"end":{"line":1720,"column":null}},"763":{"start":{"line":1722,"column":8},"end":{"line":1740,"column":null}},"764":{"start":{"line":1723,"column":10},"end":{"line":1723,"column":null}},"765":{"start":{"line":1725,"column":10},"end":{"line":1739,"column":null}},"766":{"start":{"line":1727,"column":14},"end":{"line":1727,"column":null}},"767":{"start":{"line":1728,"column":14},"end":{"line":1728,"column":null}},"768":{"start":{"line":1731,"column":14},"end":{"line":1731,"column":null}},"769":{"start":{"line":1732,"column":14},"end":{"line":1732,"column":null}},"770":{"start":{"line":1734,"column":14},"end":{"line":1734,"column":null}},"771":{"start":{"line":1735,"column":14},"end":{"line":1735,"column":null}},"772":{"start":{"line":1737,"column":14},"end":{"line":1737,"column":null}},"773":{"start":{"line":1738,"column":14},"end":{"line":1738,"column":null}},"774":{"start":{"line":1744,"column":4},"end":{"line":1744,"column":null}},"775":{"start":{"line":1749,"column":17},"end":{"line":1749,"column":null}},"776":{"start":{"line":1750,"column":4},"end":{"line":1750,"column":null}},"777":{"start":{"line":1750,"column":15},"end":{"line":1750,"column":null}},"778":{"start":{"line":1751,"column":4},"end":{"line":1764,"column":null}},"779":{"start":{"line":1753,"column":8},"end":{"line":1753,"column":null}},"780":{"start":{"line":1755,"column":8},"end":{"line":1755,"column":null}},"781":{"start":{"line":1757,"column":8},"end":{"line":1757,"column":null}},"782":{"start":{"line":1759,"column":8},"end":{"line":1759,"column":null}},"783":{"start":{"line":1761,"column":8},"end":{"line":1761,"column":null}},"784":{"start":{"line":1763,"column":8},"end":{"line":1763,"column":null}},"785":{"start":{"line":1769,"column":4},"end":{"line":1773,"column":null}},"786":{"start":{"line":1770,"column":6},"end":{"line":1772,"column":null}},"787":{"start":{"line":1778,"column":4},"end":{"line":1778,"column":null}},"788":{"start":{"line":1778,"column":44},"end":{"line":1778,"column":72}},"789":{"start":{"line":1784,"column":4},"end":{"line":1785,"column":null}},"790":{"start":{"line":1785,"column":17},"end":{"line":1785,"column":52}},"791":{"start":{"line":1790,"column":4},"end":{"line":1790,"column":null}},"792":{"start":{"line":1790,"column":39},"end":{"line":1790,"column":null}},"793":{"start":{"line":1792,"column":16},"end":{"line":1792,"column":null}},"794":{"start":{"line":1794,"column":4},"end":{"line":1801,"column":null}},"795":{"start":{"line":1795,"column":28},"end":{"line":1796,"column":null}},"796":{"start":{"line":1796,"column":8},"end":{"line":1796,"column":95}},"797":{"start":{"line":1797,"column":6},"end":{"line":1797,"column":null}},"798":{"start":{"line":1797,"column":38},"end":{"line":1797,"column":null}},"799":{"start":{"line":1798,"column":21},"end":{"line":1799,"column":null}},"800":{"start":{"line":1799,"column":8},"end":{"line":1799,"column":77}},"801":{"start":{"line":1800,"column":6},"end":{"line":1800,"column":null}},"802":{"start":{"line":1803,"column":28},"end":{"line":1805,"column":null}},"803":{"start":{"line":1804,"column":19},"end":{"line":1804,"column":83}},"804":{"start":{"line":1805,"column":22},"end":{"line":1805,"column":77}},"805":{"start":{"line":1806,"column":21},"end":{"line":1806,"column":null}},"806":{"start":{"line":1808,"column":4},"end":{"line":1820,"column":null}},"807":{"start":{"line":1809,"column":12},"end":{"line":1809,"column":null}},"808":{"start":{"line":1810,"column":18},"end":{"line":1810,"column":null}},"809":{"start":{"line":1812,"column":20},"end":{"line":1812,"column":null}},"810":{"start":{"line":1813,"column":6},"end":{"line":1813,"column":null}},"811":{"start":{"line":1813,"column":25},"end":{"line":1813,"column":null}},"812":{"start":{"line":1815,"column":6},"end":{"line":1815,"column":null}},"813":{"start":{"line":1815,"column":43},"end":{"line":1815,"column":null}},"814":{"start":{"line":1817,"column":19},"end":{"line":1817,"column":null}},"815":{"start":{"line":1818,"column":6},"end":{"line":1818,"column":null}},"816":{"start":{"line":1818,"column":23},"end":{"line":1818,"column":null}},"817":{"start":{"line":1819,"column":6},"end":{"line":1819,"column":null}},"818":{"start":{"line":1822,"column":4},"end":{"line":1825,"column":null}},"819":{"start":{"line":1823,"column":6},"end":{"line":1823,"column":null}},"820":{"start":{"line":1823,"column":67},"end":{"line":1823,"column":null}},"821":{"start":{"line":1824,"column":6},"end":{"line":1824,"column":null}},"822":{"start":{"line":1828,"column":4},"end":{"line":1828,"column":null}},"823":{"start":{"line":1828,"column":19},"end":{"line":1828,"column":null}},"824":{"start":{"line":1829,"column":17},"end":{"line":1829,"column":null}},"825":{"start":{"line":1830,"column":4},"end":{"line":1832,"column":null}},"826":{"start":{"line":1830,"column":37},"end":{"line":1830,"column":null}},"827":{"start":{"line":1831,"column":9},"end":{"line":1832,"column":null}},"828":{"start":{"line":1831,"column":43},"end":{"line":1831,"column":null}},"829":{"start":{"line":1832,"column":9},"end":{"line":1832,"column":null}},"830":{"start":{"line":1832,"column":45},"end":{"line":1832,"column":null}},"831":{"start":{"line":1833,"column":4},"end":{"line":1833,"column":null}},"832":{"start":{"line":1840,"column":18},"end":{"line":1840,"column":null}},"833":{"start":{"line":1841,"column":4},"end":{"line":1841,"column":null}},"834":{"start":{"line":1841,"column":28},"end":{"line":1841,"column":null}},"835":{"start":{"line":1843,"column":32},"end":{"line":1843,"column":null}},"836":{"start":{"line":1844,"column":4},"end":{"line":1848,"column":null}},"837":{"start":{"line":1845,"column":18},"end":{"line":1845,"column":null}},"838":{"start":{"line":1846,"column":6},"end":{"line":1846,"column":null}},"839":{"start":{"line":1846,"column":16},"end":{"line":1846,"column":null}},"840":{"start":{"line":1847,"column":6},"end":{"line":1847,"column":null}},"841":{"start":{"line":1847,"column":39},"end":{"line":1847,"column":null}},"842":{"start":{"line":1849,"column":4},"end":{"line":1849,"column":null}},"843":{"start":{"line":1853,"column":17},"end":{"line":1853,"column":null}},"844":{"start":{"line":1854,"column":4},"end":{"line":1854,"column":null}},"845":{"start":{"line":1854,"column":55},"end":{"line":1854,"column":null}},"846":{"start":{"line":1856,"column":23},"end":{"line":1856,"column":null}},"847":{"start":{"line":1857,"column":4},"end":{"line":1857,"column":null}},"848":{"start":{"line":1857,"column":21},"end":{"line":1857,"column":null}},"849":{"start":{"line":1860,"column":26},"end":{"line":1860,"column":null}},"850":{"start":{"line":1861,"column":21},"end":{"line":1861,"column":null}},"851":{"start":{"line":1861,"column":51},"end":{"line":1861,"column":106}},"852":{"start":{"line":1863,"column":25},"end":{"line":1863,"column":null}},"853":{"start":{"line":1864,"column":4},"end":{"line":1864,"column":null}},"854":{"start":{"line":1864,"column":29},"end":{"line":1864,"column":null}},"855":{"start":{"line":1866,"column":43},"end":{"line":1866,"column":null}},"856":{"start":{"line":1869,"column":4},"end":{"line":1911,"column":null}},"857":{"start":{"line":1869,"column":17},"end":{"line":1869,"column":35}},"858":{"start":{"line":1870,"column":20},"end":{"line":1870,"column":null}},"859":{"start":{"line":1873,"column":25},"end":{"line":1873,"column":null}},"860":{"start":{"line":1874,"column":6},"end":{"line":1879,"column":null}},"861":{"start":{"line":1875,"column":28},"end":{"line":1875,"column":null}},"862":{"start":{"line":1875,"column":42},"end":{"line":1875,"column":87}},"863":{"start":{"line":1876,"column":8},"end":{"line":1878,"column":null}},"864":{"start":{"line":1877,"column":10},"end":{"line":1877,"column":null}},"865":{"start":{"line":1881,"column":47},"end":{"line":1881,"column":null}},"866":{"start":{"line":1882,"column":27},"end":{"line":1882,"column":null}},"867":{"start":{"line":1884,"column":6},"end":{"line":1898,"column":null}},"868":{"start":{"line":1885,"column":29},"end":{"line":1885,"column":null}},"869":{"start":{"line":1886,"column":20},"end":{"line":1886,"column":null}},"870":{"start":{"line":1887,"column":22},"end":{"line":1887,"column":null}},"871":{"start":{"line":1889,"column":8},"end":{"line":1895,"column":null}},"872":{"start":{"line":1897,"column":8},"end":{"line":1897,"column":null}},"873":{"start":{"line":1900,"column":104},"end":{"line":1900,"column":null}},"874":{"start":{"line":1901,"column":6},"end":{"line":1903,"column":null}},"875":{"start":{"line":1901,"column":59},"end":{"line":1901,"column":null}},"876":{"start":{"line":1902,"column":11},"end":{"line":1903,"column":null}},"877":{"start":{"line":1902,"column":36},"end":{"line":1902,"column":null}},"878":{"start":{"line":1903,"column":11},"end":{"line":1903,"column":null}},"879":{"start":{"line":1903,"column":36},"end":{"line":1903,"column":null}},"880":{"start":{"line":1905,"column":6},"end":{"line":1910,"column":null}},"881":{"start":{"line":1913,"column":4},"end":{"line":1917,"column":null}},"882":{"start":{"line":1923,"column":4},"end":{"line":1923,"column":null}},"883":{"start":{"line":1923,"column":32},"end":{"line":1923,"column":77}},"884":{"start":{"line":1926,"column":28},"end":{"line":1926,"column":87}},"885":{"start":{"line":1926,"column":56},"end":{"line":1926,"column":84}},"886":{"start":{"line":1927,"column":30},"end":{"line":1927,"column":88}},"887":{"start":{"line":1927,"column":57},"end":{"line":1927,"column":85}},"888":{"start":{"line":1929,"column":42},"end":{"line":1929,"column":121}},"889":{"start":{"line":1929,"column":105},"end":{"line":1929,"column":118}},"890":{"start":{"line":1930,"column":40},"end":{"line":1930,"column":115}},"891":{"start":{"line":1930,"column":99},"end":{"line":1930,"column":112}},"892":{"start":{"line":1931,"column":41},"end":{"line":1931,"column":118}},"893":{"start":{"line":1931,"column":102},"end":{"line":1931,"column":115}},"894":{"start":{"line":1933,"column":4},"end":{"line":1933,"column":null}},"895":{"start":{"line":1933,"column":34},"end":{"line":1933,"column":94}},"896":{"start":{"line":1935,"column":24},"end":{"line":1935,"column":49}},"897":{"start":{"line":1936,"column":25},"end":{"line":1936,"column":85}},"898":{"start":{"line":1936,"column":54},"end":{"line":1936,"column":82}},"899":{"start":{"line":1937,"column":20},"end":{"line":1937,"column":38}},"900":{"start":{"line":1943,"column":4},"end":{"line":1951,"column":null}},"901":{"start":{"line":1944,"column":19},"end":{"line":1946,"column":null}},"902":{"start":{"line":1947,"column":6},"end":{"line":1947,"column":null}},"903":{"start":{"line":1947,"column":33},"end":{"line":1947,"column":74}},"904":{"start":{"line":1949,"column":6},"end":{"line":1949,"column":null}},"905":{"start":{"line":1950,"column":6},"end":{"line":1950,"column":null}},"906":{"start":{"line":1953,"column":21},"end":{"line":1953,"column":43}},"907":{"start":{"line":1954,"column":31},"end":{"line":1954,"column":76}},"908":{"start":{"line":1954,"column":62},"end":{"line":1954,"column":73}},"909":{"start":{"line":1958,"column":4},"end":{"line":1958,"column":null}},"910":{"start":{"line":1958,"column":17},"end":{"line":1958,"column":null}},"911":{"start":{"line":1960,"column":4},"end":{"line":1960,"column":null}},"912":{"start":{"line":1960,"column":30},"end":{"line":1960,"column":null}},"913":{"start":{"line":1961,"column":4},"end":{"line":1961,"column":null}},"914":{"start":{"line":1962,"column":17},"end":{"line":1962,"column":null}},"915":{"start":{"line":1962,"column":44},"end":{"line":1962,"column":59}},"916":{"start":{"line":1963,"column":4},"end":{"line":1963,"column":null}},"917":{"start":{"line":1963,"column":15},"end":{"line":1963,"column":null}},"918":{"start":{"line":1964,"column":4},"end":{"line":1964,"column":null}},"919":{"start":{"line":1964,"column":51},"end":{"line":1964,"column":null}},"920":{"start":{"line":1965,"column":4},"end":{"line":1965,"column":null}},"921":{"start":{"line":1974,"column":27},"end":{"line":1978,"column":null}},"922":{"start":{"line":1976,"column":21},"end":{"line":1976,"column":99}},"923":{"start":{"line":1977,"column":18},"end":{"line":1977,"column":22}},"924":{"start":{"line":1980,"column":4},"end":{"line":1985,"column":null}},"925":{"start":{"line":1981,"column":6},"end":{"line":1983,"column":null}},"926":{"start":{"line":1989,"column":17},"end":{"line":1989,"column":null}},"927":{"start":{"line":1990,"column":4},"end":{"line":1990,"column":null}},"928":{"start":{"line":1990,"column":15},"end":{"line":1990,"column":null}},"929":{"start":{"line":1992,"column":4},"end":{"line":1994,"column":null}},"930":{"start":{"line":1993,"column":7},"end":{"line":1993,"column":null}},"931":{"start":{"line":1993,"column":37},"end":{"line":1993,"column":86}},"932":{"start":{"line":1996,"column":4},"end":{"line":2000,"column":null}},"933":{"start":{"line":1997,"column":8},"end":{"line":1999,"column":null}},"934":{"start":{"line":2006,"column":4},"end":{"line":2010,"column":null}},"935":{"start":{"line":2007,"column":23},"end":{"line":2007,"column":null}},"936":{"start":{"line":2008,"column":21},"end":{"line":2008,"column":null}},"937":{"start":{"line":2009,"column":6},"end":{"line":2009,"column":null}},"938":{"start":{"line":2009,"column":32},"end":{"line":2009,"column":null}},"939":{"start":{"line":2012,"column":18},"end":{"line":2012,"column":null}},"940":{"start":{"line":2013,"column":4},"end":{"line":2013,"column":null}},"941":{"start":{"line":2013,"column":16},"end":{"line":2013,"column":null}},"942":{"start":{"line":2018,"column":4},"end":{"line":2059,"column":null}},"943":{"start":{"line":2019,"column":28},"end":{"line":2019,"column":null}},"944":{"start":{"line":2019,"column":57},"end":{"line":2019,"column":104}},"945":{"start":{"line":2020,"column":6},"end":{"line":2022,"column":null}},"946":{"start":{"line":2021,"column":8},"end":{"line":2021,"column":null}},"947":{"start":{"line":2021,"column":54},"end":{"line":2021,"column":67}},"948":{"start":{"line":2023,"column":6},"end":{"line":2041,"column":null}},"949":{"start":{"line":2023,"column":42},"end":{"line":2023,"column":54}},"950":{"start":{"line":2025,"column":22},"end":{"line":2025,"column":null}},"951":{"start":{"line":2025,"column":50},"end":{"line":2025,"column":67}},"952":{"start":{"line":2026,"column":22},"end":{"line":2026,"column":null}},"953":{"start":{"line":2026,"column":50},"end":{"line":2026,"column":67}},"954":{"start":{"line":2027,"column":21},"end":{"line":2027,"column":null}},"955":{"start":{"line":2027,"column":49},"end":{"line":2027,"column":69}},"956":{"start":{"line":2029,"column":24},"end":{"line":2029,"column":null}},"957":{"start":{"line":2029,"column":66},"end":{"line":2029,"column":79}},"958":{"start":{"line":2030,"column":24},"end":{"line":2030,"column":null}},"959":{"start":{"line":2030,"column":66},"end":{"line":2030,"column":79}},"960":{"start":{"line":2031,"column":23},"end":{"line":2031,"column":null}},"961":{"start":{"line":2031,"column":63},"end":{"line":2031,"column":76}},"962":{"start":{"line":2033,"column":26},"end":{"line":2033,"column":null}},"963":{"start":{"line":2034,"column":28},"end":{"line":2034,"column":null}},"964":{"start":{"line":2036,"column":8},"end":{"line":2036,"column":null}},"965":{"start":{"line":2036,"column":32},"end":{"line":2036,"column":65}},"966":{"start":{"line":2036,"column":65},"end":{"line":2036,"column":86}},"967":{"start":{"line":2037,"column":8},"end":{"line":2037,"column":null}},"968":{"start":{"line":2037,"column":32},"end":{"line":2037,"column":65}},"969":{"start":{"line":2037,"column":65},"end":{"line":2037,"column":86}},"970":{"start":{"line":2038,"column":8},"end":{"line":2038,"column":null}},"971":{"start":{"line":2038,"column":32},"end":{"line":2038,"column":65}},"972":{"start":{"line":2038,"column":65},"end":{"line":2038,"column":86}},"973":{"start":{"line":2040,"column":8},"end":{"line":2040,"column":null}},"974":{"start":{"line":2044,"column":30},"end":{"line":2044,"column":null}},"975":{"start":{"line":2044,"column":59},"end":{"line":2044,"column":194}},"976":{"start":{"line":2045,"column":6},"end":{"line":2047,"column":null}},"977":{"start":{"line":2046,"column":8},"end":{"line":2046,"column":null}},"978":{"start":{"line":2046,"column":58},"end":{"line":2046,"column":71}},"979":{"start":{"line":2049,"column":6},"end":{"line":2058,"column":null}},"980":{"start":{"line":2050,"column":8},"end":{"line":2050,"column":null}},"981":{"start":{"line":2050,"column":50},"end":{"line":2050,"column":105}},"982":{"start":{"line":2052,"column":33},"end":{"line":2052,"column":null}},"983":{"start":{"line":2052,"column":60},"end":{"line":2052,"column":150}},"984":{"start":{"line":2053,"column":8},"end":{"line":2057,"column":null}},"985":{"start":{"line":2053,"column":45},"end":{"line":2053,"column":57}},"986":{"start":{"line":2055,"column":27},"end":{"line":2055,"column":null}},"987":{"start":{"line":2055,"column":65},"end":{"line":2055,"column":85}},"988":{"start":{"line":2056,"column":10},"end":{"line":2056,"column":null}},"989":{"start":{"line":2061,"column":4},"end":{"line":2063,"column":null}},"990":{"start":{"line":2062,"column":6},"end":{"line":2062,"column":null}},"991":{"start":{"line":2064,"column":4},"end":{"line":2064,"column":null}},"992":{"start":{"line":2068,"column":4},"end":{"line":2074,"column":null}},"993":{"start":{"line":2069,"column":25},"end":{"line":2069,"column":null}},"994":{"start":{"line":2070,"column":27},"end":{"line":2070,"column":null}},"995":{"start":{"line":2071,"column":25},"end":{"line":2071,"column":null}},"996":{"start":{"line":2072,"column":25},"end":{"line":2072,"column":null}},"997":{"start":{"line":2073,"column":6},"end":{"line":2073,"column":null}},"998":{"start":{"line":2074,"column":22},"end":{"line":2074,"column":77}},"999":{"start":{"line":2079,"column":4},"end":{"line":2079,"column":null}},"1000":{"start":{"line":2079,"column":43},"end":{"line":2079,"column":108}},"1001":{"start":{"line":2083,"column":4},"end":{"line":2083,"column":null}},"1002":{"start":{"line":2083,"column":33},"end":{"line":2083,"column":54}},"1003":{"start":{"line":2093,"column":4},"end":{"line":2095,"column":null}},"1004":{"start":{"line":2094,"column":6},"end":{"line":2095,"column":57}},"1005":{"start":{"line":2099,"column":4},"end":{"line":2099,"column":null}},"1006":{"start":{"line":2099,"column":42},"end":{"line":2099,"column":53}},"1007":{"start":{"line":2103,"column":10},"end":{"line":2103,"column":null}},"1008":{"start":{"line":2104,"column":16},"end":{"line":2104,"column":null}},"1009":{"start":{"line":2105,"column":36},"end":{"line":2105,"column":null}},"1010":{"start":{"line":2106,"column":4},"end":{"line":2106,"column":null}},"1011":{"start":{"line":2107,"column":4},"end":{"line":2107,"column":null}},"1012":{"start":{"line":2108,"column":4},"end":{"line":2108,"column":null}},"1013":{"start":{"line":2112,"column":36},"end":{"line":2112,"column":null}},"1014":{"start":{"line":2113,"column":4},"end":{"line":2113,"column":null}},"1015":{"start":{"line":2114,"column":4},"end":{"line":2114,"column":null}},"1016":{"start":{"line":2118,"column":17},"end":{"line":2118,"column":null}},"1017":{"start":{"line":2119,"column":4},"end":{"line":2119,"column":null}},"1018":{"start":{"line":2120,"column":4},"end":{"line":2120,"column":null}},"1019":{"start":{"line":2128,"column":4},"end":{"line":2130,"column":null}},"1020":{"start":{"line":2129,"column":6},"end":{"line":2130,"column":57}},"1021":{"start":{"line":2134,"column":4},"end":{"line":2134,"column":null}},"1022":{"start":{"line":2134,"column":49},"end":{"line":2134,"column":60}},"1023":{"start":{"line":2138,"column":10},"end":{"line":2138,"column":null}},"1024":{"start":{"line":2139,"column":16},"end":{"line":2139,"column":null}},"1025":{"start":{"line":2140,"column":50},"end":{"line":2140,"column":null}},"1026":{"start":{"line":2141,"column":4},"end":{"line":2141,"column":null}},"1027":{"start":{"line":2142,"column":4},"end":{"line":2142,"column":null}},"1028":{"start":{"line":2143,"column":4},"end":{"line":2143,"column":null}},"1029":{"start":{"line":2147,"column":43},"end":{"line":2147,"column":null}},"1030":{"start":{"line":2148,"column":4},"end":{"line":2148,"column":null}},"1031":{"start":{"line":2149,"column":4},"end":{"line":2149,"column":null}},"1032":{"start":{"line":2153,"column":24},"end":{"line":2153,"column":null}},"1033":{"start":{"line":2155,"column":21},"end":{"line":2155,"column":null}},"1034":{"start":{"line":2155,"column":40},"end":{"line":2155,"column":92}},"1035":{"start":{"line":2156,"column":4},"end":{"line":2156,"column":null}},"1036":{"start":{"line":2157,"column":4},"end":{"line":2162,"column":null}},"1037":{"start":{"line":2158,"column":6},"end":{"line":2161,"column":null}},"1038":{"start":{"line":2160,"column":85},"end":{"line":2160,"column":93}},"1039":{"start":{"line":2163,"column":4},"end":{"line":2163,"column":null}},"1040":{"start":{"line":2172,"column":18},"end":{"line":2172,"column":null}},"1041":{"start":{"line":2173,"column":4},"end":{"line":2173,"column":null}},"1042":{"start":{"line":2173,"column":16},"end":{"line":2173,"column":null}},"1043":{"start":{"line":2174,"column":16},"end":{"line":2174,"column":null}},"1044":{"start":{"line":2175,"column":21},"end":{"line":2177,"column":null}},"1045":{"start":{"line":2176,"column":17},"end":{"line":2176,"column":67}},"1046":{"start":{"line":2176,"column":55},"end":{"line":2176,"column":66}},"1047":{"start":{"line":2177,"column":49},"end":{"line":2177,"column":77}},"1048":{"start":{"line":2178,"column":4},"end":{"line":2178,"column":null}},"1049":{"start":{"line":2178,"column":29},"end":{"line":2178,"column":null}},"1050":{"start":{"line":2180,"column":4},"end":{"line":2194,"column":null}},"1051":{"start":{"line":2181,"column":6},"end":{"line":2193,"column":null}},"1052":{"start":{"line":2195,"column":4},"end":{"line":2195,"column":null}},"1053":{"start":{"line":2199,"column":4},"end":{"line":2199,"column":null}},"1054":{"start":{"line":2199,"column":74},"end":{"line":2199,"column":82}},"1055":{"start":{"line":2203,"column":4},"end":{"line":2203,"column":null}},"1056":{"start":{"line":2209,"column":4},"end":{"line":2209,"column":null}},"1057":{"start":{"line":2213,"column":17},"end":{"line":2213,"column":null}},"1058":{"start":{"line":2213,"column":62},"end":{"line":2213,"column":109}},"1059":{"start":{"line":2214,"column":4},"end":{"line":2214,"column":null}},"1060":{"start":{"line":2214,"column":80},"end":{"line":2214,"column":96}},"1061":{"start":{"line":2218,"column":4},"end":{"line":2218,"column":null}},"1062":{"start":{"line":2218,"column":56},"end":{"line":2218,"column":76}},"1063":{"start":{"line":2227,"column":4},"end":{"line":2227,"column":null}},"1064":{"start":{"line":2227,"column":38},"end":{"line":2227,"column":null}},"1065":{"start":{"line":2228,"column":4},"end":{"line":2228,"column":null}},"1066":{"start":{"line":2230,"column":10},"end":{"line":2240,"column":null}},"1067":{"start":{"line":2233,"column":10},"end":{"line":2240,"column":null}},"1068":{"start":{"line":2243,"column":24},"end":{"line":2243,"column":null}},"1069":{"start":{"line":2244,"column":4},"end":{"line":2244,"column":null}},"1070":{"start":{"line":2244,"column":45},"end":{"line":2244,"column":77}},"1071":{"start":{"li
[...]
,"s:1963:4:1963:Infinity":916,"s:1963:15:1963:Infinity":917,"b:1964:4:1964:Infinity:undefined:undefined:undefined:undefined":266,"s:1964:4:1964:Infinity":918,"b:1964:8:1964:35:1964:35:1964:51":267,"s:1964:51:1964:Infinity":919,"s:1965:4:1965:Infinity":920,"f:1968:2:1968:18":189,"s:1974:27:1978:Infinity":921,"f:1976:9:1976:16":190,"s:1976:21:1976:99":922,"b:1976:21:1976:51:1976:51:1976:78:1976:78:1976:99":268,"f:1977:9:1977:13":191,"s:1977:18:1977:22":923,"s:1980:4:1985:Infinity":924,"f:1980:22:1980:29":192,"s:1981:6:1983:Infinity":925,"b:1981:6:1981:Infinity:1982:8:1982:Infinity:1983:8:1983:Infinity":269,"f:1988:2:1988:11":193,"s:1989:17:1989:Infinity":926,"b:1990:4:1990:Infinity:undefined:undefined:undefined:undefined":270,"s:1990:4:1990:Infinity":927,"s:1990:15:1990:Infinity":928,"b:1992:4:1994:Infinity:undefined:undefined:undefined:undefined":271,"s:1992:4:1994:Infinity":929,"s:1993:7:1993:Infinity":930,"f:1993:25:1993:32":194,"s:1993:37:1993:86":931,"b:1993:37:1993:71:1993:71:1993:86":272,"s:1996:4:2000:Infinity":932,"f:1996:22:1996:29":195,"s:1997:8:1999:Infinity":933,"b:1997:8:1997:Infinity:1998:8:1998:Infinity:1999:8:1999:Infinity":273,"f:2003:2:2003:20":196,"b:2003:80:2003:95":274,"b:2006:4:2010:Infinity:undefined:undefined:undefined:undefined":275,"s:2006:4:2010:Infinity":934,"s:2007:23:2007:Infinity":935,"s:2008:21:2008:Infinity":936,"b:2009:6:2009:Infinity:undefined:undefined:undefined:undefined":276,"s:2009:6:2009:Infinity":937,"s:2009:32:2009:Infinity":938,"s:2012:18:2012:Infinity":939,"b:2013:4:2013:Infinity:undefined:undefined:undefined:undefined":277,"s:2013:4:2013:Infinity":940,"s:2013:16:2013:Infinity":941,"b:2018:4:2059:Infinity:2042:11:2059:Infinity":278,"s:2018:4:2059:Infinity":942,"s:2019:28:2019:Infinity":943,"f:2019:45:2019:52":197,"s:2019:57:2019:104":944,"b:2019:57:2019:83:2019:83:2019:104":279,"b:2020:6:2022:Infinity:undefined:undefined:undefined:undefined":280,"s:2020:6:2022:Infinity":945,"s:2021:8:2021:Infinity":946,"f:2021:42:2021:49":198,"s:2021:54:2021:67":947,"b:2023:6:2041:Infinity:2024:11:2041:Infinity":281,"s:2023:6:2041:Infinity":948,"s:2023:42:2023:54":949,"s:2025:22:2025:Infinity":950,"f:2025:38:2025:45":199,"s:2025:50:2025:67":951,"s:2026:22:2026:Infinity":952,"f:2026:38:2026:45":200,"s:2026:50:2026:67":953,"s:2027:21:2027:Infinity":954,"f:2027:37:2027:44":201,"s:2027:49:2027:69":955,"s:2029:24:2029:Infinity":956,"b:2029:43:2029:99:2029:99:2029:Infinity":282,"f:2029:49:2029:57":202,"s:2029:66:2029:79":957,"s:2030:24:2030:Infinity":958,"b:2030:43:2030:99:2030:99:2030:Infinity":283,"f:2030:49:2030:57":203,"s:2030:66:2030:79":959,"s:2031:23:2031:Infinity":960,"b:2031:41:2031:95:2031:95:2031:Infinity":284,"f:2031:46:2031:54":204,"s:2031:63:2031:76":961,"s:2033:26:2033:Infinity":962,"s:2034:28:2034:Infinity":963,"b:2036:8:2036:Infinity:undefined:undefined:undefined:undefined":285,"s:2036:8:2036:Infinity":964,"s:2036:32:2036:65":965,"s:2036:65:2036:86":966,"b:2037:8:2037:Infinity:undefined:undefined:undefined:undefined":286,"s:2037:8:2037:Infinity":967,"s:2037:32:2037:65":968,"s:2037:65:2037:86":969,"b:2038:8:2038:Infinity:undefined:undefined:undefined:undefined":287,"s:2038:8:2038:Infinity":970,"s:2038:32:2038:65":971,"s:2038:65:2038:86":972,"s:2040:8:2040:Infinity":973,"b:2040:37:2040:41:2040:41:2040:Infinity":288,"s:2044:30:2044:Infinity":974,"f:2044:47:2044:54":205,"s:2044:59:2044:194":975,"b:2044:59:2044:85:2044:85:2044:111:2044:111:2044:140:2044:140:2044:166:2044:166:2044:194":289,"b:2045:6:2047:Infinity:undefined:undefined:undefined:undefined":290,"s:2045:6:2047:Infinity":976,"s:2046:8:2046:Infinity":977,"f:2046:46:2046:53":206,"s:2046:58:2046:71":978,"b:2049:6:2058:Infinity:2051:13:2058:Infinity":291,"s:2049:6:2058:Infinity":979,"s:2050:8:2050:Infinity":980,"f:2050:35:2050:41":207,"s:2050:50:2050:105":981,"s:2052:33:2052:Infinity":982,"f:2052:48:2052:55":208,"s:2052:60:2052:150":983,"b:2052:60:2052:83:2052:83:2052:108:2052:108:2052:135:2052:135:2052:150":292,"b:2053:8:2057:Infinity:2054:13:2057:Infinity":293,"s:2053:8:2057:Infinity":984,"s:2053:45:2053:57":985,"s:2055:27:2055:Infinity":986,"f:2055:56:2055:60":209,"s:2055:65:2055:85":987,"b:2055:65:2055:84:2055:84:2055:85":294,"s:2056:10:2056:Infinity":988,"b:2061:4:2063:Infinity:undefined:undefined:undefined:undefined":295,"s:2061:4:2063:Infinity":989,"s:2062:6:2062:Infinity":990,"s:2064:4:2064:Infinity":991,"f:2067:2:2067:17":210,"s:2068:4:2074:Infinity":992,"f:2068:28:2068:35":211,"s:2069:25:2069:Infinity":993,"b:2069:43:2069:75:2069:75:2069:Infinity":296,"s:2070:27:2070:Infinity":994,"b:2070:47:2070:83:2070:83:2070:Infinity":297,"s:2071:25:2071:Infinity":995,"b:2071:43:2071:75:2071:75:2071:Infinity":298,"s:2072:25:2072:Infinity":996,"b:2072:43:2072:75:2072:75:2072:Infinity":299,"s:2073:6:2073:Infinity":997,"b:2073:13:2073:27:2073:27:2073:43:2073:43:2073:57:2073:57:2073:Infinity":300,"f:2074:7:2074:13":212,"s:2074:22:2074:77":998,"f:2078:2:2078:17":213,"s:2079:4:2079:Infinity":999,"f:2079:28:2079:34":214,"s:2079:43:2079:108":1000,"f:2082:2:2082:19":215,"s:2083:4:2083:Infinity":1001,"f:2083:23:2083:28":216,"s:2083:33:2083:54":1002,"f:2092:2:2092:26":217,"s:2093:4:2095:Infinity":1003,"f:2093:37:2093:43":218,"s:2094:6:2095:57":1004,"b:2094:15:2094:30:2094:30:2094:45:2094:45:2094:46":301,"b:2095:15:2095:30:2095:30:2095:45:2095:45:2095:46":302,"f:2098:2:2098:20":219,"s:2099:4:2099:Infinity":1005,"f:2099:32:2099:37":220,"s:2099:42:2099:53":1006,"f:2102:8:2102:26":221,"s:2103:10:2103:Infinity":1007,"s:2104:16:2104:Infinity":1008,"s:2105:36:2105:Infinity":1009,"s:2106:4:2106:Infinity":1010,"s:2107:4:2107:Infinity":1011,"s:2108:4:2108:Infinity":1012,"f:2111:8:2111:29":222,"s:2112:36:2112:Infinity":1013,"s:2113:4:2113:Infinity":1014,"s:2114:4:2114:Infinity":1015,"f:2117:8:2117:29":223,"s:2118:17:2118:Infinity":1016,"s:2119:4:2119:Infinity":1017,"s:2120:4:2120:Infinity":1018,"b:2120:54:2120:68:2120:68:2120:70":303,"f:2127:2:2127:33":224,"s:2128:4:2130:Infinity":1019,"f:2128:44:2128:50":225,"s:2129:6:2130:57":1020,"b:2129:15:2129:30:2129:30:2129:45:2129:45:2129:46":304,"b:2130:15:2130:30:2130:30:2130:45:2130:45:2130:46":305,"f:2133:2:2133:27":226,"s:2134:4:2134:Infinity":1021,"f:2134:39:2134:44":227,"s:2134:49:2134:60":1022,"f:2137:8:2137:33":228,"s:2138:10:2138:Infinity":1023,"s:2139:16:2139:Infinity":1024,"s:2140:50:2140:Infinity":1025,"s:2141:4:2141:Infinity":1026,"s:2142:4:2142:Infinity":1027,"s:2143:4:2143:Infinity":1028,"f:2146:8:2146:36":229,"s:2147:43:2147:Infinity":1029,"s:2148:4:2148:Infinity":1030,"s:2149:4:2149:Infinity":1031,"f:2152:8:2152:36":230,"s:2153:24:2153:Infinity":1032,"s:2155:21:2155:Infinity":1033,"f:2155:33:2155:40":231,"s:2155:40:2155:92":1034,"b:2155:46:2155:76:2155:76:2155:80":306,"s:2156:4:2156:Infinity":1035,"s:2157:4:2162:Infinity":1036,"s:2158:6:2161:Infinity":1037,"b:2160:35:2160:69:2160:69:2160:73":307,"f:2160:73:2160:80":232,"s:2160:85:2160:93":1038,"s:2163:4:2163:Infinity":1039,"b:2163:61:2163:82:2163:82:2163:84":308,"f:2171:2:2171:23":233,"s:2172:18:2172:Infinity":1040,"b:2173:4:2173:Infinity:undefined:undefined:undefined:undefined":309,"s:2173:4:2173:Infinity":1041,"s:2173:16:2173:Infinity":1042,"s:2174:16:2174:Infinity":1043,"b:2174:16:2174:50:2174:50:2174:Infinity":310,"s:2175:21:2177:Infinity":1044,"f:2176:7:2176:11":234,"s:2176:17:2176:67":1045,"f:2176:45:2176:50":235,"s:2176:55:2176:66":1046,"f:2177:7:2177:15":236,"s:2177:49:2177:77":1047,"b:2177:49:2177:56:2177:56:2177:77":311,"b:2178:4:2178:Infinity:undefined:undefined:undefined:undefined":312,"s:2178:4:2178:Infinity":1048,"s:2178:29:2178:Infinity":1049,"b:2180:4:2194:Infinity:undefined:undefined:undefined:undefined":313,"s:2180:4:2194:Infinity":1050,"b:2180:8:2180:34:2180:34:2180:62:2180:62:2180:84":314,"s:2181:6:2193:Infinity":1051,"b:2184:16:2184:42:2184:42:2184:Infinity":315,"b:2187:29:2187:58:2187:58:2187:Infinity":316,"b:2188:28:2188:56:2188:56:2188:Infinity":317,"b:2189:29:2189:58:2189:58:2189:Infinity":318,"s:2195:4:2195:Infinity":1052,"f:2198:2:2198:18":237,"s:2199:4:2199:Infinity":1053,"f:2199:65:2199:69":238,"s:2199:74:2199:82":1054,"f:2202:2:2202:17":239,"s:2203:4:2203:Infinity":1055,"f:2208:2:2208:24":240,"s:2209:4:2209:Infinity":1056,"b:2209:11:2209:60:2209:60:2209:Infinity":319,"f:2212:2:2212:25":241,"s:2213:17:2213:Infinity":1057,"f:2213:52:2213:57":242,"s:2213:62:2213:109":1058,"b:2213:62:2213:93:2213:93:2213:109":320,"s:2214:4:2214:Infinity":1059,"b:2214:11:2214:35:2214:35:2214:Infinity":321,"f:2214:70:2214:75":243,"s:2214:80:2214:96":1060,"f:2217:2:2217:29":244,"s:2218:4:2218:Infinity":1061,"f:2218:46:2218:51":245,"s:2218:56:2218:76":1062,"f:2226:8:2226:53":246,"b:2227:4:2227:Infinity:undefined:undefined:undefined:undefined":322,"s:2227:4:2227:Infinity":1063,"s:2227:38:2227:Infinity":1064,"s:2228:4:2228:Infinity":1065,"s:2230:10:2240:Infinity":1066,"f:2230:10:2230:23":247,"s:2233:10:2240:Infinity":1067,"b:2235:6:2235:32:2235:32:2235:Infinity":323,"b:2236:6:2236:28:2236:28:2236:Infinity":324,"b:2237:6:2237:33:2237:33:2237:Infinity":325,"b:2238:6:2238:32:2238:32:2238:Infinity":326,"b:2239:6:2239:33:2239:33:2239:Infinity":327,"s:2243:24:2243:Infinity":1068,"s:2244:4:2244:Infinity":1069,"f:2244:32:2244:40":248,"s:2244:45:2244:77":1070,"s:2246:20:2250:Infinity":1071,"f:2246:32:2246:39":249,"s:2246:39:2250:44":1072,"b:2246:39:2247:Infinity:2248:7:2248:29:2248:29:2248:53:2248:53:2248:Infinity:2248:55:2249:48:2249:37:2249:Infinity:2249:76:2250:44":328,"b:2247:7:2247:37:2247:37:2247:41":329,"b:2252:4:2252:Infinity:undefined:undefined:undefined:undefined":330,"s:2252:4:2252:Infinity":1073,"s:2252:30:2252:Infinity":1074,"s:2254:4:2288:Infinity":1075,"s:2255:6:2282:Infinity":1076,"s:2256:20:2263:Infinity":1077,"b:2257:18:2257:44:2257:44:2257:Infinity":331,"b:2260:31:2260:60:2260:60:2260:Infinity":332,"b:2261:30:2261:58:2261:58:2261:Infinity":333,"b:2262:31:2262:60:2262:60:2262:Infinity":334,"s:2264:20:2264:Infinity":1078,"s:2265:26:2265:Infinity":1079,"b:2266:8:2280:Infinity:undefined:undefined:undefined:undefined":335,"s:2266:8:2280:Infinity":1080,"s:2267:30:2267:Infinity":1081,"s:2268:10:2278:Infinity":1082,"b:2269:38:2269:56:2269:56:2269:Infinity":336,"s:2279:10:2279:Infinity":1083,"s:2281:8:2281:Infinity":1084,"s:2283:6:2283:Infinity":1085,"s:2286:6:2286:Infinity":1086,"s:2287:6:2287:Infinity":1087,"f:2293:2:2293:19":250,"s:2294:17:2294:Infinity":1088,"f:2294:28:2294:33":251,"s:2294:38:2294:53":1089,"b:2295:4:2295:Infinity:undefined:undefined:undefined:undefined":337,"s:2295:4:2295:Infinity":1090,"s:2295:15:2295:Infinity":1091,"s:2297:49:2297:Infinity":1092,"b:2299:4:2313:Infinity:undefined:undefined:undefined:undefined":338,"s:2299:4:2313:Infinity":1093,"s:2300:27:2300:Infinity":1094,"f:2300:38:2300:45":252,"s:2300:50:2300:72":1095,"b:2301:6:2312:Infinity:undefined:undefined:undefined:undefined":339,"s:2301:6:2312:Infinity":1096,"s:2302:8:2311:Infinity":1097,"b:2315:4:2337:Infinity:undefined:undefined:undefined:undefined":340,"s:2315:4:2337:Infinity":1098,"b:2315:8:2315:32:2315:32:2315:58":341,"s:2316:26:2316:Infinity":1099,"f:2316:37:2316:44":253,"s:2316:49:2316:72":1100,"s:2317:28:2317:Infinity":1101,"f:2317:48:2317:52":254,"s:2317:57:2317:61":1102,"s:2319:32:2323:Infinity":1103,"f:2319:49:2319:56":255,"s:2320:8:2322:Infinity":1104,"b:2320:8:2320:Infinity:2321:8:2321:Infinity:2322:8:2322:Infinity":342,"b:2325:6:2336:Infinity:undefined:undefined:undefined:undefined":343,"s:2325:6:2336:Infinity":1105,"s:2326:8:2335:Infinity":1106,"s:2339:4:2340:Infinity":1107,"f:2339:59:2339:66":256,"s:2339:71:2339:90":1108,"f:2340:7:2340:13":257,"s:2340:22:2340:87":1109,"f:2343:8:2343:31":258,"s:2344:25:2344:Infinity":1110,"f:2344:44:2344:49":259,"s:2344:54:2344:77":1111,"b:2345:4:2347:Infinity:undefined:undefined:undefined:undefined":344,"s:2345:4:2347:Infinity":1112,"s:2346:6:2346:Infinity":1113,"f:2350:8:2350:35":260,"s:2351:19:2351:Infinity":1114,"f:2351:38:2351:45":261,"s:2351:50:2351:82":1115,"b:2351:50:2351:73:2351:73:2351:82":345,"s:2352:4:2354:Infinity":1116,"s:2353:6:2353:Infinity":1117,"f:2359:8:2359:24":262,"s:2360:10:2360:Infinity":1118,"s:2361:42:2366:Infinity":1119,"s:2367:4:2367:Infinity":1120,"f:2367:15:2367:31":263,"s:2367:31:2367:81":1121,"f:2375:2:2375:10":264,"s:2376:16:2376:Infinity":1122,"s:2377:18:2377:Infinity":1123,"s:2379:7:2381:Infinity":1124,"b:2379:7:2379:14:2379:14:2379:Infinity:2380:7:2380:16:2380:16:2380:Infinity:2381:6:2381:Infinity":346,"b:2382:4:2382:Infinity:undefined:undefined:undefined:undefined":347,"s:2382:4:2382:Infinity":1125,"s:2382:17:2382:Infinity":1126,"b:2383:4:2383:Infinity:undefined:undefined:undefined:undefined":348,"s:2383:4:2383:Infinity":1127,"s:2383:15:2383:Infinity":1128,"s:2384:4:2384:Infinity":1129,"f:2387:15:2387:Infinity":265,"s:2392:10:2392:Infinity":1130,"s:2394:32:2400:Infinity":1131,"b:2401:4:2401:Infinity:undefined:undefined:undefined:undefined":349,"s:2401:4:2401:Infinity":1132,"s:2401:39:2401:Infinity":1133,"b:2402:4:2402:Infinity:undefined:undefined:undefined:undefined":350,"s:2402:4:2402:Infinity":1134,"s:2402:41:2402:Infinity":1135,"b:2403:4:2403:Infinity:undefined:undefined:undefined:undefined":351,"s:2403:4:2403:Infinity":1136,"s:2403:39:2403:Infinity":1137,"b:2404:4:2404:Infinity:undefined:undefined:undefined:undefined":352,"s:2404:4:2404:Infinity":1138,"s:2404:38:2404:Infinity":1139,"s:2405:4:2405:Infinity":1140,"f:2408:8:2408:22":266,"s:2409:10:2409:Infinity":1141,"s:2410:38:2414:Infinity":1142,"s:2415:4:2415:Infinity":1143,"s:2418:4:2424:Infinity":1144,"s:2426:20:2426:Infinity":1145,"b:2426:20:2426:81:2426:81:2426:Infinity":353,"f:2426:31:2426:36":267,"s:2426:41:2426:70":1146,"s:2427:22:2429:Infinity":1147,"b:2428:8:2428:Infinity:2429:9:2429:Infinity":354,"b:2429:9:2429:69:2429:69:2429:Infinity":355,"f:2429:21:2429:26":268,"s:2429:31:2429:58":1148,"s:2430:4:2434:Infinity":1149,"b:2436:4:2444:Infinity:undefined:undefined:undefined:undefined":356,"s:2436:4:2444:Infinity":1150,"s:2437:6:2443:Infinity":1151,"f:2447:8:2447:25":269,"s:2448:18:2448:Infinity":1152,"f:2448:35:2448:40":270,"s:2448:45:2448:67":1153,"s:2449:4:2449:Infinity":1154,"s:2450:20:2450:Infinity":1155,"b:2450:20:2450:81:2450:81:2450:Infinity":357,"f:2450:31:2450:36":271,"s:2450:41:2450:70":1156,"s:2451:4:2456:Infinity":1157,"b:2454:22:2454:47:2454:47:2454:Infinity":358,"f:2459:8:2459:17":272,"b:2460:4:2462:Infinity:undefined:undefined:undefined:undefined":359,"s:2460:4:2462:Infinity":1158,"s:2461:8:2461:Infinity":1159,"s:2463:4:2463:Infinity":1160,"s:2464:4:2464:Infinity":1161,"f:2467:2:2467:9":273,"s:2468:10:2468:Infinity":1162,"b:2468:23:2468:41:2468:41:2468:48":360,"s:2469:22:2469:Infinity":1163,"b:2469:42:2469:113:2469:108:2469:Infinity":361,"b:2469:113:2469:127:2469:127:2469:134":362,"s:2472:26:2472:Infinity":1164,"f:2472:38:2472:45":274,"s:2472:50:2472:97":1165,"s:2473:10:2473:Infinity":1166,"s:2475:4:2475:Infinity":1167,"f:2478:8:2478:22":275,"b:2479:4:2481:Infinity:undefined:undefined:undefined:undefined":363,"s:2479:4:2481:Infinity":1168,"s:2480:8:2480:Infinity":1169,"s:2482:4:2482:Infinity":1170,"s:2483:4:2483:Infinity":1171,"f:2486:2:2486:9":276,"s:2487:17:2487:Infinity":1172,"f:2487:34:2487:39":277,"s:2487:44:2487:69":1173,"s:2488:10:2488:Infinity":1174,"b:2488:24:2488:38:2488:38:2488:45":364,"s:2491:26:2496:Infinity":1175,"f:2493:9:2493:13":278,"s:2493:21:2493:28":1176,"s:2498:4:2498:Infinity":1177,"f:2501:8:2501:16":279,"s:2502:4:2502:Infinity":1178,"s:2503:4:2503:Infinity":1179,"f:2506:8:2506:22":280,"s:2507:4:2507:Infinity":1180,"s:2508:4:2508:Infinity":1181,"f:2511:8:2511:19":281,"s:2512:10:2512:Infinity":1182,"s:2513:23:2513:Infinity":1183,"s:2514:4:2514:Infinity":1184,"s:2515:4:2515:Infinity":1185,"s:2516:4:2516:Infinity":1186,"f:2519:8:2519:22":282,"s:2520:4:2520:Infinity":1187,"s:2521:4:2521:Infinity":1188,"f:2525:8:2525:25":283,"s:2526:4:2526:Infinity":1189,"s:2527:4:2527:Infinity":1190,"f:2530:8:2530:19":284,"s:2531:4:2531:Infinity":1191,"s:2532:4:2532:Infinity":1192,"f:2535:8:2535:25":285,"s:2536:4:2536:Infinity":1193,"s:2537:4:2537:Infinity":1194,"f:2540:8:2540:20":286,"s:2541:4:2541:Infinity":1195,"s:2542:4:2542:Infinity":1196,"f:2545:8:2545:21":287,"s:2546:18:2546:Infinity":1197,"f:2546:30:2546:35":288,"s:2546:40:2546:51":1198,"b:2547:4:2550:Infinity:undefined:undefined:undefined:undefined":365,"s:2547:4:2550:Infinity":1199,"s:2548:6:2548:Infinity":1200,"s:2549:6:2549:Infinity":1201,"f:2555:8:2555:19":289,"s:2556:17:2556:Infinity":1202,"f:2556:28:2556:33":290,"s:2556:38:2556:49":1203,"b:2557:4:2557:Infinity:undefined:undefined:undefined:undefined":366,"s:2557:4:2557:Infinity":1204,"s:2557:15:2557:Infinity":1205,"s:2561:10:2561:Infinity":1206,"s:2562:22:2562:Infinity":1207,"s:2563:4:2563:Infinity":1208,"s:2565:25:2565:Infinity":1209,"f:2565:36:2565:43":291,"s:2565:48:2565:83":1210,"b:2565:48:2565:70:2565:70:2565:83":367,"s:2566:4:2569:Infinity":1211,"s:2567:23:2567:Infinity":1212,"s:2568:6:2568:Infinity":1213,"b:2568:60:2568:78:2568:78:2568:83":368,"s:2571:4:2576:Infinity":1214,"s:2572:6:2572:Infinity":1215,"s:2574:6:2574:Infinity":1216,"s:2575:6:2575:Infinity":1217,"s:2577:4:2577:Infinity":1218,"f:2580:8:2580:25":292,"s:2581:16:2581:Infinity":1219,"f:2581:26:2581:31":293,"s:2581:36:2581:47":1220,"b:2582:4:2586:Infinity:undefined:undefined:undefined:undefined":369,"s:2582:4:2586:Infinity":1221,"s:2584:6:2584:Infinity":1222,"s:2585:6:2585:Infinity":1223,"f:2589:8:2589:20":294,"s:2590:18:2590:Infinity":1224,"f:2590:30:2590:35":295,"s:2590:40:2590:51":1225,"b:2591:4:2591:Infinity:undefined:undefined:undefined:undefined":370,"s:2591:4:2591:Infinity":1226,"s:2591:16:2591:Infinity":1227,"s:2593:4:2593:Infinity":1228,"s:2596:26:2596:Infinity":1229,"f:2596:47:2596:54":296,"s:2596:59:2596:82":1230,"s:2597:4:2604:Infinity":1231,"s:2598:30:2598:Infinity":1232,"f:2598:44:2598:51":297,"s:2598:58:2598:68":1233,"b:2599:6:2603:Infinity:2601:13:2603:Infinity":371,"s:2599:6:2603:Infinity":1234,"s:2600:8:2600:Infinity":1235,"s:2602:8:2602:Infinity":1236,"s:2606:4:2606:Infinity":1237,"f:2609:8:2609:25":298,"s:2610:17:2610:Infinity":1238,"f:2610:34:2610:39":299,"s:2610:44:2610:55":1239,"b:2611:4:2614:Infinity:undefined:undefined:undefined:undefined":372,"s:2611:4:2614:Infinity":1240,"s:2612:8:2612:Infinity":1241,"s:2613:8:2613:Infinity":1242,"f:2617:8:2617:22":300,"s:2618:20:2618:Infinity":1243,"b:2619:4:2622:Infinity:undefined:undefined:undefined:undefined":373,"s:2619:4:2622:Infinity":1244,"s:2620:6:2620:Infinity":1245,"s:2621:6:2621:Infinity":1246,"f:2626:2:2626:23":301,"s:2627:31:2629:Infinity":1247,"b:2628:9:2628:Infinity:2629:9:2629:Infinity":374,"b:2627:31:2627:61:2627:61:2627:Infinity":375,"b:2628:9:2628:28:2628:28:2628:Infinity":376,"b:2629:35:2629:67:2629:67:2629:Infinity":377,"b:2629:35:2629:54:2629:54:2629:67":378,"s:2632:25:2632:Infinity":1248,"s:2633:28:2633:Infinity":1249,"f:2633:41:2633:46":302,"s:2633:51:2633:77":1250,"s:2634:27:2634:Infinity":1251,"b:2634:45:2634:65:2634:65:2634:Infinity":379,"s:2636:28:2648:Infinity":1252,"f:2637:7:2637:14":303,"s:2637:19:2637:49":1253,"f:2638:7:2638:11":304,"s:2638:17:2648:8":1254,"s:2650:26:2662:Infinity":1255,"f:2651:7:2651:14":305,"s:2651:19:2651:102":1256,"b:2651:19:2651:51:2651:51:2651:78:2651:78:2651:102":380,"f:2652:7:2652:11":306,"s:2652:17:2662:8":1257,"b:2654:14:2654:30:2654:30:2654:Infinity":381,"b:2656:17:2656:33:2656:33:2656:Infinity":382,"b:2658:15:2658:34:2658:34:2658:Infinity":383,"b:2659:17:2659:38:2659:38:2659:Infinity":384,"s:2664:4:2666:Infinity":1258,"f:2664:50:2664:56":307,"s:2665:6:2665:Infinity":1259,"f:2679:8:2679:Infinity":308,"b:2681:23:2681:Infinity":385,"b:2683:25:2683:Infinity":386,"s:2685:24:2687:Infinity":1260,"b:2686:8:2686:Infinity:2687:8:2687:Infinity":387,"s:2689:17:2689:Infinity":1261,"s:2690:20:2690:Infinity":1262,"s:2691:17:2691:Infinity":1263,"b:2691:27:2691:58:2691:58:2691:Infinity":388,"s:2692:18:2692:Infinity":1264,"f:2692:23:2692:27":309,"s:2692:33:2692:64":1265,"s:2693:23:2693:Infinity":1266,"b:2693:41:2693:65:2693:65:2693:Infinity":389,"s:2694:4:2694:Infinity":1267,"s:2698:27:2698:Infinity":1268}}}
}
