{"C:\\Users\\tariq\\Desktop\\work\\github\\EPROM-egy\\services\\store.ts": {"path":"C:\\Users\\tariq\\Desktop\\work\\github\\EPROM-egy\\services\\store.ts","statementMap":{"0":{"start":{"line":36,"column":22},"end":{"line":38,"column":null}},"1":{"start":{"line":45,"column":0},"end":{"line":50,"column":null}},"2":{"start":{"line":46,"column":2},"end":{"line":49,"column":null}},"3":{"start":{"line":58,"column":13},"end":{"line":60,"column":null}},"4":{"start":{"line":62,"column":13},"end":{"line":64,"column":null}},"5":{"start":{"line":63,"column":2},"end":{"line":64,"column":null}},"6":{"start":{"line":81,"column":26},"end":{"line":81,"column":null}},"7":{"start":{"line":95,"column":2},"end":{"line":95,"column":null}},"8":{"start":{"line":95,"column":55},"end":{"line":95,"column":null}},"9":{"start":{"line":97,"column":2},"end":{"line":97,"column":null}},"10":{"start":{"line":97,"column":31},"end":{"line":97,"column":null}},"11":{"start":{"line":98,"column":2},"end":{"line":108,"column":null}},"12":{"start":{"line":99,"column":4},"end":{"line":99,"column":null}},"13":{"start":{"line":101,"column":4},"end":{"line":106,"column":null}},"14":{"start":{"line":107,"column":4},"end":{"line":107,"column":null}},"15":{"start":{"line":115,"column":7},"end":{"line":122,"column":null}},"16":{"start":{"line":116,"column":2},"end":{"line":116,"column":null}},"17":{"start":{"line":117,"column":2},"end":{"line":117,"column":null}},"18":{"start":{"line":118,"column":2},"end":{"line":118,"column":null}},"19":{"start":{"line":119,"column":2},"end":{"line":119,"column":null}},"20":{"start":{"line":120,"column":2},"end":{"line":120,"column":null}},"21":{"start":{"line":121,"column":2},"end":{"line":121,"column":null}},"22":{"start":{"line":144,"column":26},"end":{"line":144,"column":null}},"23":{"start":{"line":145,"column":31},"end":{"line":145,"column":null}},"24":{"start":{"line":146,"column":28},"end":{"line":146,"column":null}},"25":{"start":{"line":147,"column":38},"end":{"line":147,"column":null}},"26":{"start":{"line":148,"column":38},"end":{"line":148,"column":null}},"27":{"start":{"line":149,"column":32},"end":{"line":149,"column":null}},"28":{"start":{"line":150,"column":42},"end":{"line":150,"column":null}},"29":{"start":{"line":151,"column":38},"end":{"line":151,"column":null}},"30":{"start":{"line":152,"column":38},"end":{"line":152,"column":null}},"31":{"start":{"line":153,"column":34},"end":{"line":153,"column":null}},"32":{"start":{"line":154,"column":46},"end":{"line":154,"column":null}},"33":{"start":{"line":155,"column":56},"end":{"line":155,"column":null}},"34":{"start":{"line":156,"column":46},"end":{"line":156,"column":null}},"35":{"start":{"line":157,"column":60},"end":{"line":157,"column":null}},"36":{"start":{"line":158,"column":32},"end":{"line":158,"column":null}},"37":{"start":{"line":164,"column":28},"end":{"line":164,"column":null}},"38":{"start":{"line":167,"column":25},"end":{"line":167,"column":null}},"39":{"start":{"line":168,"column":41},"end":{"line":168,"column":null}},"40":{"start":{"line":169,"column":33},"end":{"line":169,"column":null}},"41":{"start":{"line":177,"column":29},"end":{"line":177,"column":null}},"42":{"start":{"line":178,"column":9},"end":{"line":178,"column":null}},"43":{"start":{"line":179,"column":10},"end":{"line":179,"column":null}},"44":{"start":{"line":180,"column":21},"end":{"line":182,"column":null}},"45":{"start":{"line":187,"column":24},"end":{"line":187,"column":null}},"46":{"start":{"line":188,"column":52},"end":{"line":188,"column":null}},"47":{"start":{"line":194,"column":36},"end":{"line":194,"column":null}},"48":{"start":{"line":195,"column":42},"end":{"line":195,"column":null}},"49":{"start":{"line":196,"column":37},"end":{"line":196,"column":null}},"50":{"start":{"line":202,"column":28},"end":{"line":213,"column":null}},"51":{"start":{"line":222,"column":24},"end":{"line":222,"column":null}},"52":{"start":{"line":223,"column":28},"end":{"line":223,"column":null}},"53":{"start":{"line":224,"column":28},"end":{"line":224,"column":null}},"54":{"start":{"line":228,"column":2},"end":{"line":233,"column":null}},"55":{"start":{"line":238,"column":2},"end":{"line":238,"column":null}},"56":{"start":{"line":243,"column":10},"end":{"line":257,"column":null}},"57":{"start":{"line":280,"column":2},"end":{"line":280,"column":null}},"58":{"start":{"line":284,"column":44},"end":{"line":284,"column":null}},"59":{"start":{"line":285,"column":2},"end":{"line":285,"column":null}},"60":{"start":{"line":286,"column":2},"end":{"line":291,"column":null}},"61":{"start":{"line":2250,"column":36},"end":{"line":2250,"column":null}},"62":{"start":{"line":178,"column":36},"end":{"line":178,"column":null}},"63":{"start":{"line":181,"column":4},"end":{"line":181,"column":null}},"64":{"start":{"line":204,"column":6},"end":{"line":211,"column":null}},"65":{"start":{"line":205,"column":20},"end":{"line":205,"column":null}},"66":{"start":{"line":206,"column":8},"end":{"line":206,"column":null}},"67":{"start":{"line":206,"column":18},"end":{"line":206,"column":null}},"68":{"start":{"line":207,"column":32},"end":{"line":207,"column":null}},"69":{"start":{"line":209,"column":8},"end":{"line":209,"column":null}},"70":{"start":{"line":209,"column":46},"end":{"line":209,"column":null}},"71":{"start":{"line":210,"column":8},"end":{"line":210,"column":null}},"72":{"start":{"line":211,"column":16},"end":{"line":211,"column":27}},"73":{"start":{"line":229,"column":4},"end":{"line":229,"column":null}},"74":{"start":{"line":230,"column":4},"end":{"line":232,"column":null}},"75":{"start":{"line":231,"column":6},"end":{"line":231,"column":null}},"76":{"start":{"line":238,"column":37},"end":{"line":238,"column":null}},"77":{"start":{"line":244,"column":4},"end":{"line":244,"column":null}},"78":{"start":{"line":244,"column":30},"end":{"line":244,"column":null}},"79":{"start":{"line":245,"column":4},"end":{"line":245,"column":null}},"80":{"start":{"line":246,"column":4},"end":{"line":256,"column":null}},"81":{"start":{"line":247,"column":6},"end":{"line":247,"column":null}},"82":{"start":{"line":248,"column":6},"end":{"line":248,"column":null}},"83":{"start":{"line":249,"column":6},"end":{"line":255,"column":null}},"84":{"start":{"line":250,"column":8},"end":{"line":254,"column":null}},"85":{"start":{"line":251,"column":10},"end":{"line":251,"column":null}},"86":{"start":{"line":253,"column":10},"end":{"line":253,"column":null}},"87":{"start":{"line":261,"column":4},"end":{"line":275,"column":null}},"88":{"start":{"line":262,"column":6},"end":{"line":273,"column":null}},"89":{"start":{"line":266,"column":8},"end":{"line":266,"column":null}},"90":{"start":{"line":266,"column":35},"end":{"line":266,"column":null}},"91":{"start":{"line":268,"column":8},"end":{"line":268,"column":null}},"92":{"start":{"line":271,"column":8},"end":{"line":271,"column":null}},"93":{"start":{"line":272,"column":8},"end":{"line":272,"column":null}},"94":{"start":{"line":274,"column":6},"end":{"line":274,"column":null}},"95":{"start":{"line":280,"column":32},"end":{"line":280,"column":null}},"96":{"start":{"line":285,"column":44},"end":{"line":285,"column":null}},"97":{"start":{"line":287,"column":4},"end":{"line":290,"column":null}},"98":{"start":{"line":288,"column":6},"end":{"line":288,"column":null}},"99":{"start":{"line":289,"column":6},"end":{"line":289,"column":null}},"100":{"start":{"line":296,"column":18},"end":{"line":296,"column":null}},"101":{"start":{"line":297,"column":4},"end":{"line":305,"column":null}},"102":{"start":{"line":298,"column":6},"end":{"line":304,"column":null}},"103":{"start":{"line":299,"column":8},"end":{"line":299,"column":null}},"104":{"start":{"line":301,"column":8},"end":{"line":301,"column":null}},"105":{"start":{"line":302,"column":8},"end":{"line":302,"column":null}},"106":{"start":{"line":302,"column":36},"end":{"line":302,"column":null}},"107":{"start":{"line":303,"column":8},"end":{"line":303,"column":null}},"108":{"start":{"line":303,"column":31},"end":{"line":303,"column":76}},"109":{"start":{"line":309,"column":40},"end":{"line":326,"column":null}},"110":{"start":{"line":317,"column":70},"end":{"line":322,"column":10}},"111":{"start":{"line":330,"column":4},"end":{"line":341,"column":null}},"112":{"start":{"line":331,"column":6},"end":{"line":331,"column":null}},"113":{"start":{"line":333,"column":6},"end":{"line":333,"column":null}},"114":{"start":{"line":335,"column":27},"end":{"line":336,"column":null}},"115":{"start":{"line":337,"column":6},"end":{"line":340,"column":null}},"116":{"start":{"line":338,"column":8},"end":{"line":338,"column":null}},"117":{"start":{"line":339,"column":8},"end":{"line":339,"column":null}},"118":{"start":{"line":342,"column":4},"end":{"line":342,"column":null}},"119":{"start":{"line":346,"column":4},"end":{"line":348,"column":null}},"120":{"start":{"line":347,"column":6},"end":{"line":347,"column":null}},"121":{"start":{"line":352,"column":4},"end":{"line":352,"column":null}},"122":{"start":{"line":353,"column":4},"end":{"line":353,"column":null}},"123":{"start":{"line":354,"column":4},"end":{"line":354,"column":null}},"124":{"start":{"line":355,"column":4},"end":{"line":355,"column":null}},"125":{"start":{"line":356,"column":4},"end":{"line":356,"column":null}},"126":{"start":{"line":357,"column":4},"end":{"line":357,"column":null}},"127":{"start":{"line":357,"column":10},"end":{"line":357,"column":56}},"128":{"start":{"line":358,"column":4},"end":{"line":358,"column":null}},"129":{"start":{"line":359,"column":4},"end":{"line":359,"column":null}},"130":{"start":{"line":360,"column":4},"end":{"line":360,"column":null}},"131":{"start":{"line":361,"column":4},"end":{"line":361,"column":null}},"132":{"start":{"line":362,"column":4},"end":{"line":362,"column":null}},"133":{"start":{"line":363,"column":4},"end":{"line":363,"column":null}},"134":{"start":{"line":364,"column":4},"end":{"line":364,"column":null}},"135":{"start":{"line":365,"column":4},"end":{"line":365,"column":null}},"136":{"start":{"line":366,"column":4},"end":{"line":366,"column":null}},"137":{"start":{"line":367,"column":4},"end":{"line":367,"column":null}},"138":{"start":{"line":368,"column":4},"end":{"line":368,"column":null}},"139":{"start":{"line":369,"column":4},"end":{"line":369,"column":null}},"140":{"start":{"line":370,"column":4},"end":{"line":370,"column":null}},"141":{"start":{"line":371,"column":4},"end":{"line":371,"column":null}},"142":{"start":{"line":372,"column":4},"end":{"line":372,"column":null}},"143":{"start":{"line":373,"column":4},"end":{"line":373,"column":null}},"144":{"start":{"line":374,"column":4},"end":{"line":374,"column":null}},"145":{"start":{"line":375,"column":4},"end":{"line":375,"column":null}},"146":{"start":{"line":380,"column":29},"end":{"line":380,"column":null}},"147":{"start":{"line":381,"column":4},"end":{"line":386,"column":null}},"148":{"start":{"line":382,"column":16},"end":{"line":384,"column":null}},"149":{"start":{"line":383,"column":8},"end":{"line":383,"column":null}},"150":{"start":{"line":385,"column":6},"end":{"line":385,"column":null}},"151":{"start":{"line":385,"column":12},"end":{"line":385,"column":21}},"152":{"start":{"line":385,"column":56},"end":{"line":385,"column":73}},"153":{"start":{"line":387,"column":4},"end":{"line":387,"column":null}},"154":{"start":{"line":388,"column":4},"end":{"line":388,"column":null}},"155":{"start":{"line":397,"column":4},"end":{"line":397,"column":null}},"156":{"start":{"line":397,"column":26},"end":{"line":397,"column":null}},"157":{"start":{"line":398,"column":4},"end":{"line":408,"column":null}},"158":{"start":{"line":399,"column":20},"end":{"line":399,"column":null}},"159":{"start":{"line":400,"column":12},"end":{"line":405,"column":null}},"160":{"start":{"line":401,"column":8},"end":{"line":401,"column":null}},"161":{"start":{"line":401,"column":21},"end":{"line":401,"column":null}},"162":{"start":{"line":402,"column":8},"end":{"line":402,"column":null}},"163":{"start":{"line":403,"column":8},"end":{"line":403,"column":null}},"164":{"start":{"line":404,"column":8},"end":{"line":404,"column":null}},"165":{"start":{"line":406,"column":20},"end":{"line":406,"column":null}},"166":{"start":{"line":407,"column":6},"end":{"line":407,"column":null}},"167":{"start":{"line":412,"column":4},"end":{"line":412,"column":null}},"168":{"start":{"line":413,"column":4},"end":{"line":413,"column":null}},"169":{"start":{"line":413,"column":48},"end":{"line":413,"column":null}},"170":{"start":{"line":414,"column":20},"end":{"line":414,"column":null}},"171":{"start":{"line":415,"column":4},"end":{"line":415,"column":null}},"172":{"start":{"line":416,"column":4},"end":{"line":416,"column":null}},"173":{"start":{"line":416,"column":25},"end":{"line":416,"column":28}},"174":{"start":{"line":420,"column":17},"end":{"line":420,"column":null}},"175":{"start":{"line":425,"column":32},"end":{"line":425,"column":null}},"176":{"start":{"line":426,"column":4},"end":{"line":426,"column":null}},"177":{"start":{"line":427,"column":4},"end":{"line":432,"column":null}},"178":{"start":{"line":439,"column":4},"end":{"line":444,"column":null}},"179":{"start":{"line":440,"column":6},"end":{"line":443,"column":null}},"180":{"start":{"line":452,"column":19},"end":{"line":452,"column":null}},"181":{"start":{"line":453,"column":4},"end":{"line":453,"column":null}},"182":{"start":{"line":453,"column":16},"end":{"line":453,"column":null}},"183":{"start":{"line":454,"column":4},"end":{"line":464,"column":null}},"184":{"start":{"line":455,"column":19},"end":{"line":457,"column":null}},"185":{"start":{"line":458,"column":6},"end":{"line":461,"column":null}},"186":{"start":{"line":459,"column":8},"end":{"line":459,"column":null}},"187":{"start":{"line":460,"column":8},"end":{"line":460,"column":null}},"188":{"start":{"line":463,"column":6},"end":{"line":463,"column":null}},"189":{"start":{"line":465,"column":4},"end":{"line":465,"column":null}},"190":{"start":{"line":473,"column":17},"end":{"line":473,"column":null}},"191":{"start":{"line":474,"column":4},"end":{"line":474,"column":null}},"192":{"start":{"line":474,"column":43},"end":{"line":474,"column":null}},"193":{"start":{"line":475,"column":4},"end":{"line":475,"column":null}},"194":{"start":{"line":475,"column":48},"end":{"line":475,"column":null}},"195":{"start":{"line":476,"column":4},"end":{"line":476,"column":null}},"196":{"start":{"line":476,"column":42},"end":{"line":476,"column":null}},"197":{"start":{"line":477,"column":4},"end":{"line":477,"column":null}},"198":{"start":{"line":478,"column":4},"end":{"line":478,"column":null}},"199":{"start":{"line":481,"column":4},"end":{"line":486,"column":null}},"200":{"start":{"line":482,"column":6},"end":{"line":482,"column":null}},"201":{"start":{"line":483,"column":6},"end":{"line":485,"column":null}},"202":{"start":{"line":484,"column":8},"end":{"line":484,"column":null}},"203":{"start":{"line":487,"column":4},"end":{"line":487,"column":null}},"204":{"start":{"line":494,"column":4},"end":{"line":513,"column":null}},"205":{"start":{"line":498,"column":22},"end":{"line":498,"column":null}},"206":{"start":{"line":499,"column":6},"end":{"line":502,"column":null}},"207":{"start":{"line":500,"column":21},"end":{"line":500,"column":null}},"208":{"start":{"line":501,"column":8},"end":{"line":501,"column":null}},"209":{"start":{"line":503,"column":20},"end":{"line":503,"column":null}},"210":{"start":{"line":504,"column":6},"end":{"line":510,"column":null}},"211":{"start":{"line":505,"column":26},"end":{"line":505,"column":null}},"212":{"start":{"line":506,"column":8},"end":{"line":509,"column":null}},"213":{"start":{"line":507,"column":23},"end":{"line":507,"column":null}},"214":{"start":{"line":508,"column":10},"end":{"line":508,"column":null}},"215":{"start":{"line":512,"column":6},"end":{"line":512,"column":null}},"216":{"start":{"line":514,"column":4},"end":{"line":514,"column":null}},"217":{"start":{"line":520,"column":4},"end":{"line":520,"column":null}},"218":{"start":{"line":520,"column":31},"end":{"line":520,"column":null}},"219":{"start":{"line":521,"column":4},"end":{"line":521,"column":null}},"220":{"start":{"line":524,"column":4},"end":{"line":524,"column":null}},"221":{"start":{"line":526,"column":19},"end":{"line":526,"column":null}},"222":{"start":{"line":527,"column":4},"end":{"line":527,"column":null}},"223":{"start":{"line":527,"column":17},"end":{"line":527,"column":null}},"224":{"start":{"line":531,"column":20},"end":{"line":531,"column":null}},"225":{"start":{"line":534,"column":4},"end":{"line":534,"column":null}},"226":{"start":{"line":534,"column":42},"end":{"line":534,"column":null}},"227":{"start":{"line":537,"column":6},"end":{"line":539,"column":null}},"228":{"start":{"line":547,"column":10},"end":{"line":547,"column":null}},"229":{"start":{"line":548,"column":31},"end":{"line":548,"column":null}},"230":{"start":{"line":554,"column":22},"end":{"line":554,"column":null}},"231":{"start":{"line":560,"column":36},"end":{"line":560,"column":null}},"232":{"start":{"line":562,"column":4},"end":{"line":599,"column":null}},"233":{"start":{"line":563,"column":43},"end":{"line":563,"column":null}},"234":{"start":{"line":564,"column":32},"end":{"line":564,"column":null}},"235":{"start":{"line":565,"column":28},"end":{"line":565,"column":null}},"236":{"start":{"line":566,"column":6},"end":{"line":580,"column":null}},"237":{"start":{"line":569,"column":24},"end":{"line":571,"column":null}},"238":{"start":{"line":572,"column":8},"end":{"line":572,"column":null}},"239":{"start":{"line":572,"column":46},"end":{"line":572,"column":null}},"240":{"start":{"line":573,"column":8},"end":{"line":573,"column":null}},"241":{"start":{"line":574,"column":8},"end":{"line":576,"column":null}},"242":{"start":{"line":575,"column":10},"end":{"line":575,"column":null}},"243":{"start":{"line":575,"column":50},"end":{"line":575,"column":69}},"244":{"start":{"line":579,"column":8},"end":{"line":579,"column":null}},"245":{"start":{"line":596,"column":6},"end":{"line":596,"column":null}},"246":{"start":{"line":597,"column":11},"end":{"line":599,"column":null}},"247":{"start":{"line":598,"column":6},"end":{"line":598,"column":null}},"248":{"start":{"line":614,"column":4},"end":{"line":614,"column":null}},"249":{"start":{"line":615,"column":4},"end":{"line":615,"column":null}},"250":{"start":{"line":616,"column":4},"end":{"line":616,"column":null}},"251":{"start":{"line":617,"column":23},"end":{"line":623,"column":null}},"252":{"start":{"line":624,"column":4},"end":{"line":630,"column":null}},"253":{"start":{"line":626,"column":8},"end":{"line":626,"column":null}},"254":{"start":{"line":626,"column":54},"end":{"line":626,"column":72}},"255":{"start":{"line":627,"column":8},"end":{"line":627,"column":null}},"256":{"start":{"line":628,"column":8},"end":{"line":628,"column":null}},"257":{"start":{"line":643,"column":4},"end":{"line":683,"column":null}},"258":{"start":{"line":644,"column":23},"end":{"line":644,"column":null}},"259":{"start":{"line":645,"column":6},"end":{"line":658,"column":null}},"260":{"start":{"line":653,"column":12},"end":{"line":653,"column":null}},"261":{"start":{"line":653,"column":64},"end":{"line":653,"column":82}},"262":{"start":{"line":654,"column":12},"end":{"line":654,"column":null}},"263":{"start":{"line":666,"column":12},"end":{"line":666,"column":null}},"264":{"start":{"line":667,"column":6},"end":{"line":682,"column":null}},"265":{"start":{"line":668,"column":8},"end":{"line":681,"column":null}},"266":{"start":{"line":676,"column":14},"end":{"line":676,"column":null}},"267":{"start":{"line":676,"column":61},"end":{"line":676,"column":79}},"268":{"start":{"line":677,"column":14},"end":{"line":677,"column":null}},"269":{"start":{"line":686,"column":4},"end":{"line":707,"column":null}},"270":{"start":{"line":688,"column":8},"end":{"line":704,"column":null}},"271":{"start":{"line":689,"column":23},"end":{"line":689,"column":null}},"272":{"start":{"line":690,"column":33},"end":{"line":692,"column":null}},"273":{"start":{"line":694,"column":22},"end":{"line":698,"column":null}},"274":{"start":{"line":700,"column":10},"end":{"line":702,"column":null}},"275":{"start":{"line":701,"column":12},"end":{"line":701,"column":null}},"276":{"start":{"line":703,"column":10},"end":{"line":703,"column":null}},"277":{"start":{"line":705,"column":8},"end":{"line":705,"column":null}},"278":{"start":{"line":710,"column":4},"end":{"line":730,"column":null}},"279":{"start":{"line":712,"column":8},"end":{"line":727,"column":null}},"280":{"start":{"line":713,"column":23},"end":{"line":713,"column":null}},"281":{"start":{"line":714,"column":24},"end":{"line":721,"column":null}},"282":{"start":{"line":723,"column":10},"end":{"line":725,"column":null}},"283":{"start":{"line":724,"column":12},"end":{"line":724,"column":null}},"284":{"start":{"line":726,"column":10},"end":{"line":726,"column":null}},"285":{"start":{"line":728,"column":8},"end":{"line":728,"column":null}},"286":{"start":{"line":733,"column":4},"end":{"line":749,"column":null}},"287":{"start":{"line":735,"column":21},"end":{"line":735,"column":null}},"288":{"start":{"line":736,"column":22},"end":{"line":736,"column":null}},"289":{"start":{"line":736,"column":48},"end":{"line":736,"column":92}},"290":{"start":{"line":738,"column":8},"end":{"line":738,"column":null}},"291":{"start":{"line":738,"column":31},"end":{"line":738,"column":null}},"292":{"start":{"line":738,"column":43},"end":{"line":738,"column":null}},"293":{"start":{"line":740,"column":8},"end":{"line":745,"column":null}},"294":{"start":{"line":741,"column":10},"end":{"line":744,"column":null}},"295":{"start":{"line":742,"column":12},"end":{"line":742,"column":null}},"296":{"start":{"line":743,"column":12},"end":{"line":743,"column":null}},"297":{"start":{"line":746,"column":8},"end":{"line":746,"column":null}},"298":{"start":{"line":747,"column":8},"end":{"line":747,"column":null}},"299":{"start":{"line":752,"column":4},"end":{"line":757,"column":null}},"300":{"start":{"line":754,"column":8},"end":{"line":754,"column":null}},"301":{"start":{"line":754,"column":50},"end":{"line":754,"column":91}},"302":{"start":{"line":755,"column":8},"end":{"line":755,"column":null}},"303":{"start":{"line":767,"column":19},"end":{"line":767,"column":null}},"304":{"start":{"line":772,"column":4},"end":{"line":811,"column":null}},"305":{"start":{"line":773,"column":6},"end":{"line":785,"column":null}},"306":{"start":{"line":781,"column":12},"end":{"line":781,"column":null}},"307":{"start":{"line":781,"column":57},"end":{"line":781,"column":101}},"308":{"start":{"line":782,"column":12},"end":{"line":782,"column":null}},"309":{"start":{"line":783,"column":12},"end":{"line":783,"column":null}},"310":{"start":{"line":786,"column":11},"end":{"line":811,"column":null}},"311":{"start":{"line":789,"column":25},"end":{"line":789,"column":null}},"312":{"start":{"line":790,"column":6},"end":{"line":802,"column":null}},"313":{"start":{"line":798,"column":12},"end":{"line":798,"column":null}},"314":{"start":{"line":798,"column":57},"end":{"line":798,"column":101}},"315":{"start":{"line":799,"column":12},"end":{"line":799,"column":null}},"316":{"start":{"line":800,"column":12},"end":{"line":800,"column":null}},"317":{"start":{"line":804,"column":6},"end":{"line":810,"column":null}},"318":{"start":{"line":806,"column":10},"end":{"line":806,"column":null}},"319":{"start":{"line":806,"column":55},"end":{"line":806,"column":99}},"320":{"start":{"line":807,"column":10},"end":{"line":807,"column":null}},"321":{"start":{"line":808,"column":10},"end":{"line":808,"column":null}},"322":{"start":{"line":814,"column":4},"end":{"line":819,"column":null}},"323":{"start":{"line":816,"column":8},"end":{"line":816,"column":null}},"324":{"start":{"line":816,"column":46},"end":{"line":816,"column":91}},"325":{"start":{"line":817,"column":8},"end":{"line":817,"column":null}},"326":{"start":{"line":826,"column":6},"end":{"line":833,"column":null}},"327":{"start":{"line":827,"column":8},"end":{"line":827,"column":null}},"328":{"start":{"line":828,"column":13},"end":{"line":833,"column":null}},"329":{"start":{"line":829,"column":27},"end":{"line":829,"column":null}},"330":{"start":{"line":830,"column":8},"end":{"line":830,"column":null}},"331":{"start":{"line":832,"column":8},"end":{"line":832,"column":null}},"332":{"start":{"line":834,"column":6},"end":{"line":840,"column":null}},"333":{"start":{"line":836,"column":10},"end":{"line":836,"column":null}},"334":{"start":{"line":836,"column":53},"end":{"line":836,"column":95}},"335":{"start":{"line":837,"column":10},"end":{"line":837,"column":null}},"336":{"start":{"line":838,"column":10},"end":{"line":838,"column":null}},"337":{"start":{"line":844,"column":4},"end":{"line":849,"column":null}},"338":{"start":{"line":846,"column":8},"end":{"line":846,"column":null}},"339":{"start":{"line":846,"column":57},"end":{"line":846,"column":105}},"340":{"start":{"line":847,"column":8},"end":{"line":847,"column":null}},"341":{"start":{"line":852,"column":4},"end":{"line":857,"column":null}},"342":{"start":{"line":854,"column":8},"end":{"line":854,"column":null}},"343":{"start":{"line":854,"column":62},"end":{"line":854,"column":115}},"344":{"start":{"line":855,"column":8},"end":{"line":855,"column":null}},"345":{"start":{"line":860,"column":4},"end":{"line":865,"column":null}},"346":{"start":{"line":862,"column":8},"end":{"line":862,"column":null}},"347":{"start":{"line":862,"column":57},"end":{"line":862,"column":105}},"348":{"start":{"line":863,"column":8},"end":{"line":863,"column":null}},"349":{"start":{"line":868,"column":4},"end":{"line":882,"column":null}},"350":{"start":{"line":870,"column":8},"end":{"line":879,"column":null}},"351":{"start":{"line":871,"column":23},"end":{"line":871,"column":null}},"352":{"start":{"line":872,"column":10},"end":{"line":878,"column":null}},"353":{"start":{"line":880,"column":8},"end":{"line":880,"column":null}},"354":{"start":{"line":889,"column":4},"end":{"line":898,"column":null}},"355":{"start":{"line":895,"column":10},"end":{"line":895,"column":null}},"356":{"start":{"line":895,"column":57},"end":{"line":895,"column":103}},"357":{"start":{"line":896,"column":10},"end":{"line":896,"column":null}},"358":{"start":{"line":901,"column":4},"end":{"line":906,"column":null}},"359":{"start":{"line":903,"column":8},"end":{"line":903,"column":null}},"360":{"start":{"line":903,"column":48},"end":{"line":903,"column":97}},"361":{"start":{"line":904,"column":8},"end":{"line":904,"column":null}},"362":{"start":{"line":911,"column":4},"end":{"line":935,"column":null}},"363":{"start":{"line":912,"column":6},"end":{"line":927,"column":null}},"364":{"start":{"line":924,"column":12},"end":{"line":924,"column":null}},"365":{"start":{"line":924,"column":57},"end":{"line":924,"column":101}},"366":{"start":{"line":925,"column":12},"end":{"line":925,"column":null}},"367":{"start":{"line":929,"column":6},"end":{"line":934,"column":null}},"368":{"start":{"line":931,"column":10},"end":{"line":931,"column":null}},"369":{"start":{"line":931,"column":55},"end":{"line":931,"column":99}},"370":{"start":{"line":932,"column":10},"end":{"line":932,"column":null}},"371":{"start":{"line":940,"column":17},"end":{"line":940,"column":null}},"372":{"start":{"line":941,"column":4},"end":{"line":941,"column":null}},"373":{"start":{"line":941,"column":25},"end":{"line":941,"column":null}},"374":{"start":{"line":941,"column":53},"end":{"line":941,"column":80}},"375":{"start":{"line":942,"column":4},"end":{"line":942,"column":null}},"376":{"start":{"line":942,"column":26},"end":{"line":942,"column":null}},"377":{"start":{"line":942,"column":54},"end":{"line":942,"column":83}},"378":{"start":{"line":943,"column":4},"end":{"line":943,"column":null}},"379":{"start":{"line":943,"column":25},"end":{"line":943,"column":null}},"380":{"start":{"line":943,"column":53},"end":{"line":943,"column":80}},"381":{"start":{"line":944,"column":4},"end":{"line":944,"column":null}},"382":{"start":{"line":948,"column":10},"end":{"line":948,"column":null}},"383":{"start":{"line":949,"column":34},"end":{"line":954,"column":null}},"384":{"start":{"line":957,"column":10},"end":{"line":957,"column":null}},"385":{"start":{"line":958,"column":4},"end":{"line":958,"column":null}},"386":{"start":{"line":960,"column":17},"end":{"line":960,"column":null}},"387":{"start":{"line":960,"column":38},"end":{"line":960,"column":62}},"388":{"start":{"line":961,"column":4},"end":{"line":973,"column":null}},"389":{"start":{"line":962,"column":12},"end":{"line":962,"column":null}},"390":{"start":{"line":963,"column":20},"end":{"line":971,"column":null}},"391":{"start":{"line":972,"column":6},"end":{"line":972,"column":null}},"392":{"start":{"line":975,"column":4},"end":{"line":980,"column":null}},"393":{"start":{"line":976,"column":6},"end":{"line":976,"column":null}},"394":{"start":{"line":978,"column":6},"end":{"line":978,"column":null}},"395":{"start":{"line":979,"column":6},"end":{"line":979,"column":null}},"396":{"start":{"line":981,"column":4},"end":{"line":981,"column":null}},"397":{"start":{"line":985,"column":21},"end":{"line":985,"column":null}},"398":{"start":{"line":985,"column":46},"end":{"line":985,"column":57}},"399":{"start":{"line":986,"column":4},"end":{"line":986,"column":null}},"400":{"start":{"line":986,"column":19},"end":{"line":986,"column":null}},"401":{"start":{"line":987,"column":23},"end":{"line":987,"column":null}},"402":{"start":{"line":988,"column":38},"end":{"line":997,"column":null}},"403":{"start":{"line":998,"column":4},"end":{"line":998,"column":null}},"404":{"start":{"line":999,"column":17},"end":{"line":999,"column":null}},"405":{"start":{"line":999,"column":38},"end":{"line":999,"column":62}},"406":{"start":{"line":1000,"column":4},"end":{"line":1008,"column":null}},"407":{"start":{"line":1001,"column":6},"end":{"line":1007,"column":null}},"408":{"start":{"line":1012,"column":21},"end":{"line":1012,"column":null}},"409":{"start":{"line":1012,"column":46},"end":{"line":1012,"column":57}},"410":{"start":{"line":1013,"column":4},"end":{"line":1013,"column":null}},"411":{"start":{"line":1013,"column":19},"end":{"line":1013,"column":null}},"412":{"start":{"line":1014,"column":23},"end":{"line":1014,"column":null}},"413":{"start":{"line":1015,"column":4},"end":{"line":1015,"column":null}},"414":{"start":{"line":1016,"column":17},"end":{"line":1016,"column":null}},"415":{"start":{"line":1016,"column":38},"end":{"line":1016,"column":62}},"416":{"start":{"line":1017,"column":4},"end":{"line":1025,"column":null}},"417":{"start":{"line":1018,"column":6},"end":{"line":1024,"column":null}},"418":{"start":{"line":1029,"column":21},"end":{"line":1029,"column":null}},"419":{"start":{"line":1029,"column":46},"end":{"line":1029,"column":57}},"420":{"start":{"line":1030,"column":4},"end":{"line":1049,"column":null}},"421":{"start":{"line":1031,"column":30},"end":{"line":1038,"column":null}},"422":{"start":{"line":1039,"column":6},"end":{"line":1039,"column":null}},"423":{"start":{"line":1042,"column":6},"end":{"line":1048,"column":null}},"424":{"start":{"line":1054,"column":17},"end":{"line":1054,"column":null}},"425":{"start":{"line":1055,"column":4},"end":{"line":1055,"column":null}},"426":{"start":{"line":1055,"column":28},"end":{"line":1055,"column":null}},"427":{"start":{"line":1055,"column":56},"end":{"line":1055,"column":89}},"428":{"start":{"line":1056,"column":4},"end":{"line":1056,"column":null}},"429":{"start":{"line":1056,"column":26},"end":{"line":1056,"column":null}},"430":{"start":{"line":1056,"column":54},"end":{"line":1056,"column":83}},"431":{"start":{"line":1057,"column":4},"end":{"line":1057,"column":null}},"432":{"start":{"line":1057,"column":30},"end":{"line":1057,"column":null}},"433":{"start":{"line":1057,"column":58},"end":{"line":1057,"column":95}},"434":{"start":{"line":1058,"column":4},"end":{"line":1058,"column":null}},"435":{"start":{"line":1062,"column":10},"end":{"line":1062,"column":null}},"436":{"start":{"line":1063,"column":38},"end":{"line":1068,"column":null}},"437":{"start":{"line":1069,"column":4},"end":{"line":1069,"column":null}},"438":{"start":{"line":1072,"column":4},"end":{"line":1078,"column":null}},"439":{"start":{"line":1080,"column":4},"end":{"line":1080,"column":null}},"440":{"start":{"line":1084,"column":23},"end":{"line":1084,"column":null}},"441":{"start":{"line":1084,"column":50},"end":{"line":1084,"column":61}},"442":{"start":{"line":1085,"column":4},"end":{"line":1087,"column":null}},"443":{"start":{"line":1086,"column":6},"end":{"line":1086,"column":null}},"444":{"start":{"line":1093,"column":4},"end":{"line":1093,"column":null}},"445":{"start":{"line":1094,"column":4},"end":{"line":1094,"column":null}},"446":{"start":{"line":1097,"column":4},"end":{"line":1097,"column":null}},"447":{"start":{"line":1103,"column":25},"end":{"line":1103,"column":null}},"448":{"start":{"line":1104,"column":29},"end":{"line":1104,"column":null}},"449":{"start":{"line":1108,"column":4},"end":{"line":1108,"column":null}},"450":{"start":{"line":1109,"column":4},"end":{"line":1153,"column":null}},"451":{"start":{"line":1110,"column":29},"end":{"line":1110,"column":null}},"452":{"start":{"line":1111,"column":19},"end":{"line":1111,"column":null}},"453":{"start":{"line":1114,"column":30},"end":{"line":1114,"column":null}},"454":{"start":{"line":1114,"column":51},"end":{"line":1114,"column":103}},"455":{"start":{"line":1116,"column":35},"end":{"line":1129,"column":null}},"456":{"start":{"line":1131,"column":6},"end":{"line":1139,"column":null}},"457":{"start":{"line":1132,"column":8},"end":{"line":1132,"column":null}},"458":{"start":{"line":1134,"column":8},"end":{"line":1136,"column":null}},"459":{"start":{"line":1135,"column":10},"end":{"line":1135,"column":null}},"460":{"start":{"line":1141,"column":6},"end":{"line":1141,"column":null}},"461":{"start":{"line":1144,"column":6},"end":{"line":1146,"column":null}},"462":{"start":{"line":1145,"column":8},"end":{"line":1145,"column":null}},"463":{"start":{"line":1148,"column":6},"end":{"line":1148,"column":null}},"464":{"start":{"line":1150,"column":6},"end":{"line":1150,"column":null}},"465":{"start":{"line":1152,"column":6},"end":{"line":1152,"column":null}},"466":{"start":{"line":1157,"column":4},"end":{"line":1262,"column":null}},"467":{"start":{"line":1158,"column":27},"end":{"line":1158,"column":null}},"468":{"start":{"line":1159,"column":29},"end":{"line":1159,"column":null}},"469":{"start":{"line":1160,"column":19},"end":{"line":1160,"column":null}},"470":{"start":{"line":1165,"column":6},"end":{"line":1165,"column":null}},"471":{"start":{"line":1167,"column":26},"end":{"line":1167,"column":null}},"472":{"start":{"line":1167,"column":47},"end":{"line":1167,"column":64}},"473":{"start":{"line":1170,"column":25},"end":{"line":1170,"column":null}},"474":{"start":{"line":1170,"column":48},"end":{"line":1170,"column":121}},"475":{"start":{"line":1171,"column":6},"end":{"line":1177,"column":null}},"476":{"start":{"line":1172,"column":8},"end":{"line":1176,"column":null}},"477":{"start":{"line":1173,"column":10},"end":{"line":1173,"column":null}},"478":{"start":{"line":1179,"column":6},"end":{"line":1248,"column":null}},"479":{"start":{"line":1182,"column":8},"end":{"line":1187,"column":null}},"480":{"start":{"line":1183,"column":10},"end":{"line":1183,"column":null}},"481":{"start":{"line":1185,"column":10},"end":{"line":1185,"column":null}},"482":{"start":{"line":1186,"column":10},"end":{"line":1186,"column":null}},"483":{"start":{"line":1189,"column":8},"end":{"line":1224,"column":null}},"484":{"start":{"line":1191,"column":31},"end":{"line":1191,"column":null}},"485":{"start":{"line":1191,"column":52},"end":{"line":1191,"column":104}},"486":{"start":{"line":1192,"column":11},"end":{"line":1202,"column":null}},"487":{"start":{"line":1194,"column":38},"end":{"line":1194,"column":null}},"488":{"start":{"line":1195,"column":14},"end":{"line":1201,"column":null}},"489":{"start":{"line":1196,"column":16},"end":{"line":1196,"column":null}},"490":{"start":{"line":1197,"column":16},"end":{"line":1197,"column":null}},"491":{"start":{"line":1198,"column":16},"end":{"line":1198,"column":null}},"492":{"start":{"line":1204,"column":36},"end":{"line":1204,"column":null}},"493":{"start":{"line":1205,"column":11},"end":{"line":1222,"column":null}},"494":{"start":{"line":1207,"column":41},"end":{"line":1215,"column":null}},"495":{"start":{"line":1216,"column":14},"end":{"line":1220,"column":null}},"496":{"start":{"line":1217,"column":16},"end":{"line":1217,"column":null}},"497":{"start":{"line":1221,"column":14},"end":{"line":1221,"column":null}},"498":{"start":{"line":1223,"column":11},"end":{"line":1223,"column":null}},"499":{"start":{"line":1226,"column":21},"end":{"line":1226,"column":null}},"500":{"start":{"line":1227,"column":24},"end":{"line":1232,"column":null}},"501":{"start":{"line":1234,"column":33},"end":{"line":1234,"column":null}},"502":{"start":{"line":1235,"column":8},"end":{"line":1242,"column":null}},"503":{"start":{"line":1240,"column":11},"end":{"line":1240,"column":null}},"504":{"start":{"line":1241,"column":11},"end":{"line":1241,"column":null}},"505":{"start":{"line":1243,"column":8},"end":{"line":1246,"column":null}},"506":{"start":{"line":1244,"column":11},"end":{"line":1244,"column":null}},"507":{"start":{"line":1245,"column":11},"end":{"line":1245,"column":null}},"508":{"start":{"line":1247,"column":8},"end":{"line":1247,"column":null}},"509":{"start":{"line":1250,"column":6},"end":{"line":1253,"column":null}},"510":{"start":{"line":1251,"column":10},"end":{"line":1251,"column":null}},"511":{"start":{"line":1252,"column":10},"end":{"line":1252,"column":null}},"512":{"start":{"line":1254,"column":6},"end":{"line":1257,"column":null}},"513":{"start":{"line":1255,"column":10},"end":{"line":1255,"column":null}},"514":{"start":{"line":1256,"column":10},"end":{"line":1256,"column":null}},"515":{"start":{"line":1259,"column":6},"end":{"line":1259,"column":null}},"516":{"start":{"line":1261,"column":6},"end":{"line":1261,"column":null}},"517":{"start":{"line":1266,"column":4},"end":{"line":1271,"column":null}},"518":{"start":{"line":1267,"column":6},"end":{"line":1267,"column":null}},"519":{"start":{"line":1268,"column":6},"end":{"line":1268,"column":null}},"520":{"start":{"line":1270,"column":6},"end":{"line":1270,"column":null}},"521":{"start":{"line":1275,"column":4},"end":{"line":1275,"column":null}},"522":{"start":{"line":1279,"column":4},"end":{"line":1279,"column":null}},"523":{"start":{"line":1279,"column":27},"end":{"line":1279,"column":null}},"524":{"start":{"line":1281,"column":17},"end":{"line":1281,"column":null}},"525":{"start":{"line":1282,"column":29},"end":{"line":1282,"column":null}},"526":{"start":{"line":1284,"column":18},"end":{"line":1284,"column":null}},"527":{"start":{"line":1284,"column":39},"end":{"line":1284,"column":56}},"528":{"start":{"line":1286,"column":4},"end":{"line":1314,"column":null}},"529":{"start":{"line":1287,"column":6},"end":{"line":1313,"column":null}},"530":{"start":{"line":1288,"column":24},"end":{"line":1288,"column":null}},"531":{"start":{"line":1289,"column":8},"end":{"line":1310,"column":null}},"532":{"start":{"line":1290,"column":24},"end":{"line":1290,"column":null}},"533":{"start":{"line":1291,"column":11},"end":{"line":1296,"column":null}},"534":{"start":{"line":1297,"column":15},"end":{"line":1310,"column":null}},"535":{"start":{"line":1299,"column":16},"end":{"line":1299,"column":null}},"536":{"start":{"line":1300,"column":28},"end":{"line":1300,"column":null}},"537":{"start":{"line":1301,"column":10},"end":{"line":1309,"column":null}},"538":{"start":{"line":1302,"column":25},"end":{"line":1302,"column":null}},"539":{"start":{"line":1303,"column":12},"end":{"line":1308,"column":null}},"540":{"start":{"line":1312,"column":8},"end":{"line":1312,"column":null}},"541":{"start":{"line":1317,"column":4},"end":{"line":1319,"column":null}},"542":{"start":{"line":1318,"column":6},"end":{"line":1318,"column":null}},"543":{"start":{"line":1318,"column":37},"end":{"line":1318,"column":89}},"544":{"start":{"line":1321,"column":4},"end":{"line":1328,"column":null}},"545":{"start":{"line":1323,"column":6},"end":{"line":1326,"column":null}},"546":{"start":{"line":1324,"column":8},"end":{"line":1324,"column":null}},"547":{"start":{"line":1325,"column":8},"end":{"line":1325,"column":null}},"548":{"start":{"line":1327,"column":6},"end":{"line":1327,"column":null}},"549":{"start":{"line":1330,"column":4},"end":{"line":1330,"column":null}},"550":{"start":{"line":1336,"column":20},"end":{"line":1336,"column":null}},"551":{"start":{"line":1339,"column":4},"end":{"line":1342,"column":null}},"552":{"start":{"line":1340,"column":6},"end":{"line":1340,"column":null}},"553":{"start":{"line":1340,"column":29},"end":{"line":1340,"column":null}},"554":{"start":{"line":1341,"column":6},"end":{"line":1341,"column":null}},"555":{"start":{"line":1341,"column":30},"end":{"line":1341,"column":null}},"556":{"start":{"line":1343,"column":4},"end":{"line":1345,"column":null}},"557":{"start":{"line":1344,"column":6},"end":{"line":1344,"column":null}},"558":{"start":{"line":1346,"column":4},"end":{"line":1351,"column":null}},"559":{"start":{"line":1347,"column":6},"end":{"line":1347,"column":null}},"560":{"start":{"line":1347,"column":23},"end":{"line":1347,"column":null}},"561":{"start":{"line":1348,"column":6},"end":{"line":1348,"column":null}},"562":{"start":{"line":1348,"column":36},"end":{"line":1348,"column":null}},"563":{"start":{"line":1349,"column":6},"end":{"line":1349,"column":null}},"564":{"start":{"line":1349,"column":35},"end":{"line":1349,"column":null}},"565":{"start":{"line":1350,"column":6},"end":{"line":1350,"column":null}},"566":{"start":{"line":1350,"column":36},"end":{"line":1350,"column":null}},"567":{"start":{"line":1352,"column":4},"end":{"line":1356,"column":null}},"568":{"start":{"line":1353,"column":6},"end":{"line":1353,"column":null}},"569":{"start":{"line":1353,"column":36},"end":{"line":1353,"column":null}},"570":{"start":{"line":1354,"column":6},"end":{"line":1354,"column":null}},"571":{"start":{"line":1354,"column":35},"end":{"line":1354,"column":null}},"572":{"start":{"line":1355,"column":6},"end":{"line":1355,"column":null}},"573":{"start":{"line":1355,"column":36},"end":{"line":1355,"column":null}},"574":{"start":{"line":1359,"column":4},"end":{"line":1363,"column":null}},"575":{"start":{"line":1360,"column":6},"end":{"line":1362,"column":null}},"576":{"start":{"line":1361,"column":8},"end":{"line":1361,"column":null}},"577":{"start":{"line":1365,"column":4},"end":{"line":1365,"column":null}},"578":{"start":{"line":1369,"column":32},"end":{"line":1369,"column":null}},"579":{"start":{"line":1370,"column":41},"end":{"line":1370,"column":null}},"580":{"start":{"line":1371,"column":57},"end":{"line":1371,"column":null}},"581":{"start":{"line":1372,"column":35},"end":{"line":1372,"column":null}},"582":{"start":{"line":1374,"column":4},"end":{"line":1381,"column":null}},"583":{"start":{"line":1375,"column":6},"end":{"line":1377,"column":null}},"584":{"start":{"line":1376,"column":8},"end":{"line":1376,"column":null}},"585":{"start":{"line":1378,"column":6},"end":{"line":1380,"column":null}},"586":{"start":{"line":1379,"column":8},"end":{"line":1379,"column":null}},"587":{"start":{"line":1382,"column":4},"end":{"line":1389,"column":null}},"588":{"start":{"line":1383,"column":6},"end":{"line":1385,"column":null}},"589":{"start":{"line":1384,"column":8},"end":{"line":1384,"column":null}},"590":{"start":{"line":1386,"column":6},"end":{"line":1388,"column":null}},"591":{"start":{"line":1387,"column":8},"end":{"line":1387,"column":null}},"592":{"start":{"line":1393,"column":4},"end":{"line":1400,"column":null}},"593":{"start":{"line":1394,"column":6},"end":{"line":1394,"column":null}},"594":{"start":{"line":1395,"column":22},"end":{"line":1395,"column":null}},"595":{"start":{"line":1396,"column":6},"end":{"line":1396,"column":null}},"596":{"start":{"line":1398,"column":6},"end":{"line":1398,"column":null}},"597":{"start":{"line":1399,"column":6},"end":{"line":1399,"column":null}},"598":{"start":{"line":1404,"column":4},"end":{"line":1410,"column":null}},"599":{"start":{"line":1405,"column":20},"end":{"line":1405,"column":null}},"600":{"start":{"line":1406,"column":6},"end":{"line":1406,"column":null}},"601":{"start":{"line":1408,"column":6},"end":{"line":1408,"column":null}},"602":{"start":{"line":1409,"column":6},"end":{"line":1409,"column":null}},"603":{"start":{"line":1414,"column":4},"end":{"line":1422,"column":null}},"604":{"start":{"line":1415,"column":22},"end":{"line":1415,"column":null}},"605":{"start":{"line":1416,"column":30},"end":{"line":1416,"column":null}},"606":{"start":{"line":1417,"column":20},"end":{"line":1417,"column":null}},"607":{"start":{"line":1418,"column":6},"end":{"line":1418,"column":null}},"608":{"start":{"line":1420,"column":6},"end":{"line":1420,"column":null}},"609":{"start":{"line":1421,"column":6},"end":{"line":1421,"column":null}},"610":{"start":{"line":1426,"column":4},"end":{"line":1471,"column":null}},"611":{"start":{"line":1427,"column":21},"end":{"line":1427,"column":null}},"612":{"start":{"line":1428,"column":6},"end":{"line":1468,"column":null}},"613":{"start":{"line":1429,"column":20},"end":{"line":1429,"column":null}},"614":{"start":{"line":1430,"column":8},"end":{"line":1465,"column":null}},"615":{"start":{"line":1431,"column":25},"end":{"line":1431,"column":null}},"616":{"start":{"line":1432,"column":27},"end":{"line":1432,"column":null}},"617":{"start":{"line":1433,"column":24},"end":{"line":1433,"column":null}},"618":{"start":{"line":1434,"column":25},"end":{"line":1434,"column":null}},"619":{"start":{"line":1437,"column":23},"end":{"line":1437,"column":null}},"620":{"start":{"line":1438,"column":16},"end":{"line":1438,"column":null}},"621":{"start":{"line":1439,"column":16},"end":{"line":1439,"column":null}},"622":{"start":{"line":1441,"column":10},"end":{"line":1441,"column":null}},"623":{"start":{"line":1442,"column":10},"end":{"line":1442,"column":null}},"624":{"start":{"line":1443,"column":22},"end":{"line":1443,"column":null}},"625":{"start":{"line":1445,"column":10},"end":{"line":1464,"column":null}},"626":{"start":{"line":1446,"column":12},"end":{"line":1446,"column":null}},"627":{"start":{"line":1448,"column":28},"end":{"line":1448,"column":null}},"628":{"start":{"line":1450,"column":25},"end":{"line":1450,"column":null}},"629":{"start":{"line":1451,"column":12},"end":{"line":1461,"column":null}},"630":{"start":{"line":1452,"column":14},"end":{"line":1452,"column":null}},"631":{"start":{"line":1453,"column":14},"end":{"line":1458,"column":null}},"632":{"start":{"line":1454,"column":16},"end":{"line":1454,"column":null}},"633":{"start":{"line":1455,"column":16},"end":{"line":1455,"column":null}},"634":{"start":{"line":1457,"column":16},"end":{"line":1457,"column":null}},"635":{"start":{"line":1460,"column":14},"end":{"line":1460,"column":null}},"636":{"start":{"line":1463,"column":12},"end":{"line":1463,"column":null}},"637":{"start":{"line":1466,"column":8},"end":{"line":1466,"column":null}},"638":{"start":{"line":1467,"column":8},"end":{"line":1467,"column":null}},"639":{"start":{"line":1469,"column":6},"end":{"line":1469,"column":null}},"640":{"start":{"line":1470,"column":6},"end":{"line":1470,"column":null}},"641":{"start":{"line":1476,"column":4},"end":{"line":1476,"column":null}},"642":{"start":{"line":1476,"column":60},"end":{"line":1476,"column":null}},"643":{"start":{"line":1479,"column":28},"end":{"line":1479,"column":null}},"644":{"start":{"line":1479,"column":49},"end":{"line":1479,"column":72}},"645":{"start":{"line":1480,"column":4},"end":{"line":1480,"column":null}},"646":{"start":{"line":1480,"column":25},"end":{"line":1480,"column":null}},"647":{"start":{"line":1483,"column":41},"end":{"line":1483,"column":null}},"648":{"start":{"line":1484,"column":4},"end":{"line":1484,"column":null}},"649":{"start":{"line":1488,"column":4},"end":{"line":1490,"column":null}},"650":{"start":{"line":1489,"column":6},"end":{"line":1489,"column":null}},"651":{"start":{"line":1495,"column":25},"end":{"line":1496,"column":null}},"652":{"start":{"line":1496,"column":19},"end":{"line":1496,"column":42}},"653":{"start":{"line":1497,"column":4},"end":{"line":1497,"column":null}},"654":{"start":{"line":1504,"column":4},"end":{"line":1504,"column":null}},"655":{"start":{"line":1504,"column":32},"end":{"line":1504,"column":null}},"656":{"start":{"line":1505,"column":4},"end":{"line":1505,"column":null}},"657":{"start":{"line":1511,"column":19},"end":{"line":1511,"column":null}},"658":{"start":{"line":1513,"column":17},"end":{"line":1513,"column":null}},"659":{"start":{"line":1514,"column":4},"end":{"line":1519,"column":null}},"660":{"start":{"line":1515,"column":6},"end":{"line":1515,"column":null}},"661":{"start":{"line":1515,"column":27},"end":{"line":1515,"column":null}},"662":{"start":{"line":1516,"column":6},"end":{"line":1518,"column":null}},"663":{"start":{"line":1517,"column":8},"end":{"line":1517,"column":null}},"664":{"start":{"line":1517,"column":31},"end":{"line":1517,"column":null}},"665":{"start":{"line":1520,"column":4},"end":{"line":1520,"column":null}},"666":{"start":{"line":1529,"column":21},"end":{"line":1529,"column":null}},"667":{"start":{"line":1530,"column":4},"end":{"line":1530,"column":null}},"668":{"start":{"line":1530,"column":19},"end":{"line":1530,"column":null}},"669":{"start":{"line":1534,"column":18},"end":{"line":1534,"column":null}},"670":{"start":{"line":1535,"column":17},"end":{"line":1537,"column":null}},"671":{"start":{"line":1536,"column":11},"end":{"line":1536,"column":null}},"672":{"start":{"line":1538,"column":4},"end":{"line":1538,"column":null}},"673":{"start":{"line":1538,"column":71},"end":{"line":1538,"column":null}},"674":{"start":{"line":1540,"column":18},"end":{"line":1540,"column":null}},"675":{"start":{"line":1541,"column":22},"end":{"line":1541,"column":null}},"676":{"start":{"line":1542,"column":25},"end":{"line":1542,"column":null}},"677":{"start":{"line":1544,"column":4},"end":{"line":1583,"column":null}},"678":{"start":{"line":1544,"column":17},"end":{"line":1544,"column":20}},"679":{"start":{"line":1545,"column":19},"end":{"line":1545,"column":null}},"680":{"start":{"line":1546,"column":6},"end":{"line":1546,"column":null}},"681":{"start":{"line":1546,"column":28},"end":{"line":1546,"column":null}},"682":{"start":{"line":1548,"column":21},"end":{"line":1548,"column":null}},"683":{"start":{"line":1549,"column":23},"end":{"line":1549,"column":null}},"684":{"start":{"line":1551,"column":61},"end":{"line":1551,"column":null}},"685":{"start":{"line":1552,"column":6},"end":{"line":1553,"column":null}},"686":{"start":{"line":1552,"column":25},"end":{"line":1552,"column":null}},"687":{"start":{"line":1553,"column":11},"end":{"line":1553,"column":null}},"688":{"start":{"line":1553,"column":31},"end":{"line":1553,"column":null}},"689":{"start":{"line":1555,"column":6},"end":{"line":1582,"column":null}},"690":{"start":{"line":1556,"column":8},"end":{"line":1556,"column":null}},"691":{"start":{"line":1557,"column":8},"end":{"line":1557,"column":null}},"692":{"start":{"line":1559,"column":8},"end":{"line":1581,"column":null}},"693":{"start":{"line":1560,"column":26},"end":{"line":1562,"column":null}},"694":{"start":{"line":1564,"column":10},"end":{"line":1570,"column":null}},"695":{"start":{"line":1572,"column":10},"end":{"line":1580,"column":null}},"696":{"start":{"line":1573,"column":12},"end":{"line":1579,"column":null}},"697":{"start":{"line":1585,"column":4},"end":{"line":1590,"column":null}},"698":{"start":{"line":1589,"column":6},"end":{"line":1589,"column":null}},"699":{"start":{"line":1594,"column":22},"end":{"line":1594,"column":null}},"700":{"start":{"line":1594,"column":45},"end":{"line":1594,"column":76}},"701":{"start":{"line":1595,"column":114},"end":{"line":1595,"column":null}},"702":{"start":{"line":1597,"column":4},"end":{"line":1608,"column":null}},"703":{"start":{"line":1598,"column":18},"end":{"line":1598,"column":null}},"704":{"start":{"line":1599,"column":6},"end":{"line":1607,"column":null}},"705":{"start":{"line":1600,"column":8},"end":{"line":1606,"column":null}},"706":{"start":{"line":1601,"column":10},"end":{"line":1603,"column":null}},"707":{"start":{"line":1602,"column":12},"end":{"line":1602,"column":null}},"708":{"start":{"line":1604,"column":10},"end":{"line":1604,"column":null}},"709":{"start":{"line":1605,"column":10},"end":{"line":1605,"column":null}},"710":{"start":{"line":1610,"column":4},"end":{"line":1616,"column":null}},"711":{"start":{"line":1611,"column":19},"end":{"line":1615,"column":8}},"712":{"start":{"line":1616,"column":22},"end":{"line":1616,"column":45}},"713":{"start":{"line":1620,"column":17},"end":{"line":1620,"column":null}},"714":{"start":{"line":1621,"column":4},"end":{"line":1621,"column":null}},"715":{"start":{"line":1621,"column":55},"end":{"line":1621,"column":null}},"716":{"start":{"line":1623,"column":16},"end":{"line":1623,"column":null}},"717":{"start":{"line":1624,"column":4},"end":{"line":1624,"column":null}},"718":{"start":{"line":1624,"column":14},"end":{"line":1624,"column":null}},"719":{"start":{"line":1626,"column":25},"end":{"line":1626,"column":null}},"720":{"start":{"line":1627,"column":54},"end":{"line":1627,"column":null}},"721":{"start":{"line":1629,"column":4},"end":{"line":1660,"column":null}},"722":{"start":{"line":1630,"column":27},"end":{"line":1630,"column":null}},"723":{"start":{"line":1631,"column":18},"end":{"line":1631,"column":null}},"724":{"start":{"line":1633,"column":6},"end":{"line":1659,"column":null}},"725":{"start":{"line":1634,"column":22},"end":{"line":1634,"column":null}},"726":{"start":{"line":1635,"column":26},"end":{"line":1635,"column":null}},"727":{"start":{"line":1637,"column":31},"end":{"line":1637,"column":null}},"728":{"start":{"line":1637,"column":62},"end":{"line":1637,"column":100}},"729":{"start":{"line":1639,"column":35},"end":{"line":1643,"column":null}},"730":{"start":{"line":1645,"column":27},"end":{"line":1645,"column":null}},"731":{"start":{"line":1646,"column":8},"end":{"line":1646,"column":null}},"732":{"start":{"line":1648,"column":8},"end":{"line":1658,"column":null}},"733":{"start":{"line":1662,"column":4},"end":{"line":1668,"column":null}},"734":{"start":{"line":1665,"column":54},"end":{"line":1665,"column":67}},"735":{"start":{"line":1672,"column":17},"end":{"line":1672,"column":null}},"736":{"start":{"line":1673,"column":4},"end":{"line":1673,"column":null}},"737":{"start":{"line":1673,"column":55},"end":{"line":1673,"column":null}},"738":{"start":{"line":1675,"column":16},"end":{"line":1675,"column":null}},"739":{"start":{"line":1676,"column":4},"end":{"line":1676,"column":null}},"740":{"start":{"line":1676,"column":14},"end":{"line":1676,"column":null}},"741":{"start":{"line":1678,"column":25},"end":{"line":1678,"column":null}},"742":{"start":{"line":1679,"column":22},"end":{"line":1679,"column":null}},"743":{"start":{"line":1679,"column":60},"end":{"line":1679,"column":79}},"744":{"start":{"line":1681,"column":32},"end":{"line":1681,"column":null}},"745":{"start":{"line":1682,"column":40},"end":{"line":1682,"column":null}},"746":{"start":{"line":1683,"column":34},"end":{"line":1683,"column":null}},"747":{"start":{"line":1684,"column":31},"end":{"line":1684,"column":null}},"748":{"start":{"line":1686,"column":4},"end":{"line":1742,"column":null}},"749":{"start":{"line":1687,"column":27},"end":{"line":1687,"column":null}},"750":{"start":{"line":1688,"column":20},"end":{"line":1688,"column":null}},"751":{"start":{"line":1689,"column":6},"end":{"line":1689,"column":null}},"752":{"start":{"line":1689,"column":18},"end":{"line":1689,"column":null}},"753":{"start":{"line":1691,"column":28},"end":{"line":1691,"column":null}},"754":{"start":{"line":1693,"column":6},"end":{"line":1700,"column":null}},"755":{"start":{"line":1694,"column":8},"end":{"line":1694,"column":null}},"756":{"start":{"line":1696,"column":25},"end":{"line":1696,"column":null}},"757":{"start":{"line":1697,"column":8},"end":{"line":1699,"column":null}},"758":{"start":{"line":1698,"column":10},"end":{"line":1698,"column":null}},"759":{"start":{"line":1702,"column":6},"end":{"line":1741,"column":null}},"760":{"start":{"line":1703,"column":27},"end":{"line":1703,"column":null}},"761":{"start":{"line":1703,"column":47},"end":{"line":1703,"column":72}},"762":{"start":{"line":1706,"column":23},"end":{"line":1708,"column":null}},"763":{"start":{"line":1707,"column":41},"end":{"line":1707,"column":109}},"764":{"start":{"line":1710,"column":21},"end":{"line":1720,"column":null}},"765":{"start":{"line":1722,"column":8},"end":{"line":1740,"column":null}},"766":{"start":{"line":1723,"column":10},"end":{"line":1723,"column":null}},"767":{"start":{"line":1725,"column":10},"end":{"line":1739,"column":null}},"768":{"start":{"line":1727,"column":14},"end":{"line":1727,"column":null}},"769":{"start":{"line":1728,"column":14},"end":{"line":1728,"column":null}},"770":{"start":{"line":1731,"column":14},"end":{"line":1731,"column":null}},"771":{"start":{"line":1732,"column":14},"end":{"line":1732,"column":null}},"772":{"start":{"line":1734,"column":14},"end":{"line":1734,"column":null}},"773":{"start":{"line":1735,"column":14},"end":{"line":1735,"column":null}},"774":{"start":{"line":1737,"column":14},"end":{"line":1737,"column":null}},"775":{"start":{"line":1738,"column":14},"end":{"line":1738,"column":null}},"776":{"start":{"line":1744,"column":4},"end":{"line":1744,"column":null}},"777":{"start":{"line":1749,"column":17},"end":{"line":1749,"column":null}},"778":{"start":{"line":1750,"column":4},"end":{"line":1750,"column":null}},"779":{"start":{"line":1750,"column":15},"end":{"line":1750,"column":null}},"780":{"start":{"line":1751,"column":4},"end":{"line":1764,"column":null}},"781":{"start":{"line":1753,"column":8},"end":{"line":1753,"column":null}},"782":{"start":{"line":1755,"column":8},"end":{"line":1755,"column":null}},"783":{"start":{"line":1757,"column":8},"end":{"line":1757,"column":null}},"784":{"start":{"line":1759,"column":8},"end":{"line":1759,"column":null}},"785":{"start":{"line":1761,"column":8},"end":{"line":1761,"column":null}},"786":{"start":{"line":1763,"column":8},"end":{"line":1763,"column":null}},"787":{"start":{"line":1769,"column":4},"end":{"line":1773,"column":null}},"788":{"start":{"line":1770,"column":6},"end":{"line":1772,"column":null}},"789":{"start":{"line":1778,"column":4},"end":{"line":1778,"column":null}},"790":{"start":{"line":1778,"column":44},"end":{"line":1778,"column":72}},"791":{"start":{"line":1784,"column":4},"end":{"line":1785,"column":null}},"792":{"start":{"line":1785,"column":17},"end":{"line":1785,"column":52}},"793":{"start":{"line":1790,"column":4},"end":{"line":1790,"column":null}},"794":{"start":{"line":1790,"column":39},"end":{"line":1790,"column":null}},"795":{"start":{"line":1792,"column":16},"end":{"line":1792,"column":null}},"796":{"start":{"line":1794,"column":4},"end":{"line":1801,"column":null}},"797":{"start":{"line":1795,"column":28},"end":{"line":1796,"column":null}},"798":{"start":{"line":1796,"column":8},"end":{"line":1796,"column":95}},"799":{"start":{"line":1797,"column":6},"end":{"line":1797,"column":null}},"800":{"start":{"line":1797,"column":38},"end":{"line":1797,"column":null}},"801":{"start":{"line":1798,"column":21},"end":{"line":1799,"column":null}},"802":{"start":{"line":1799,"column":8},"end":{"line":1799,"column":77}},"803":{"start":{"line":1800,"column":6},"end":{"line":1800,"column":null}},"804":{"start":{"line":1803,"column":28},"end":{"line":1805,"column":null}},"805":{"start":{"line":1804,"column":19},"end":{"line":1804,"column":83}},"806":{"start":{"line":1805,"column":22},"end":{"line":1805,"column":77}},"807":{"start":{"line":1806,"column":21},"end":{"line":1806,"column":null}},"808":{"start":{"line":1808,"column":4},"end":{"line":1820,"column":null}},"809":{"start":{"line":1809,"column":12},"end":{"line":1809,"column":null}},"810":{"start":{"line":1810,"column":18},"end":{"line":1810,"column":null}},"811":{"start":{"line":1812,"column":20},"end":{"line":1812,"column":null}},"812":{"start":{"line":1813,"column":6},"end":{"line":1813,"column":null}},"813":{"start":{"line":1813,"column":25},"end":{"line":1813,"column":null}},"814":{"start":{"line":1815,"column":6},"end":{"line":1815,"column":null}},"815":{"start":{"line":1815,"column":43},"end":{"line":1815,"column":null}},"816":{"start":{"line":1817,"column":19},"end":{"line":1817,"column":null}},"817":{"start":{"line":1818,"column":6},"end":{"line":1818,"column":null}},"818":{"start":{"line":1818,"column":23},"end":{"line":1818,"column":null}},"819":{"start":{"line":1819,"column":6},"end":{"line":1819,"column":null}},"820":{"start":{"line":1822,"column":4},"end":{"line":1825,"column":null}},"821":{"start":{"line":1823,"column":6},"end":{"line":1823,"column":null}},"822":{"start":{"line":1823,"column":67},"end":{"line":1823,"column":null}},"823":{"start":{"line":1824,"column":6},"end":{"line":1824,"column":null}},"824":{"start":{"line":1828,"column":4},"end":{"line":1828,"column":null}},"825":{"start":{"line":1828,"column":19},"end":{"line":1828,"column":null}},"826":{"start":{"line":1829,"column":17},"end":{"line":1829,"column":null}},"827":{"start":{"line":1830,"column":4},"end":{"line":1832,"column":null}},"828":{"start":{"line":1830,"column":37},"end":{"line":1830,"column":null}},"829":{"start":{"line":1831,"column":9},"end":{"line":1832,"column":null}},"830":{"start":{"line":1831,"column":43},"end":{"line":1831,"column":null}},"831":{"start":{"line":1832,"column":9},"end":{"line":1832,"column":null}},"832":{"start":{"line":1832,"column":45},"end":{"line":1832,"column":null}},"833":{"start":{"line":1833,"column":4},"end":{"line":1833,"column":null}},"834":{"start":{"line":1840,"column":18},"end":{"line":1840,"column":null}},"835":{"start":{"line":1841,"column":4},"end":{"line":1841,"column":null}},"836":{"start":{"line":1841,"column":28},"end":{"line":1841,"column":null}},"837":{"start":{"line":1843,"column":32},"end":{"line":1843,"column":null}},"838":{"start":{"line":1844,"column":4},"end":{"line":1848,"column":null}},"839":{"start":{"line":1845,"column":18},"end":{"line":1845,"column":null}},"840":{"start":{"line":1846,"column":6},"end":{"line":1846,"column":null}},"841":{"start":{"line":1846,"column":16},"end":{"line":1846,"column":null}},"842":{"start":{"line":1847,"column":6},"end":{"line":1847,"column":null}},"843":{"start":{"line":1847,"column":39},"end":{"line":1847,"column":null}},"844":{"start":{"line":1849,"column":4},"end":{"line":1849,"column":null}},"845":{"start":{"line":1853,"column":17},"end":{"line":1853,"column":null}},"846":{"start":{"line":1854,"column":4},"end":{"line":1854,"column":null}},"847":{"start":{"line":1854,"column":55},"end":{"line":1854,"column":null}},"848":{"start":{"line":1856,"column":23},"end":{"line":1856,"column":null}},"849":{"start":{"line":1857,"column":4},"end":{"line":1857,"column":null}},"850":{"start":{"line":1857,"column":21},"end":{"line":1857,"column":null}},"851":{"start":{"line":1865,"column":26},"end":{"line":1865,"column":null}},"852":{"start":{"line":1866,"column":21},"end":{"line":1868,"column":null}},"853":{"start":{"line":1867,"column":6},"end":{"line":1867,"column":null}},"854":{"start":{"line":1870,"column":25},"end":{"line":1870,"column":null}},"855":{"start":{"line":1871,"column":4},"end":{"line":1871,"column":null}},"856":{"start":{"line":1871,"column":29},"end":{"line":1871,"column":null}},"857":{"start":{"line":1873,"column":43},"end":{"line":1873,"column":null}},"858":{"start":{"line":1876,"column":4},"end":{"line":1916,"column":null}},"859":{"start":{"line":1876,"column":17},"end":{"line":1876,"column":35}},"860":{"start":{"line":1877,"column":20},"end":{"line":1877,"column":null}},"861":{"start":{"line":1882,"column":24},"end":{"line":1883,"column":null}},"862":{"start":{"line":1882,"column":43},"end":{"line":1882,"column":110}},"863":{"start":{"line":1883,"column":30},"end":{"line":1883,"column":50}},"864":{"start":{"line":1884,"column":27},"end":{"line":1884,"column":null}},"865":{"start":{"line":1886,"column":47},"end":{"line":1886,"column":null}},"866":{"start":{"line":1887,"column":27},"end":{"line":1887,"column":null}},"867":{"start":{"line":1889,"column":6},"end":{"line":1903,"column":null}},"868":{"start":{"line":1890,"column":29},"end":{"line":1890,"column":null}},"869":{"start":{"line":1891,"column":20},"end":{"line":1891,"column":null}},"870":{"start":{"line":1892,"column":22},"end":{"line":1892,"column":null}},"871":{"start":{"line":1894,"column":8},"end":{"line":1900,"column":null}},"872":{"start":{"line":1902,"column":8},"end":{"line":1902,"column":null}},"873":{"start":{"line":1905,"column":104},"end":{"line":1905,"column":null}},"874":{"start":{"line":1906,"column":6},"end":{"line":1908,"column":null}},"875":{"start":{"line":1906,"column":59},"end":{"line":1906,"column":null}},"876":{"start":{"line":1907,"column":11},"end":{"line":1908,"column":null}},"877":{"start":{"line":1907,"column":36},"end":{"line":1907,"column":null}},"878":{"start":{"line":1908,"column":11},"end":{"line":1908,"column":null}},"879":{"start":{"line":1908,"column":36},"end":{"line":1908,"column":null}},"880":{"start":{"line":1910,"column":6},"end":{"line":1915,"column":null}},"881":{"start":{"line":1918,"column":4},"end":{"line":1922,"column":null}},"882":{"start":{"line":1928,"column":4},"end":{"line":1928,"column":null}},"883":{"start":{"line":1928,"column":32},"end":{"line":1928,"column":77}},"884":{"start":{"line":1931,"column":28},"end":{"line":1931,"column":87}},"885":{"start":{"line":1931,"column":56},"end":{"line":1931,"column":84}},"886":{"start":{"line":1932,"column":30},"end":{"line":1932,"column":88}},"887":{"start":{"line":1932,"column":57},"end":{"line":1932,"column":85}},"888":{"start":{"line":1935,"column":4},"end":{"line":1935,"column":null}},"889":{"start":{"line":1935,"column":33},"end":{"line":1935,"column":81}},"890":{"start":{"line":1940,"column":4},"end":{"line":1943,"column":null}},"891":{"start":{"line":1941,"column":23},"end":{"line":1941,"column":null}},"892":{"start":{"line":1942,"column":6},"end":{"line":1942,"column":null}},"893":{"start":{"line":1942,"column":33},"end":{"line":1942,"column":null}},"894":{"start":{"line":1950,"column":4},"end":{"line":1950,"column":null}},"895":{"start":{"line":1950,"column":18},"end":{"line":1950,"column":null}},"896":{"start":{"line":1951,"column":4},"end":{"line":1951,"column":null}},"897":{"start":{"line":1951,"column":56},"end":{"line":1951,"column":84}},"898":{"start":{"line":1954,"column":42},"end":{"line":1954,"column":121}},"899":{"start":{"line":1954,"column":105},"end":{"line":1954,"column":118}},"900":{"start":{"line":1955,"column":40},"end":{"line":1955,"column":115}},"901":{"start":{"line":1955,"column":99},"end":{"line":1955,"column":112}},"902":{"start":{"line":1956,"column":41},"end":{"line":1956,"column":118}},"903":{"start":{"line":1956,"column":102},"end":{"line":1956,"column":115}},"904":{"start":{"line":1958,"column":4},"end":{"line":1958,"column":null}},"905":{"start":{"line":1958,"column":34},"end":{"line":1958,"column":94}},"906":{"start":{"line":1960,"column":24},"end":{"line":1960,"column":49}},"907":{"start":{"line":1961,"column":25},"end":{"line":1961,"column":85}},"908":{"start":{"line":1961,"column":54},"end":{"line":1961,"column":82}},"909":{"start":{"line":1962,"column":20},"end":{"line":1962,"column":38}},"910":{"start":{"line":1968,"column":4},"end":{"line":1976,"column":null}},"911":{"start":{"line":1969,"column":19},"end":{"line":1971,"column":null}},"912":{"start":{"line":1972,"column":6},"end":{"line":1972,"column":null}},"913":{"start":{"line":1972,"column":33},"end":{"line":1972,"column":74}},"914":{"start":{"line":1974,"column":6},"end":{"line":1974,"column":null}},"915":{"start":{"line":1975,"column":6},"end":{"line":1975,"column":null}},"916":{"start":{"line":1978,"column":21},"end":{"line":1978,"column":43}},"917":{"start":{"line":1979,"column":31},"end":{"line":1979,"column":76}},"918":{"start":{"line":1979,"column":62},"end":{"line":1979,"column":73}},"919":{"start":{"line":1983,"column":4},"end":{"line":1983,"column":null}},"920":{"start":{"line":1983,"column":17},"end":{"line":1983,"column":null}},"921":{"start":{"line":1985,"column":4},"end":{"line":1985,"column":null}},"922":{"start":{"line":1985,"column":30},"end":{"line":1985,"column":null}},"923":{"start":{"line":1986,"column":4},"end":{"line":1986,"column":null}},"924":{"start":{"line":1987,"column":17},"end":{"line":1987,"column":null}},"925":{"start":{"line":1987,"column":44},"end":{"line":1987,"column":59}},"926":{"start":{"line":1988,"column":4},"end":{"line":1988,"column":null}},"927":{"start":{"line":1988,"column":15},"end":{"line":1988,"column":null}},"928":{"start":{"line":1989,"column":4},"end":{"line":1989,"column":null}},"929":{"start":{"line":1989,"column":51},"end":{"line":1989,"column":null}},"930":{"start":{"line":1990,"column":4},"end":{"line":1990,"column":null}},"931":{"start":{"line":1999,"column":27},"end":{"line":2003,"column":null}},"932":{"start":{"line":2001,"column":21},"end":{"line":2001,"column":99}},"933":{"start":{"line":2002,"column":18},"end":{"line":2002,"column":22}},"934":{"start":{"line":2005,"column":4},"end":{"line":2010,"column":null}},"935":{"start":{"line":2006,"column":6},"end":{"line":2008,"column":null}},"936":{"start":{"line":2014,"column":17},"end":{"line":2014,"column":null}},"937":{"start":{"line":2015,"column":4},"end":{"line":2015,"column":null}},"938":{"start":{"line":2015,"column":15},"end":{"line":2015,"column":null}},"939":{"start":{"line":2017,"column":4},"end":{"line":2019,"column":null}},"940":{"start":{"line":2018,"column":7},"end":{"line":2018,"column":null}},"941":{"start":{"line":2018,"column":37},"end":{"line":2018,"column":86}},"942":{"start":{"line":2021,"column":4},"end":{"line":2025,"column":null}},"943":{"start":{"line":2022,"column":8},"end":{"line":2024,"column":null}},"944":{"start":{"line":2031,"column":4},"end":{"line":2035,"column":null}},"945":{"start":{"line":2032,"column":23},"end":{"line":2032,"column":null}},"946":{"start":{"line":2033,"column":21},"end":{"line":2033,"column":null}},"947":{"start":{"line":2034,"column":6},"end":{"line":2034,"column":null}},"948":{"start":{"line":2034,"column":32},"end":{"line":2034,"column":null}},"949":{"start":{"line":2037,"column":18},"end":{"line":2037,"column":null}},"950":{"start":{"line":2038,"column":4},"end":{"line":2038,"column":null}},"951":{"start":{"line":2038,"column":16},"end":{"line":2038,"column":null}},"952":{"start":{"line":2043,"column":4},"end":{"line":2084,"column":null}},"953":{"start":{"line":2044,"column":28},"end":{"line":2044,"column":null}},"954":{"start":{"line":2044,"column":57},"end":{"line":2044,"column":104}},"955":{"start":{"line":2045,"column":6},"end":{"line":2047,"column":null}},"956":{"start":{"line":2046,"column":8},"end":{"line":2046,"column":null}},"957":{"start":{"line":2046,"column":54},"end":{"line":2046,"column":67}},"958":{"start":{"line":2048,"column":6},"end":{"line":2066,"column":null}},"959":{"start":{"line":2048,"column":42},"end":{"line":2048,"column":54}},"960":{"start":{"line":2050,"column":22},"end":{"line":2050,"column":null}},"961":{"start":{"line":2050,"column":50},"end":{"line":2050,"column":67}},"962":{"start":{"line":2051,"column":22},"end":{"line":2051,"column":null}},"963":{"start":{"line":2051,"column":50},"end":{"line":2051,"column":67}},"964":{"start":{"line":2052,"column":21},"end":{"line":2052,"column":null}},"965":{"start":{"line":2052,"column":49},"end":{"line":2052,"column":69}},"966":{"start":{"line":2054,"column":24},"end":{"line":2054,"column":null}},"967":{"start":{"line":2054,"column":66},"end":{"line":2054,"column":79}},"968":{"start":{"line":2055,"column":24},"end":{"line":2055,"column":null}},"969":{"start":{"line":2055,"column":66},"end":{"line":2055,"column":79}},"970":{"start":{"line":2056,"column":23},"end":{"line":2056,"column":null}},"971":{"start":{"line":2056,"column":63},"end":{"line":2056,"column":76}},"972":{"start":{"line":2058,"column":26},"end":{"line":2058,"column":null}},"973":{"start":{"line":2059,"column":28},"end":{"line":2059,"column":null}},"974":{"start":{"line":2061,"column":8},"end":{"line":2061,"column":null}},"975":{"start":{"line":2061,"column":32},"end":{"line":2061,"column":65}},"976":{"start":{"line":2061,"column":65},"end":{"line":2061,"column":86}},"977":{"start":{"line":2062,"column":8},"end":{"line":2062,"column":null}},"978":{"start":{"line":2062,"column":32},"end":{"line":2062,"column":65}},"979":{"start":{"line":2062,"column":65},"end":{"line":2062,"column":86}},"980":{"start":{"line":2063,"column":8},"end":{"line":2063,"column":null}},"981":{"start":{"line":2063,"column":32},"end":{"line":2063,"column":65}},"982":{"start":{"line":2063,"column":65},"end":{"line":2063,"column":86}},"983":{"start":{"line":2065,"column":8},"end":{"line":2065,"column":null}},"984":{"start":{"line":2069,"column":30},"end":{"line":2069,"column":null}},"985":{"start":{"line":2069,"column":59},"end":{"line":2069,"column":194}},"986":{"start":{"line":2070,"column":6},"end":{"line":2072,"column":null}},"987":{"start":{"line":2071,"column":8},"end":{"line":2071,"column":null}},"988":{"start":{"line":2071,"column":58},"end":{"line":2071,"column":71}},"989":{"start":{"line":2074,"column":6},"end":{"line":2083,"column":null}},"990":{"start":{"line":2075,"column":8},"end":{"line":2075,"column":null}},"991":{"start":{"line":2075,"column":50},"end":{"line":2075,"column":105}},"992":{"start":{"line":2077,"column":33},"end":{"line":2077,"column":null}},"993":{"start":{"line":2077,"column":60},"end":{"line":2077,"column":150}},"994":{"start":{"line":2078,"column":8},"end":{"line":2082,"column":null}},"995":{"start":{"line":2078,"column":45},"end":{"line":2078,"column":57}},"996":{"start":{"line":2080,"column":27},"end":{"line":2080,"column":null}},"997":{"start":{"line":2080,"column":65},"end":{"line":2080,"column":85}},"998":{"start":{"line":2081,"column":10},"end":{"line":2081,"column":null}},"999":{"start":{"line":2086,"column":4},"end":{"line":2088,"column":null}},"1000":{"start":{"line":2087,"column":6},"end":{"line":2087,"column":null}},"1001":{"start":{"line":2089,"column":4},"end":{"line":2089,"column":null}},"1002":{"start":{"line":2093,"column":4},"end":{"line":2099,"column":null}},"1003":{"start":{"line":2094,"column":25},"end":{"line":2094,"column":null}},"1004":{"start":{"line":2095,"column":27},"end":{"line":2095,"column":null}},"1005":{"start":{"line":2096,"column":25},"end":{"line":2096,"column":null}},"1006":{"start":{"line":2097,"column":25},"end":{"line":2097,"column":null}},"1007":{"start":{"line":2098,"column":6},"end":{"line":2098,"column":null}},"1008":{"start":{"line":2099,"column":22},"end":{"line":2099,"column":77}},"1009":{"start":{"line":2104,"column":4},"end":{"line":2104,"column":null}},"1010":{"start":{"line":2104,"column":43},"end":{"line":2104,"column":108}},"1011":{"start":{"line":2108,"column":4},"end":{"line":2108,"column":null}},"1012":{"start":{"line":2108,"column":33},"end":{"line":2108,"column":54}},"1013":{"start":{"line":2118,"column":4},"end":{"line":2120,"column":null}},"1014":{"start":{"line":2119,"column":6},"end":{"line":2120,"column":57}},"1015":{"start":{"line":2124,"column":4},"end":{"line":2124,"column":null}},"1016":{"start":{"line":2124,"column":42},"end":{"line":2124,"column":53}},"1017":{"start":{"line":2128,"column":10},"end":{"line":2128,"column":null}},"1018":{"start":{"line":2129,"column":16},"end":{"line":2129,"column":null}},"1019":{"start":{"line":2130,"column":36},"end":{"line":2130,"column":null}},"1020":{"start":{"line":2131,"column":4},"end":{"line":2131,"column":null}},"1021":{"start":{"line":2132,"column":4},"end":{"line":2132,"column":null}},"1022":{"start":{"line":2133,"column":4},"end":{"line":2133,"column":null}},"1023":{"start":{"line":2137,"column":36},"end":{"line":2137,"column":null}},"1024":{"start":{"line":2138,"column":4},"end":{"line":2138,"column":null}},"1025":{"start":{"line":2139,"column":4},"end":{"line":2139,"column":null}},"1026":{"start":{"line":2143,"column":17},"end":{"line":2143,"column":null}},"1027":{"start":{"line":2144,"column":4},"end":{"line":2144,"column":null}},"1028":{"start":{"line":2145,"column":4},"end":{"line":2145,"column":null}},"1029":{"start":{"line":2153,"column":4},"end":{"line":2155,"column":null}},"1030":{"start":{"line":2154,"column":6},"end":{"line":2155,"column":57}},"1031":{"start":{"line":2159,"column":4},"end":{"line":2159,"column":null}},"1032":{"start":{"line":2159,"column":49},"end":{"line":2159,"column":60}},"1033":{"start":{"line":2163,"column":10},"end":{"line":2163,"column":null}},"1034":{"start":{"line":2164,"column":16},"end":{"line":2164,"column":null}},"1035":{"start":{"line":2165,"column":50},"end":{"line":2165,"column":null}},"1036":{"start":{"line":2166,"column":4},"end":{"line":2166,"column":null}},"1037":{"start":{"line":2167,"column":4},"end":{"line":2167,"column":null}},"1038":{"start":{"line":2168,"column":4},"end":{"line":2168,"column":null}},"1039":{"start":{"line":2172,"column":43},"end":{"line":2172,"column":null}},"1040":{"start":{"line":2173,"column":4},"end":{"line":2173,"column":null}},"1041":{"start":{"line":2174,"column":4},"end":{"line":2174,"column":null}},"1042":{"start":{"line":2178,"column":24},"end":{"line":2178,"column":null}},"1043":{"start":{"line":2180,"column":21},"end":{"line":2180,"column":null}},"1044":{"start":{"line":2180,"column":40},"end":{"line":2180,"column":92}},"1045":{"start":{"line":2181,"column":4},"end":{"line":2181,"column":null}},"1046":{"start":{"line":2182,"column":4},"end":{"line":2187,"column":null}},"1047":{"start":{"line":2183,"column":6},"end":{"line":2186,"column":null}},"1048":{"start":{"line":2185,"column":85},"end":{"line":2185,"column":93}},"1049":{"start":{"line":2188,"column":4},"end":{"line":2188,"column":null}},"1050":{"start":{"line":2197,"column":18},"end":{"line":2197,"column":null}},"1051":{"start":{"line":2198,"column":4},"end":{"line":2198,"column":null}},"1052":{"start":{"line":2198,"column":16},"end":{"line":2198,"column":null}},"1053":{"start":{"line":2199,"column":16},"end":{"line":2199,"column":null}},"1054":{"start":{"line":2200,"column":21},"end":{"line":2202,"column":null}},"1055":{"start":{"line":2201,"column":17},"end":{"line":2201,"column":67}},"1056":{"start":{"line":2201,"column":55},"end":{"line":2201,"column":66}},"1057":{"start":{"line":2202,"column":49},"end":{"line":2202,"column":77}},"1058":{"start":{"line":2203,"column":4},"end":{"line":2203,"column":null}},"1059":{"start":{"line":2203,"column":29},"end":{"line":2203,"column":null}},"1060":{"start":{"line":2205,"column":4},"end":{"line":2219,"column":null}},"1061":{"start":{"line":2206,"column":6},"end":{"line":2218,"column":null}},"1062":{"start":{"line":2220,"column":4},"end":{"line":2220,"column":null}},"1063":{"start":{"line":2224,"column":4},"end":{"line":2224,"column":null}},"1064":{"start":{"line":2224,"column":74},"end":{"line":2224,"column":82}},"1065":{"start":{"line":2228,"column":4},"end":{"line":2228,"column":null}},"1066":{"start":{"line":2234,"column":4},"end":{"line":2234,"column":null}},"1067":{"start":{"line":2238,"column":17},"end":{"line":2238,"column":null}},"1068":{"start":{"line":2238,"column":62},"end":{"line":2238,"column":109}},"1069":{"start":{"line":2239,"column":4},"end":{"line":2239,"column":null}},"1070":{"start":{"line":2239,"column":80},"end":{"line":2239,"column":96}},"1071":{"start":{"line":22
[...]
:Infinity":948,"s:2037:18:2037:Infinity":949,"b:2038:4:2038:Infinity:undefined:undefined:undefined:undefined":279,"s:2038:4:2038:Infinity":950,"s:2038:16:2038:Infinity":951,"b:2043:4:2084:Infinity:2067:11:2084:Infinity":280,"s:2043:4:2084:Infinity":952,"s:2044:28:2044:Infinity":953,"f:2044:45:2044:52":202,"s:2044:57:2044:104":954,"b:2044:57:2044:83:2044:83:2044:104":281,"b:2045:6:2047:Infinity:undefined:undefined:undefined:undefined":282,"s:2045:6:2047:Infinity":955,"s:2046:8:2046:Infinity":956,"f:2046:42:2046:49":203,"s:2046:54:2046:67":957,"b:2048:6:2066:Infinity:2049:11:2066:Infinity":283,"s:2048:6:2066:Infinity":958,"s:2048:42:2048:54":959,"s:2050:22:2050:Infinity":960,"f:2050:38:2050:45":204,"s:2050:50:2050:67":961,"s:2051:22:2051:Infinity":962,"f:2051:38:2051:45":205,"s:2051:50:2051:67":963,"s:2052:21:2052:Infinity":964,"f:2052:37:2052:44":206,"s:2052:49:2052:69":965,"s:2054:24:2054:Infinity":966,"b:2054:43:2054:99:2054:99:2054:Infinity":284,"f:2054:49:2054:57":207,"s:2054:66:2054:79":967,"s:2055:24:2055:Infinity":968,"b:2055:43:2055:99:2055:99:2055:Infinity":285,"f:2055:49:2055:57":208,"s:2055:66:2055:79":969,"s:2056:23:2056:Infinity":970,"b:2056:41:2056:95:2056:95:2056:Infinity":286,"f:2056:46:2056:54":209,"s:2056:63:2056:76":971,"s:2058:26:2058:Infinity":972,"s:2059:28:2059:Infinity":973,"b:2061:8:2061:Infinity:undefined:undefined:undefined:undefined":287,"s:2061:8:2061:Infinity":974,"s:2061:32:2061:65":975,"s:2061:65:2061:86":976,"b:2062:8:2062:Infinity:undefined:undefined:undefined:undefined":288,"s:2062:8:2062:Infinity":977,"s:2062:32:2062:65":978,"s:2062:65:2062:86":979,"b:2063:8:2063:Infinity:undefined:undefined:undefined:undefined":289,"s:2063:8:2063:Infinity":980,"s:2063:32:2063:65":981,"s:2063:65:2063:86":982,"s:2065:8:2065:Infinity":983,"b:2065:37:2065:41:2065:41:2065:Infinity":290,"s:2069:30:2069:Infinity":984,"f:2069:47:2069:54":210,"s:2069:59:2069:194":985,"b:2069:59:2069:85:2069:85:2069:111:2069:111:2069:140:2069:140:2069:166:2069:166:2069:194":291,"b:2070:6:2072:Infinity:undefined:undefined:undefined:undefined":292,"s:2070:6:2072:Infinity":986,"s:2071:8:2071:Infinity":987,"f:2071:46:2071:53":211,"s:2071:58:2071:71":988,"b:2074:6:2083:Infinity:2076:13:2083:Infinity":293,"s:2074:6:2083:Infinity":989,"s:2075:8:2075:Infinity":990,"f:2075:35:2075:41":212,"s:2075:50:2075:105":991,"s:2077:33:2077:Infinity":992,"f:2077:48:2077:55":213,"s:2077:60:2077:150":993,"b:2077:60:2077:83:2077:83:2077:108:2077:108:2077:135:2077:135:2077:150":294,"b:2078:8:2082:Infinity:2079:13:2082:Infinity":295,"s:2078:8:2082:Infinity":994,"s:2078:45:2078:57":995,"s:2080:27:2080:Infinity":996,"f:2080:56:2080:60":214,"s:2080:65:2080:85":997,"b:2080:65:2080:84:2080:84:2080:85":296,"s:2081:10:2081:Infinity":998,"b:2086:4:2088:Infinity:undefined:undefined:undefined:undefined":297,"s:2086:4:2088:Infinity":999,"s:2087:6:2087:Infinity":1000,"s:2089:4:2089:Infinity":1001,"f:2092:2:2092:17":215,"s:2093:4:2099:Infinity":1002,"f:2093:28:2093:35":216,"s:2094:25:2094:Infinity":1003,"b:2094:43:2094:75:2094:75:2094:Infinity":298,"s:2095:27:2095:Infinity":1004,"b:2095:47:2095:83:2095:83:2095:Infinity":299,"s:2096:25:2096:Infinity":1005,"b:2096:43:2096:75:2096:75:2096:Infinity":300,"s:2097:25:2097:Infinity":1006,"b:2097:43:2097:75:2097:75:2097:Infinity":301,"s:2098:6:2098:Infinity":1007,"b:2098:13:2098:27:2098:27:2098:43:2098:43:2098:57:2098:57:2098:Infinity":302,"f:2099:7:2099:13":217,"s:2099:22:2099:77":1008,"f:2103:2:2103:17":218,"s:2104:4:2104:Infinity":1009,"f:2104:28:2104:34":219,"s:2104:43:2104:108":1010,"f:2107:2:2107:19":220,"s:2108:4:2108:Infinity":1011,"f:2108:23:2108:28":221,"s:2108:33:2108:54":1012,"f:2117:2:2117:26":222,"s:2118:4:2120:Infinity":1013,"f:2118:37:2118:43":223,"s:2119:6:2120:57":1014,"b:2119:15:2119:30:2119:30:2119:45:2119:45:2119:46":303,"b:2120:15:2120:30:2120:30:2120:45:2120:45:2120:46":304,"f:2123:2:2123:20":224,"s:2124:4:2124:Infinity":1015,"f:2124:32:2124:37":225,"s:2124:42:2124:53":1016,"f:2127:8:2127:26":226,"s:2128:10:2128:Infinity":1017,"s:2129:16:2129:Infinity":1018,"s:2130:36:2130:Infinity":1019,"s:2131:4:2131:Infinity":1020,"s:2132:4:2132:Infinity":1021,"s:2133:4:2133:Infinity":1022,"f:2136:8:2136:29":227,"s:2137:36:2137:Infinity":1023,"s:2138:4:2138:Infinity":1024,"s:2139:4:2139:Infinity":1025,"f:2142:8:2142:29":228,"s:2143:17:2143:Infinity":1026,"s:2144:4:2144:Infinity":1027,"s:2145:4:2145:Infinity":1028,"b:2145:54:2145:68:2145:68:2145:70":305,"f:2152:2:2152:33":229,"s:2153:4:2155:Infinity":1029,"f:2153:44:2153:50":230,"s:2154:6:2155:57":1030,"b:2154:15:2154:30:2154:30:2154:45:2154:45:2154:46":306,"b:2155:15:2155:30:2155:30:2155:45:2155:45:2155:46":307,"f:2158:2:2158:27":231,"s:2159:4:2159:Infinity":1031,"f:2159:39:2159:44":232,"s:2159:49:2159:60":1032,"f:2162:8:2162:33":233,"s:2163:10:2163:Infinity":1033,"s:2164:16:2164:Infinity":1034,"s:2165:50:2165:Infinity":1035,"s:2166:4:2166:Infinity":1036,"s:2167:4:2167:Infinity":1037,"s:2168:4:2168:Infinity":1038,"f:2171:8:2171:36":234,"s:2172:43:2172:Infinity":1039,"s:2173:4:2173:Infinity":1040,"s:2174:4:2174:Infinity":1041,"f:2177:8:2177:36":235,"s:2178:24:2178:Infinity":1042,"s:2180:21:2180:Infinity":1043,"f:2180:33:2180:40":236,"s:2180:40:2180:92":1044,"b:2180:46:2180:76:2180:76:2180:80":308,"s:2181:4:2181:Infinity":1045,"s:2182:4:2187:Infinity":1046,"s:2183:6:2186:Infinity":1047,"b:2185:35:2185:69:2185:69:2185:73":309,"f:2185:73:2185:80":237,"s:2185:85:2185:93":1048,"s:2188:4:2188:Infinity":1049,"b:2188:61:2188:82:2188:82:2188:84":310,"f:2196:2:2196:23":238,"s:2197:18:2197:Infinity":1050,"b:2198:4:2198:Infinity:undefined:undefined:undefined:undefined":311,"s:2198:4:2198:Infinity":1051,"s:2198:16:2198:Infinity":1052,"s:2199:16:2199:Infinity":1053,"b:2199:16:2199:50:2199:50:2199:Infinity":312,"s:2200:21:2202:Infinity":1054,"f:2201:7:2201:11":239,"s:2201:17:2201:67":1055,"f:2201:45:2201:50":240,"s:2201:55:2201:66":1056,"f:2202:7:2202:15":241,"s:2202:49:2202:77":1057,"b:2202:49:2202:56:2202:56:2202:77":313,"b:2203:4:2203:Infinity:undefined:undefined:undefined:undefined":314,"s:2203:4:2203:Infinity":1058,"s:2203:29:2203:Infinity":1059,"b:2205:4:2219:Infinity:undefined:undefined:undefined:undefined":315,"s:2205:4:2219:Infinity":1060,"b:2205:8:2205:34:2205:34:2205:62:2205:62:2205:84":316,"s:2206:6:2218:Infinity":1061,"b:2209:16:2209:42:2209:42:2209:Infinity":317,"b:2212:29:2212:58:2212:58:2212:Infinity":318,"b:2213:28:2213:56:2213:56:2213:Infinity":319,"b:2214:29:2214:58:2214:58:2214:Infinity":320,"s:2220:4:2220:Infinity":1062,"f:2223:2:2223:18":242,"s:2224:4:2224:Infinity":1063,"f:2224:65:2224:69":243,"s:2224:74:2224:82":1064,"f:2227:2:2227:17":244,"s:2228:4:2228:Infinity":1065,"f:2233:2:2233:24":245,"s:2234:4:2234:Infinity":1066,"b:2234:11:2234:60:2234:60:2234:Infinity":321,"f:2237:2:2237:25":246,"s:2238:17:2238:Infinity":1067,"f:2238:52:2238:57":247,"s:2238:62:2238:109":1068,"b:2238:62:2238:93:2238:93:2238:109":322,"s:2239:4:2239:Infinity":1069,"b:2239:11:2239:35:2239:35:2239:Infinity":323,"f:2239:70:2239:75":248,"s:2239:80:2239:96":1070,"f:2242:2:2242:29":249,"s:2243:4:2243:Infinity":1071,"f:2243:46:2243:51":250,"s:2243:56:2243:76":1072,"f:2251:8:2251:53":251,"b:2252:4:2252:Infinity:undefined:undefined:undefined:undefined":324,"s:2252:4:2252:Infinity":1073,"s:2252:38:2252:Infinity":1074,"s:2253:4:2253:Infinity":1075,"s:2255:10:2265:Infinity":1076,"f:2255:10:2255:23":252,"s:2258:10:2265:Infinity":1077,"b:2260:6:2260:32:2260:32:2260:Infinity":325,"b:2261:6:2261:28:2261:28:2261:Infinity":326,"b:2262:6:2262:33:2262:33:2262:Infinity":327,"b:2263:6:2263:32:2263:32:2263:Infinity":328,"b:2264:6:2264:33:2264:33:2264:Infinity":329,"s:2268:24:2268:Infinity":1078,"s:2269:4:2269:Infinity":1079,"f:2269:32:2269:40":253,"s:2269:45:2269:77":1080,"s:2271:20:2275:Infinity":1081,"f:2271:32:2271:39":254,"s:2271:39:2275:44":1082,"b:2271:39:2272:Infinity:2273:7:2273:29:2273:29:2273:53:2273:53:2273:Infinity:2273:55:2274:48:2274:37:2274:Infinity:2274:76:2275:44":330,"b:2272:7:2272:37:2272:37:2272:41":331,"b:2277:4:2277:Infinity:undefined:undefined:undefined:undefined":332,"s:2277:4:2277:Infinity":1083,"s:2277:30:2277:Infinity":1084,"s:2279:4:2313:Infinity":1085,"s:2280:6:2307:Infinity":1086,"s:2281:20:2288:Infinity":1087,"b:2282:18:2282:44:2282:44:2282:Infinity":333,"b:2285:31:2285:60:2285:60:2285:Infinity":334,"b:2286:30:2286:58:2286:58:2286:Infinity":335,"b:2287:31:2287:60:2287:60:2287:Infinity":336,"s:2289:20:2289:Infinity":1088,"s:2290:26:2290:Infinity":1089,"b:2291:8:2305:Infinity:undefined:undefined:undefined:undefined":337,"s:2291:8:2305:Infinity":1090,"s:2292:30:2292:Infinity":1091,"s:2293:10:2303:Infinity":1092,"b:2294:38:2294:56:2294:56:2294:Infinity":338,"s:2304:10:2304:Infinity":1093,"s:2306:8:2306:Infinity":1094,"s:2308:6:2308:Infinity":1095,"s:2311:6:2311:Infinity":1096,"s:2312:6:2312:Infinity":1097,"f:2318:2:2318:19":255,"s:2319:17:2319:Infinity":1098,"f:2319:28:2319:33":256,"s:2319:38:2319:53":1099,"b:2320:4:2320:Infinity:undefined:undefined:undefined:undefined":339,"s:2320:4:2320:Infinity":1100,"s:2320:15:2320:Infinity":1101,"s:2322:49:2322:Infinity":1102,"b:2324:4:2338:Infinity:undefined:undefined:undefined:undefined":340,"s:2324:4:2338:Infinity":1103,"s:2325:27:2325:Infinity":1104,"f:2325:38:2325:45":257,"s:2325:50:2325:72":1105,"b:2326:6:2337:Infinity:undefined:undefined:undefined:undefined":341,"s:2326:6:2337:Infinity":1106,"s:2327:8:2336:Infinity":1107,"b:2340:4:2362:Infinity:undefined:undefined:undefined:undefined":342,"s:2340:4:2362:Infinity":1108,"b:2340:8:2340:32:2340:32:2340:58":343,"s:2341:26:2341:Infinity":1109,"f:2341:37:2341:44":258,"s:2341:49:2341:72":1110,"s:2342:28:2342:Infinity":1111,"f:2342:48:2342:52":259,"s:2342:57:2342:61":1112,"s:2344:32:2348:Infinity":1113,"f:2344:49:2344:56":260,"s:2345:8:2347:Infinity":1114,"b:2345:8:2345:Infinity:2346:8:2346:Infinity:2347:8:2347:Infinity":344,"b:2350:6:2361:Infinity:undefined:undefined:undefined:undefined":345,"s:2350:6:2361:Infinity":1115,"s:2351:8:2360:Infinity":1116,"s:2364:4:2365:Infinity":1117,"f:2364:59:2364:66":261,"s:2364:71:2364:90":1118,"f:2365:7:2365:13":262,"s:2365:22:2365:87":1119,"f:2368:8:2368:31":263,"s:2369:25:2369:Infinity":1120,"f:2369:44:2369:49":264,"s:2369:54:2369:77":1121,"b:2370:4:2372:Infinity:undefined:undefined:undefined:undefined":346,"s:2370:4:2372:Infinity":1122,"s:2371:6:2371:Infinity":1123,"f:2375:8:2375:35":265,"s:2376:19:2376:Infinity":1124,"f:2376:38:2376:45":266,"s:2376:50:2376:82":1125,"b:2376:50:2376:73:2376:73:2376:82":347,"s:2377:4:2379:Infinity":1126,"s:2378:6:2378:Infinity":1127,"f:2384:8:2384:24":267,"s:2385:10:2385:Infinity":1128,"s:2386:42:2391:Infinity":1129,"s:2392:4:2392:Infinity":1130,"f:2392:15:2392:31":268,"s:2392:31:2392:81":1131,"f:2400:2:2400:10":269,"s:2401:16:2401:Infinity":1132,"s:2402:18:2402:Infinity":1133,"s:2404:7:2406:Infinity":1134,"b:2404:7:2404:14:2404:14:2404:Infinity:2405:7:2405:16:2405:16:2405:Infinity:2406:6:2406:Infinity":348,"b:2407:4:2407:Infinity:undefined:undefined:undefined:undefined":349,"s:2407:4:2407:Infinity":1135,"s:2407:17:2407:Infinity":1136,"b:2408:4:2408:Infinity:undefined:undefined:undefined:undefined":350,"s:2408:4:2408:Infinity":1137,"s:2408:15:2408:Infinity":1138,"s:2409:4:2409:Infinity":1139,"f:2412:15:2412:Infinity":270,"s:2417:10:2417:Infinity":1140,"s:2419:32:2425:Infinity":1141,"b:2426:4:2426:Infinity:undefined:undefined:undefined:undefined":351,"s:2426:4:2426:Infinity":1142,"s:2426:39:2426:Infinity":1143,"b:2427:4:2427:Infinity:undefined:undefined:undefined:undefined":352,"s:2427:4:2427:Infinity":1144,"s:2427:41:2427:Infinity":1145,"b:2428:4:2428:Infinity:undefined:undefined:undefined:undefined":353,"s:2428:4:2428:Infinity":1146,"s:2428:39:2428:Infinity":1147,"b:2429:4:2429:Infinity:undefined:undefined:undefined:undefined":354,"s:2429:4:2429:Infinity":1148,"s:2429:38:2429:Infinity":1149,"s:2430:4:2430:Infinity":1150,"f:2433:8:2433:22":271,"s:2434:10:2434:Infinity":1151,"s:2435:38:2439:Infinity":1152,"s:2440:4:2440:Infinity":1153,"s:2443:4:2449:Infinity":1154,"s:2451:20:2451:Infinity":1155,"b:2451:20:2451:81:2451:81:2451:Infinity":355,"f:2451:31:2451:36":272,"s:2451:41:2451:70":1156,"s:2452:22:2454:Infinity":1157,"b:2453:8:2453:Infinity:2454:9:2454:Infinity":356,"b:2454:9:2454:69:2454:69:2454:Infinity":357,"f:2454:21:2454:26":273,"s:2454:31:2454:58":1158,"s:2455:4:2459:Infinity":1159,"b:2461:4:2469:Infinity:undefined:undefined:undefined:undefined":358,"s:2461:4:2469:Infinity":1160,"s:2462:6:2468:Infinity":1161,"f:2472:8:2472:25":274,"s:2473:18:2473:Infinity":1162,"f:2473:35:2473:40":275,"s:2473:45:2473:67":1163,"s:2474:4:2474:Infinity":1164,"s:2475:20:2475:Infinity":1165,"b:2475:20:2475:81:2475:81:2475:Infinity":359,"f:2475:31:2475:36":276,"s:2475:41:2475:70":1166,"s:2476:4:2481:Infinity":1167,"b:2479:22:2479:47:2479:47:2479:Infinity":360,"f:2484:8:2484:17":277,"b:2485:4:2487:Infinity:undefined:undefined:undefined:undefined":361,"s:2485:4:2487:Infinity":1168,"s:2486:8:2486:Infinity":1169,"s:2488:4:2488:Infinity":1170,"s:2489:4:2489:Infinity":1171,"f:2492:2:2492:9":278,"s:2493:10:2493:Infinity":1172,"b:2493:23:2493:41:2493:41:2493:48":362,"s:2494:22:2494:Infinity":1173,"b:2494:42:2494:113:2494:108:2494:Infinity":363,"b:2494:113:2494:127:2494:127:2494:134":364,"s:2497:26:2497:Infinity":1174,"f:2497:38:2497:45":279,"s:2497:50:2497:97":1175,"s:2498:10:2498:Infinity":1176,"s:2500:4:2500:Infinity":1177,"f:2503:8:2503:22":280,"b:2504:4:2506:Infinity:undefined:undefined:undefined:undefined":365,"s:2504:4:2506:Infinity":1178,"s:2505:8:2505:Infinity":1179,"s:2507:4:2507:Infinity":1180,"s:2508:4:2508:Infinity":1181,"f:2511:2:2511:9":281,"s:2512:17:2512:Infinity":1182,"f:2512:34:2512:39":282,"s:2512:44:2512:69":1183,"s:2513:10:2513:Infinity":1184,"b:2513:24:2513:38:2513:38:2513:45":366,"s:2516:26:2521:Infinity":1185,"f:2518:9:2518:13":283,"s:2518:21:2518:28":1186,"s:2523:4:2523:Infinity":1187,"f:2526:8:2526:16":284,"s:2527:4:2527:Infinity":1188,"s:2528:4:2528:Infinity":1189,"s:2529:4:2529:Infinity":1190,"f:2532:8:2532:22":285,"b:2533:4:2536:Infinity:undefined:undefined:undefined:undefined":367,"s:2533:4:2536:Infinity":1191,"s:2534:19:2534:Infinity":1192,"f:2534:44:2534:48":286,"s:2534:53:2534:59":1193,"s:2535:6:2535:Infinity":1194,"s:2537:4:2537:Infinity":1195,"s:2538:4:2538:Infinity":1196,"f:2545:2:2545:9":287,"b:2545:70:2545:89":368,"s:2546:20:2546:Infinity":1197,"s:2547:26:2547:Infinity":1198,"s:2548:17:2548:Infinity":1199,"s:2551:15:2551:Infinity":1200,"b:2551:15:2551:26:2551:26:2551:Infinity":369,"b:2552:4:2568:Infinity:2559:11:2568:Infinity":370,"s:2552:4:2568:Infinity":1201,"b:2552:8:2552:28:2552:28:2552:45":371,"s:2554:17:2554:Infinity":1202,"s:2555:6:2557:Infinity":1203,"b:2556:8:2556:Infinity:undefined:undefined:undefined:undefined":372,"s:2556:8:2556:Infinity":1204,"s:2556:32:2556:59":1205,"s:2556:59:2556:66":1206,"s:2558:6:2558:Infinity":1207,"s:2561:12:2564:Infinity":1208,"b:2561:21:2561:34:2561:34:2561:Infinity":373,"f:2564:9:2564:16":288,"s:2564:21:2564:52":1209,"b:2564:21:2564:26:2564:26:2564:52":374,"b:2565:6:2567:Infinity:2566:11:2567:Infinity":375,"s:2565:6:2567:Infinity":1210,"s:2565:30:2565:Infinity":1211,"b:2566:11:2567:Infinity:2567:11:2567:Infinity":376,"s:2566:11:2567:Infinity":1212,"s:2566:35:2566:Infinity":1213,"s:2567:11:2567:Infinity":1214,"f:2567:24:2567:28":289,"s:2567:33:2567:37":1215,"s:2571:15:2571:Infinity":1216,"s:2572:12:2572:Infinity":1217,"s:2573:4:2573:Infinity":1218,"s:2573:27:2573:Infinity":1219,"s:2574:4:2574:Infinity":1220,"f:2577:8:2577:19":290,"s:2578:10:2578:Infinity":1221,"s:2579:23:2579:Infinity":1222,"s:2580:4:2580:Infinity":1223,"s:2581:4:2581:Infinity":1224,"s:2582:4:2582:Infinity":1225,"f:2585:8:2585:22":291,"s:2586:4:2586:Infinity":1226,"s:2587:4:2587:Infinity":1227,"f:2591:8:2591:25":292,"s:2592:4:2592:Infinity":1228,"s:2593:4:2593:Infinity":1229,"f:2596:8:2596:19":293,"s:2597:4:2597:Infinity":1230,"s:2598:4:2598:Infinity":1231,"s:2599:4:2599:Infinity":1232,"f:2602:8:2602:25":294,"s:2603:4:2603:Infinity":1233,"s:2604:4:2604:Infinity":1234,"f:2607:8:2607:20":295,"s:2608:4:2608:Infinity":1235,"s:2609:4:2609:Infinity":1236,"f:2612:8:2612:21":296,"s:2613:18:2613:Infinity":1237,"f:2613:30:2613:35":297,"s:2613:40:2613:51":1238,"b:2614:4:2617:Infinity:undefined:undefined:undefined:undefined":377,"s:2614:4:2617:Infinity":1239,"s:2615:6:2615:Infinity":1240,"s:2616:6:2616:Infinity":1241,"f:2622:8:2622:19":298,"s:2623:17:2623:Infinity":1242,"f:2623:28:2623:33":299,"s:2623:38:2623:49":1243,"b:2624:4:2624:Infinity:undefined:undefined:undefined:undefined":378,"s:2624:4:2624:Infinity":1244,"s:2624:15:2624:Infinity":1245,"s:2628:10:2628:Infinity":1246,"s:2629:22:2629:Infinity":1247,"s:2630:4:2630:Infinity":1248,"s:2632:25:2632:Infinity":1249,"f:2632:36:2632:43":300,"s:2632:48:2632:83":1250,"b:2632:48:2632:70:2632:70:2632:83":379,"s:2633:4:2636:Infinity":1251,"s:2634:23:2634:Infinity":1252,"s:2635:6:2635:Infinity":1253,"b:2635:60:2635:78:2635:78:2635:83":380,"s:2638:4:2643:Infinity":1254,"s:2639:6:2639:Infinity":1255,"s:2641:6:2641:Infinity":1256,"s:2642:6:2642:Infinity":1257,"s:2644:4:2644:Infinity":1258,"f:2647:8:2647:25":301,"s:2648:16:2648:Infinity":1259,"f:2648:26:2648:31":302,"s:2648:36:2648:47":1260,"b:2649:4:2653:Infinity:undefined:undefined:undefined:undefined":381,"s:2649:4:2653:Infinity":1261,"s:2651:6:2651:Infinity":1262,"s:2652:6:2652:Infinity":1263,"f:2656:8:2656:20":303,"s:2657:18:2657:Infinity":1264,"f:2657:30:2657:35":304,"s:2657:40:2657:51":1265,"b:2658:4:2658:Infinity:undefined:undefined:undefined:undefined":382,"s:2658:4:2658:Infinity":1266,"s:2658:16:2658:Infinity":1267,"s:2660:4:2660:Infinity":1268,"s:2663:26:2663:Infinity":1269,"f:2663:47:2663:54":305,"s:2663:59:2663:82":1270,"s:2664:4:2671:Infinity":1271,"s:2665:30:2665:Infinity":1272,"f:2665:44:2665:51":306,"s:2665:58:2665:68":1273,"b:2666:6:2670:Infinity:2668:13:2670:Infinity":383,"s:2666:6:2670:Infinity":1274,"s:2667:8:2667:Infinity":1275,"s:2669:8:2669:Infinity":1276,"s:2673:4:2673:Infinity":1277,"f:2676:8:2676:25":307,"s:2677:17:2677:Infinity":1278,"f:2677:34:2677:39":308,"s:2677:44:2677:55":1279,"b:2678:4:2681:Infinity:undefined:undefined:undefined:undefined":384,"s:2678:4:2681:Infinity":1280,"s:2679:8:2679:Infinity":1281,"s:2680:8:2680:Infinity":1282,"f:2684:8:2684:22":309,"s:2685:20:2685:Infinity":1283,"b:2686:4:2689:Infinity:undefined:undefined:undefined:undefined":385,"s:2686:4:2689:Infinity":1284,"s:2687:6:2687:Infinity":1285,"s:2688:6:2688:Infinity":1286,"f:2693:2:2693:23":310,"s:2694:31:2696:Infinity":1287,"b:2695:9:2695:Infinity:2696:9:2696:Infinity":386,"b:2694:31:2694:61:2694:61:2694:Infinity":387,"b:2695:9:2695:28:2695:28:2695:Infinity":388,"b:2696:35:2696:67:2696:67:2696:Infinity":389,"b:2696:35:2696:54:2696:54:2696:67":390,"s:2699:25:2699:Infinity":1288,"s:2700:28:2700:Infinity":1289,"f:2700:41:2700:46":311,"s:2700:51:2700:77":1290,"s:2701:27:2701:Infinity":1291,"b:2701:45:2701:65:2701:65:2701:Infinity":391,"s:2703:28:2715:Infinity":1292,"f:2704:7:2704:14":312,"s:2704:19:2704:49":1293,"f:2705:7:2705:11":313,"s:2705:17:2715:8":1294,"s:2717:26:2729:Infinity":1295,"f:2718:7:2718:14":314,"s:2718:19:2718:102":1296,"b:2718:19:2718:51:2718:51:2718:78:2718:78:2718:102":392,"f:2719:7:2719:11":315,"s:2719:17:2729:8":1297,"b:2721:14:2721:30:2721:30:2721:Infinity":393,"b:2723:17:2723:33:2723:33:2723:Infinity":394,"b:2725:15:2725:34:2725:34:2725:Infinity":395,"b:2726:17:2726:38:2726:38:2726:Infinity":396,"s:2731:4:2733:Infinity":1298,"f:2731:50:2731:56":316,"s:2732:6:2732:Infinity":1299,"f:2746:8:2746:Infinity":317,"b:2748:23:2748:Infinity":397,"b:2750:25:2750:Infinity":398,"s:2752:24:2754:Infinity":1300,"b:2753:8:2753:Infinity:2754:8:2754:Infinity":399,"s:2756:17:2756:Infinity":1301,"s:2757:20:2757:Infinity":1302,"s:2758:17:2758:Infinity":1303,"b:2758:27:2758:58:2758:58:2758:Infinity":400,"s:2759:18:2759:Infinity":1304,"f:2759:23:2759:27":318,"s:2759:33:2759:64":1305,"s:2760:23:2760:Infinity":1306,"b:2760:41:2760:65:2760:65:2760:Infinity":401,"s:2761:4:2761:Infinity":1307,"s:2765:27:2765:Infinity":1308}}}
}
